INFO: [HLS 200-10] Running '/opt/xilinx/vivado/2018.2/Vivado/2018.2/bin/unwrapped/lnx64.o/vivado_hls'
INFO: [HLS 200-10] For user 'floupias001' on host 'heliamphoria.pedago.ipb.fr' (Linux_x86_64 version 3.10.0-957.21.3.el7.x86_64) on Fri Dec 13 11:39:08 CET 2019
INFO: [HLS 200-10] On os "CentOS Linux release 7.6.1810 (Core) "
INFO: [HLS 200-10] In directory '/net/e/floupias001/FRACTALE/fractale/Fractale-It'
INFO: [HLS 200-10] Opening project '/net/e/floupias001/FRACTALE/fractale/Fractale-It/fractale_hls'.
INFO: [HLS 200-10] Adding design file 'fractale_hls/src/main.cpp' to the project
INFO: [HLS 200-10] Adding design file 'fractale_hls/src/image.h' to the project
INFO: [HLS 200-10] Adding design file 'fractale_hls/src/image.cpp' to the project
INFO: [HLS 200-10] Adding design file 'fractale_hls/src/convergence.h' to the project
INFO: [HLS 200-10] Adding design file 'fractale_hls/src/convergence.cpp' to the project
INFO: [HLS 200-10] Opening solution '/net/e/floupias001/FRACTALE/fractale/Fractale-It/fractale_hls/solution1'.
INFO: [SYN 201-201] Setting up clock 'default' with a period of 10ns.
INFO: [HLS 200-10] Setting target device to 'xc7a100tcsg324-1'
INFO: [HLS 200-10] Analyzing design file 'fractale_hls/src/convergence.cpp' ... 
INFO: [HLS 200-10] Analyzing design file 'fractale_hls/src/image.cpp' ... 
INFO: [HLS 200-10] Analyzing design file 'fractale_hls/src/main.cpp' ... 
INFO: [HLS 200-111] Finished Linking Time (s): cpu = 00:03:16 ; elapsed = 00:02:03 . Memory (MB): peak = 472.195 ; gain = 6.320 ; free physical = 738 ; free virtual = 21905
INFO: [HLS 200-10] Validating synthesis directives ...
INFO: [HLS 200-111] Finished Checking Pragmas Time (s): cpu = 00:03:16 ; elapsed = 00:02:03 . Memory (MB): peak = 472.195 ; gain = 6.320 ; free physical = 738 ; free virtual = 21905
INFO: [HLS 200-10] Starting code transformations ...
INFO: [HLS 200-111] Finished Standard Transforms Time (s): cpu = 00:03:17 ; elapsed = 00:02:04 . Memory (MB): peak = 600.855 ; gain = 134.980 ; free physical = 713 ; free virtual = 21883
INFO: [HLS 200-10] Checking synthesizability ...
INFO: [HLS 200-111] Finished Checking Synthesizability Time (s): cpu = 00:03:17 ; elapsed = 00:02:05 . Memory (MB): peak = 600.855 ; gain = 134.980 ; free physical = 695 ; free virtual = 21867
INFO: [XFORM 203-501] Unrolling loop with tag "__ssdm_reset__"(fractale_hls/src/convergence.cpp:12) in function 'convergence::do_convergence' completely.
INFO: [XFORM 203-501] Unrolling loop with tag "__ssdm_reset__"(fractale_hls/src/convergence.cpp:21) in function 'convergence::do_convergence' completely.
INFO: [HLS 200-111] Finished Pre-synthesis Time (s): cpu = 00:03:21 ; elapsed = 00:02:09 . Memory (MB): peak = 664.020 ; gain = 198.145 ; free physical = 614 ; free virtual = 21785
