#
# An unexpected error has occurred (11)
#
Stack:
/lib64/libc.so.6(+0x36280) [0x7f7902953280]
/opt/xilinx/vivado/2018.2/Vivado/2018.2/lib/lnx64.o/libhls_hwsyn.so(ssdm::ScModule::getSubModuleFormalPort(ssdm::Port*)+0x12) [0x7f78e9cf8022]
/opt/xilinx/vivado/2018.2/Vivado/2018.2/lib/lnx64.o/libhls_hwsyn.so(ssdm::ScModule::propagateSubModulePortProperties()+0x5d4) [0x7f78e9d07794]
/opt/xilinx/vivado/2018.2/Vivado/2018.2/lib/lnx64.o/libhls_hwsyn.so(ssdm::ScModule::elaborate()+0x4bb) [0x7f78e9d0d8db]
/opt/xilinx/vivado/2018.2/Vivado/2018.2/lib/lnx64.o/libhls_hwsyn.so(ssdm::ScAnalyzer::analyze(std::__cxx11::basic_string<char, std::char_traits<char>, std::allocator<char> > const&)+0x243) [0x7f78e9d0dfa3]
/opt/xilinx/vivado/2018.2/Vivado/2018.2/lib/lnx64.o/libhls_hwsyn.so(+0xc96472) [0x7f78e9d14472]
/opt/xilinx/vivado/2018.2/Vivado/2018.2/lib/lnx64.o/libhls_support.so(xpcl::TclCommand::callback(int, Tcl_Obj* const*)+0x4dd) [0x7f78ebaf369d]
/opt/xilinx/vivado/2018.2/Vivado/2018.2/lib/lnx64.o/libhls_support.so(+0x5505b) [0x7f78ebaf405b]
/opt/xilinx/vivado/2018.2/Vivado/2018.2/lib/lnx64.o/libtcl8.5.so(+0x334af) [0x7f78fe29e4af]
/opt/xilinx/vivado/2018.2/Vivado/2018.2/lib/lnx64.o/libtcl8.5.so(+0x76875) [0x7f78fe2e1875]
/opt/xilinx/vivado/2018.2/Vivado/2018.2/lib/lnx64.o/libtcl8.5.so(+0x7e029) [0x7f78fe2e9029]
/opt/xilinx/vivado/2018.2/Vivado/2018.2/lib/lnx64.o/libtcl8.5.so(TclEvalObjEx+0x76) [0x7f78fe2a0156]
/opt/xilinx/vivado/2018.2/Vivado/2018.2/lib/lnx64.o/librdi_commontasks.so(+0x1b2617) [0x7f78ee5f6617]
/opt/xilinx/vivado/2018.2/Vivado/2018.2/lib/lnx64.o/libtcl8.5.so(+0x334af) [0x7f78fe29e4af]
/opt/xilinx/vivado/2018.2/Vivado/2018.2/lib/lnx64.o/libtcl8.5.so(+0x76875) [0x7f78fe2e1875]
/opt/xilinx/vivado/2018.2/Vivado/2018.2/lib/lnx64.o/libtcl8.5.so(TclObjInterpProcCore+0x420) [0x7f78fe322df0]
/opt/xilinx/vivado/2018.2/Vivado/2018.2/lib/lnx64.o/libtcl8.5.so(+0x334af) [0x7f78fe29e4af]
/opt/xilinx/vivado/2018.2/Vivado/2018.2/lib/lnx64.o/libtcl8.5.so(+0x76875) [0x7f78fe2e1875]
/opt/xilinx/vivado/2018.2/Vivado/2018.2/lib/lnx64.o/libtcl8.5.so(TclObjInterpProcCore+0x420) [0x7f78fe322df0]
/opt/xilinx/vivado/2018.2/Vivado/2018.2/lib/lnx64.o/libtcl8.5.so(+0x334af) [0x7f78fe29e4af]
/opt/xilinx/vivado/2018.2/Vivado/2018.2/lib/lnx64.o/libtcl8.5.so(+0x76875) [0x7f78fe2e1875]
/opt/xilinx/vivado/2018.2/Vivado/2018.2/lib/lnx64.o/libtcl8.5.so(TclObjInterpProcCore+0x420) [0x7f78fe322df0]
/opt/xilinx/vivado/2018.2/Vivado/2018.2/lib/lnx64.o/libtcl8.5.so(+0x334af) [0x7f78fe29e4af]
/opt/xilinx/vivado/2018.2/Vivado/2018.2/lib/lnx64.o/libtcl8.5.so(+0x76875) [0x7f78fe2e1875]
/opt/xilinx/vivado/2018.2/Vivado/2018.2/lib/lnx64.o/libtcl8.5.so(+0x7e029) [0x7f78fe2e9029]
/opt/xilinx/vivado/2018.2/Vivado/2018.2/lib/lnx64.o/libtcl8.5.so(TclEvalObjEx+0x76) [0x7f78fe2a0156]
/opt/xilinx/vivado/2018.2/Vivado/2018.2/lib/lnx64.o/librdi_commontasks.so(+0x1b2617) [0x7f78ee5f6617]
/opt/xilinx/vivado/2018.2/Vivado/2018.2/lib/lnx64.o/libtcl8.5.so(+0x334af) [0x7f78fe29e4af]
/opt/xilinx/vivado/2018.2/Vivado/2018.2/lib/lnx64.o/libtcl8.5.so(+0x76875) [0x7f78fe2e1875]
/opt/xilinx/vivado/2018.2/Vivado/2018.2/lib/lnx64.o/libtcl8.5.so(Tcl_ExprObj+0xf8) [0x7f78fe2e8c08]
/opt/xilinx/vivado/2018.2/Vivado/2018.2/lib/lnx64.o/libtcl8.5.so(Tcl_ExprBooleanObj+0x16) [0x7f78fe29ee96]
/opt/xilinx/vivado/2018.2/Vivado/2018.2/lib/lnx64.o/libtcl8.5.so(+0x3e6de) [0x7f78fe2a96de]
/opt/xilinx/vivado/2018.2/Vivado/2018.2/lib/lnx64.o/libtcl8.5.so(+0x334af) [0x7f78fe29e4af]
/opt/xilinx/vivado/2018.2/Vivado/2018.2/lib/lnx64.o/libtcl8.5.so(+0x34b38) [0x7f78fe29fb38]
/opt/xilinx/vivado/2018.2/Vivado/2018.2/lib/lnx64.o/libtcl8.5.so(Tcl_EvalEx+0x13) [0x7f78fe2a00a3]
/opt/xilinx/vivado/2018.2/Vivado/2018.2/lib/lnx64.o/libtcl8.5.so(Tcl_Eval+0x15) [0x7f78fe2a00c5]
/opt/xilinx/vivado/2018.2/Vivado/2018.2/lib/lnx64.o/libhls_main.so(+0x9bec2) [0x7f78ebdbeec2]
/opt/xilinx/vivado/2018.2/Vivado/2018.2/lib/lnx64.o/libhls_support.so(xpcl::TclCommand::callback(int, Tcl_Obj* const*)+0x4dd) [0x7f78ebaf369d]
/opt/xilinx/vivado/2018.2/Vivado/2018.2/lib/lnx64.o/libhls_support.so(+0x5505b) [0x7f78ebaf405b]
/opt/xilinx/vivado/2018.2/Vivado/2018.2/lib/lnx64.o/libtcl8.5.so(+0x334af) [0x7f78fe29e4af]
/opt/xilinx/vivado/2018.2/Vivado/2018.2/lib/lnx64.o/libtcl8.5.so(+0x76875) [0x7f78fe2e1875]
/opt/xilinx/vivado/2018.2/Vivado/2018.2/lib/lnx64.o/libtcl8.5.so(TclObjInterpProcCore+0x420) [0x7f78fe322df0]
/opt/xilinx/vivado/2018.2/Vivado/2018.2/lib/lnx64.o/libtcl8.5.so(+0x334af) [0x7f78fe29e4af]
/opt/xilinx/vivado/2018.2/Vivado/2018.2/lib/lnx64.o/libtcl8.5.so(+0x76875) [0x7f78fe2e1875]
/opt/xilinx/vivado/2018.2/Vivado/2018.2/lib/lnx64.o/libtcl8.5.so(+0x7e029) [0x7f78fe2e9029]
/opt/xilinx/vivado/2018.2/Vivado/2018.2/lib/lnx64.o/libtcl8.5.so(TclEvalObjEx+0x76) [0x7f78fe2a0156]
/opt/xilinx/vivado/2018.2/Vivado/2018.2/lib/lnx64.o/librdi_commontasks.so(+0x1b2617) [0x7f78ee5f6617]
/opt/xilinx/vivado/2018.2/Vivado/2018.2/lib/lnx64.o/libtcl8.5.so(+0x334af) [0x7f78fe29e4af]
/opt/xilinx/vivado/2018.2/Vivado/2018.2/lib/lnx64.o/libtcl8.5.so(+0x76875) [0x7f78fe2e1875]
/opt/xilinx/vivado/2018.2/Vivado/2018.2/lib/lnx64.o/libtcl8.5.so(Tcl_ExprObj+0xf8) [0x7f78fe2e8c08]
/opt/xilinx/vivado/2018.2/Vivado/2018.2/lib/lnx64.o/libtcl8.5.so(Tcl_ExprBooleanObj+0x16) [0x7f78fe29ee96]
/opt/xilinx/vivado/2018.2/Vivado/2018.2/lib/lnx64.o/libtcl8.5.so(+0x3e6de) [0x7f78fe2a96de]
/opt/xilinx/vivado/2018.2/Vivado/2018.2/lib/lnx64.o/libtcl8.5.so(+0x334af) [0x7f78fe29e4af]
/opt/xilinx/vivado/2018.2/Vivado/2018.2/lib/lnx64.o/libtcl8.5.so(+0x34b38) [0x7f78fe29fb38]
/opt/xilinx/vivado/2018.2/Vivado/2018.2/lib/lnx64.o/libtcl8.5.so(Tcl_EvalEx+0x13) [0x7f78fe2a00a3]
/opt/xilinx/vivado/2018.2/Vivado/2018.2/lib/lnx64.o/libtcl8.5.so(Tcl_Eval+0x15) [0x7f78fe2a00c5]
/opt/xilinx/vivado/2018.2/Vivado/2018.2/lib/lnx64.o/libhls_main.so(+0x9bec2) [0x7f78ebdbeec2]
/opt/xilinx/vivado/2018.2/Vivado/2018.2/lib/lnx64.o/libhls_support.so(xpcl::TclCommand::callback(int, Tcl_Obj* const*)+0x4dd) [0x7f78ebaf369d]
/opt/xilinx/vivado/2018.2/Vivado/2018.2/lib/lnx64.o/libhls_support.so(+0x5505b) [0x7f78ebaf405b]
/opt/xilinx/vivado/2018.2/Vivado/2018.2/lib/lnx64.o/libtcl8.5.so(+0x334af) [0x7f78fe29e4af]
/opt/xilinx/vivado/2018.2/Vivado/2018.2/lib/lnx64.o/libtcl8.5.so(+0x34b38) [0x7f78fe29fb38]
/opt/xilinx/vivado/2018.2/Vivado/2018.2/lib/lnx64.o/libtcl8.5.so(Tcl_EvalEx+0x13) [0x7f78fe2a00a3]
/opt/xilinx/vivado/2018.2/Vivado/2018.2/lib/lnx64.o/libtcl8.5.so(Tcl_FSEvalFileEx+0x1da) [0x7f78fe304c5a]
/opt/xilinx/vivado/2018.2/Vivado/2018.2/lib/lnx64.o/libhls_main.so(ApSourceTclFile(std::__cxx11::basic_string<char, std::char_traits<char>, std::allocator<char> > const&, char const*)+0x77) [0x7f78ebdb4437]
/opt/xilinx/vivado/2018.2/Vivado/2018.2/lib/lnx64.o/libhls_main.so(+0x96339) [0x7f78ebdb9339]
/opt/xilinx/vivado/2018.2/Vivado/2018.2/lib/lnx64.o/libhls_support.so(xpcl::TclCommand::callback(int, Tcl_Obj* const*)+0x4dd) [0x7f78ebaf369d]
/opt/xilinx/vivado/2018.2/Vivado/2018.2/lib/lnx64.o/libhls_support.so(+0x5505b) [0x7f78ebaf405b]
/opt/xilinx/vivado/2018.2/Vivado/2018.2/lib/lnx64.o/libtcl8.5.so(+0x334af) [0x7f78fe29e4af]
/opt/xilinx/vivado/2018.2/Vivado/2018.2/lib/lnx64.o/libtcl8.5.so(Tcl_EvalObjv+0x32) [0x7f78fe29e5e2]
/opt/xilinx/vivado/2018.2/Vivado/2018.2/lib/lnx64.o/libtcl8.5.so(TclEvalObjEx+0x322) [0x7f78fe2a0402]
/opt/xilinx/vivado/2018.2/Vivado/2018.2/lib/lnx64.o/librdi_hlstasks.so(+0xb65a) [0x7f78ec1d465a]
/opt/xilinx/vivado/2018.2/Vivado/2018.2/lib/lnx64.o/librdi_common.so(+0x78e792) [0x7f7903c19792]
/opt/xilinx/vivado/2018.2/Vivado/2018.2/lib/lnx64.o/libtcl8.5.so(+0x334af) [0x7f78fe29e4af]
/opt/xilinx/vivado/2018.2/Vivado/2018.2/lib/lnx64.o/libtcl8.5.so(+0x34b38) [0x7f78fe29fb38]
/opt/xilinx/vivado/2018.2/Vivado/2018.2/lib/lnx64.o/libtcl8.5.so(Tcl_EvalEx+0x13) [0x7f78fe2a00a3]
/opt/xilinx/vivado/2018.2/Vivado/2018.2/lib/lnx64.o/libtcl8.5.so(TclEvalObjEx+0x3cf) [0x7f78fe2a04af]
/opt/xilinx/vivado/2018.2/Vivado/2018.2/lib/lnx64.o/libtcl8.5.so(+0xb74a9) [0x7f78fe3224a9]
/opt/xilinx/vivado/2018.2/Vivado/2018.2/lib/lnx64.o/libtcl8.5.so(+0x334af) [0x7f78fe29e4af]
/opt/xilinx/vivado/2018.2/Vivado/2018.2/lib/lnx64.o/libtcl8.5.so(+0x76875) [0x7f78fe2e1875]
/opt/xilinx/vivado/2018.2/Vivado/2018.2/lib/lnx64.o/libtcl8.5.so(TclObjInterpProcCore+0x420) [0x7f78fe322df0]
/opt/xilinx/vivado/2018.2/Vivado/2018.2/lib/lnx64.o/libtcl8.5.so(+0x334af) [0x7f78fe29e4af]
/opt/xilinx/vivado/2018.2/Vivado/2018.2/lib/lnx64.o/libtcl8.5.so(+0x76875) [0x7f78fe2e1875]
/opt/xilinx/vivado/2018.2/Vivado/2018.2/lib/lnx64.o/libtcl8.5.so(+0x7e029) [0x7f78fe2e9029]
/opt/xilinx/vivado/2018.2/Vivado/2018.2/lib/lnx64.o/libtcl8.5.so(TclEvalObjEx+0x76) [0x7f78fe2a0156]
/opt/xilinx/vivado/2018.2/Vivado/2018.2/lib/lnx64.o/librdi_commontasks.so(+0x1b26b4) [0x7f78ee5f66b4]
/opt/xilinx/vivado/2018.2/Vivado/2018.2/lib/lnx64.o/libtcl8.5.so(+0x334af) [0x7f78fe29e4af]
/opt/xilinx/vivado/2018.2/Vivado/2018.2/lib/lnx64.o/libtcl8.5.so(+0x34b38) [0x7f78fe29fb38]
/opt/xilinx/vivado/2018.2/Vivado/2018.2/lib/lnx64.o/libtcl8.5.so(+0xad486) [0x7f78fe318486]
/opt/xilinx/vivado/2018.2/Vivado/2018.2/lib/lnx64.o/libtcl8.5.so(+0x346c5) [0x7f78fe29f6c5]
/opt/xilinx/vivado/2018.2/Vivado/2018.2/lib/lnx64.o/libtcl8.5.so(Tcl_EvalEx+0x13) [0x7f78fe2a00a3]
/opt/xilinx/vivado/2018.2/Vivado/2018.2/lib/lnx64.o/libtcl8.5.so(Tcl_FSEvalFileEx+0x1da) [0x7f78fe304c5a]
/opt/xilinx/vivado/2018.2/Vivado/2018.2/lib/lnx64.o/librdi_commontasks.so(+0x1cf84d) [0x7f78ee61384d]
/opt/xilinx/vivado/2018.2/Vivado/2018.2/lib/lnx64.o/librdi_common.so(+0x78e792) [0x7f7903c19792]
/opt/xilinx/vivado/2018.2/Vivado/2018.2/lib/lnx64.o/libtcl8.5.so(+0x334af) [0x7f78fe29e4af]
/opt/xilinx/vivado/2018.2/Vivado/2018.2/lib/lnx64.o/libtcl8.5.so(Tcl_EvalObjv+0x32) [0x7f78fe29e5e2]
/opt/xilinx/vivado/2018.2/Vivado/2018.2/lib/lnx64.o/libtcl8.5.so(TclEvalObjEx+0x322) [0x7f78fe2a0402]
/opt/xilinx/vivado/2018.2/Vivado/2018.2/lib/lnx64.o/librdi_commontasks.so(+0x200e8f) [0x7f78ee644e8f]
/opt/xilinx/vivado/2018.2/Vivado/2018.2/lib/lnx64.o/librdi_commontasks.so(+0x20255e) [0x7f78ee64655e]
/opt/xilinx/vivado/2018.2/Vivado/2018.2/lib/lnx64.o/librdi_common.so(+0x78e792) [0x7f7903c19792]
/opt/xilinx/vivado/2018.2/Vivado/2018.2/lib/lnx64.o/libtcl8.5.so(+0x334af) [0x7f78fe29e4af]
/opt/xilinx/vivado/2018.2/Vivado/2018.2/lib/lnx64.o/libtcl8.5.so(Tcl_EvalObjv+0x32) [0x7f78fe29e5e2]
/opt/xilinx/vivado/2018.2/Vivado/2018.2/lib/lnx64.o/libtcl8.5.so(TclEvalObjEx+0x322) [0x7f78fe2a0402]
/opt/xilinx/vivado/2018.2/Vivado/2018.2/lib/lnx64.o/librdi_commonmain.so(+0x7414) [0x7f7903287414]
/opt/xilinx/vivado/2018.2/Vivado/2018.2/lib/lnx64.o/libtcl8.5.so(Tcl_Main+0x1d0) [0x7f78fe30b210]
/opt/xilinx/vivado/2018.2/Vivado/2018.2/lib/lnx64.o/librdi_common.so(+0x7d175b) [0x7f7903c5c75b]
/lib64/libpthread.so.0(+0x7dd5) [0x7f78fc2c8dd5]
/lib64/libc.so.6(clone+0x6d) [0x7f7902a1aead]
