

================================================================
== Vivado HLS Report for 'dimage'
================================================================
* Date:           Fri Nov 29 11:19:48 2019

* Version:        2018.2 (Build 2258646 on Thu Jun 14 20:25:20 MDT 2018)
* Project:        fractale_hls
* Solution:       solution1
* Product family: artix7
* Target device:  xc7a100tcsg324-1


================================================================
== Performance Estimates
================================================================
+ Timing (ns): 
    * Summary: 
    +--------+-------+----------+------------+
    |  Clock | Target| Estimated| Uncertainty|
    +--------+-------+----------+------------+
    |ap_clk  |  10.00|     7.165|        1.25|
    +--------+-------+----------+------------+

+ Latency (clock cycles): 
    * Summary: 
    +-----+-----+-----+-----+---------+
    |  Latency  |  Interval | Pipeline|
    | min | max | min | max |   Type  |
    +-----+-----+-----+-----+---------+
    |    1|    2|    1|    2|   none  |
    +-----+-----+-----+-----+---------+

    + Detail: 
        * Instance: 
        +---------------------------+-----------------+-----+-----+-----+-----+---------+
        |                           |                 |  Latency  |  Interval | Pipeline|
        |          Instance         |      Module     | min | max | min | max |   Type  |
        +---------------------------+-----------------+-----+-----+-----+-----+---------+
        |grp_dimage_do_image_fu_58  |dimage_do_image  |    1|    1|    1|    1|   none  |
        +---------------------------+-----------------+-----+-----+-----+-----+---------+

        * Loop: 
        N/A



================================================================
== Utilization Estimates
================================================================
* Summary: 
+-----------------+---------+-------+--------+-------+
|       Name      | BRAM_18K| DSP48E|   FF   |  LUT  |
+-----------------+---------+-------+--------+-------+
|DSP              |        -|      -|       -|      -|
|Expression       |        -|      -|       -|      -|
|FIFO             |        -|      -|       -|      -|
|Instance         |        0|      -|      14|     34|
|Memory           |        -|      -|       -|      -|
|Multiplexer      |        -|      -|       -|      -|
|Register         |        -|      -|      12|      -|
+-----------------+---------+-------+--------+-------+
|Total            |        0|      0|      26|     34|
+-----------------+---------+-------+--------+-------+
|Available        |      270|    240|  126800|  63400|
+-----------------+---------+-------+--------+-------+
|Utilization (%)  |        0|      0|   ~0   |   ~0  |
+-----------------+---------+-------+--------+-------+

+ Detail: 
    * Instance: 
    +---------------------------+-----------------+---------+-------+----+----+
    |          Instance         |      Module     | BRAM_18K| DSP48E| FF | LUT|
    +---------------------------+-----------------+---------+-------+----+----+
    |grp_dimage_do_image_fu_58  |dimage_do_image  |        0|      0|  14|  34|
    +---------------------------+-----------------+---------+-------+----+----+
    |Total                      |                 |        0|      0|  14|  34|
    +---------------------------+-----------------+---------+-------+----+----+

    * DSP48: 
    N/A

    * Memory: 
    N/A

    * FIFO: 
    N/A

    * Expression: 
    N/A

    * Multiplexer: 
    N/A

    * Register: 
    +---------+----+----+-----+-----------+
    |   Name  | FF | LUT| Bits| Const Bits|
    +---------+----+----+-----+-----------+
    |couleur  |  12|   0|   12|          0|
    +---------+----+----+-----+-----------+
    |Total    |  12|   0|   12|          0|
    +---------+----+----+-----+-----------+



================================================================
== Interface
================================================================
* Summary: 
+-----------------+-----+-----+------------+------------------+--------------+
|    RTL Ports    | Dir | Bits|  Protocol  |   Source Object  |    C Type    |
+-----------------+-----+-----+------------+------------------+--------------+
|clk              |  in |    1| ap_ctrl_hs | dimage::dimage.1 | return value |
|reset            |  in |    1| ap_ctrl_hs | dimage::dimage.1 | return value |
|counter_dout     |  in |    8|   ap_fifo  |      counter     |    pointer   |
|counter_empty_n  |  in |    1|   ap_fifo  |      counter     |    pointer   |
|counter_read     | out |    1|   ap_fifo  |      counter     |    pointer   |
|couleur          | out |   12|   ap_vld   |      couleur     |    pointer   |
+-----------------+-----+-----+------------+------------------+--------------+

