==============================================================
File generated by Vivado(TM) HLS - High-Level Synthesis from C, C++ and SystemC
Version: 2018.2
Copyright (C) 1986-2018 Xilinx, Inc. All Rights Reserved.

==============================================================

INFO: [SYN 201-201] Setting up clock 'default' with a period of 10ns.
INFO: [HLS 200-10] Setting target device to 'xc7a100tcsg324-1'
INFO: [SYN 201-201] Setting up clock 'default' with a period of 10ns.
INFO: [HLS 200-10] Analyzing design file 'fractale_hls/src/main.cpp' ... 
WARNING: [HLS 200-40] In file included from fractale_hls/src/main.cpp:1:
In file included from fractale_hls/src/main.cpp:4:
fractale_hls/src/convergence.h:19:23: error: duplicate member 'zoom'
  sc_in <sc_uint<8> > zoom;
                      ^
fractale_hls/src/convergence.h:12:23: note: previous declaration is here
  sc_in <sc_uint<8> > zoom;
                      ^
fractale_hls/src/convergence.h:20:18: error: duplicate member 'offset_X'
  sc_in <float > offset_X;
                 ^
fractale_hls/src/convergence.h:13:18: note: previous declaration is here
  sc_in <float > offset_X;
                 ^
fractale_hls/src/convergence.h:21:18: error: duplicate member 'offset_Y'
  sc_in <float > offset_Y;
                 ^
fractale_hls/src/convergence.h:14:18: note: previous declaration is here
  sc_in <float > offset_Y;
                 ^
fractale_hls/src/convergence.h:22:20: error: duplicate member 's_out'
  sc_fifo_out<int> s_out;
                   ^
fractale_hls/src/convergence.h:15:20: note: previous declaration is here
  sc_fifo_out<int> s_out;
                   ^
fractale_hls/src/convergence.h:23:15: error: duplicate member 'out_x'
  sc_out<int> out_x;
              ^
fractale_hls/src/convergence.h:16:15: note: previous declaration is here
  sc_out<int> out_x;
              ^
fractale_hls/src/convergence.h:24:15: error: duplicate member 'out_y'
  sc_out<int> out_y;
              ^
fractale_hls/src/convergence.h:17:15: note: previous declaration is here
  sc_out<int> out_y;
              ^
fractale_hls/src/convergence.h:25:10: error: unknown type name 'Conversion'
 typedef Conversion SC_CURRENT_USER_MODULE; Conversion( ::sc_core::sc_module_name )
         ^
fractale_hls/src/convergence.h:25:45: error: C++ requires a type specifier for all declarations
 typedef Conversion SC_CURRENT_USER_MODULE; Conversion( ::sc_core::sc_module_name )
                                            ^~~~~~~~~~
fractale_hls/src/convergence.h:27:159: error: expected a class or namespace
  { ::sc_core::sc_cthread_process* do_convergence_handle = simcontext()->register_cthread_process("do_convergence", (void (::sc_core::sc_process_host::*)())(&SC_CURRENT_USER_MODULE::do_convergence), this ); sensitive.operator() ( do_convergence_handle, clk.pos() ); };
                                                                                                                                                              ^
In file included from fractale_hls/src/main.cpp:1:
fractale_hls/src/main.cpp:18:14: error: no matching constructor for initialization of 'convergence'
 convergence convergence("calcul");
             ^           ~~~~~~~~
fractale_hls/src/convergence.h:7:8: note: candidate constructor (the implicit copy constructor) not viable: no known conversion from 'const char [7]' to 'convergence &' for 1st argument; 
struct convergence : ::sc_core::sc_module
       ^
fractale_hls/src/convergence.h:7:8: note: candidate constructor (the implicit default constructor) not viable: requires 0 arguments, but 1 was provided
In file included from fractale_hls/src/main.cpp:1:
fractale_hls/src/main.cpp:23:37: error: use of undeclared identifier 'TAILLEFIFO'
 sc_fifo<sc_uint<32> > addr("addr", TAILLEFIFO);
                                    ^
fractale_hls/src/main.cpp:26:43: error: use of undeclared identifier 'TAILLEFIFO'
  sc_fifo<sc_uint<8> > couleur("couleur", TAILLEFIFO);
                                          ^
fractale_hls/src/main.cpp:36:2: error: use of undeclared identifier 'sc_clock'
 sc_clock clk("clk",10,SC_NS, 0.5);
 ^
fractale_hls/src/main.cpp:39:13: error: use of undeclared identifier 'clk'
 entree.clk(clk);
            ^
fractale_hls/src/main.cpp:40:18: error: use of undeclared identifier 'clk'
 convergence.clk(clk);
                 ^
fractale_hls/src/main.cpp:41:12: error: use of undeclared identifier 'clk'
 image.clk(clk);
           ^
fractale_hls/src/main.cpp:45:21: error: expected ';' after expression
 entree.reset(reset)
                    ^
                    ;
fractale_hls/src/main.cpp:48:2: error: type 'sc_fifo<sc_uint<8> >' does not provide a call operator
 image.couleur(couleur);
 ^~~~~~~~~~~~~
fractale_hls/src/main.cpp:60:28: error: use of undeclared identifier 'sc_create_vcd_trace_file'
 sc_trace_file* ma_trace = sc_create_vcd_trace_file("trace.vcd");
                           ^
fatal error: too many errors emitted, stopping now [-ferror-limit=]
20 errors generated.\n
ERROR: [HLS 200-70] Compilation errors found: Pragma processor failed: In file included from fractale_hls/src/main.cpp:1:
In file included from fractale_hls/src/main.cpp:4:
fractale_hls/src/convergence.h:19:23: error: duplicate member 'zoom'
  sc_in <sc_uint<8> > zoom;
                      ^
fractale_hls/src/convergence.h:12:23: note: previous declaration is here
  sc_in <sc_uint<8> > zoom;
                      ^
fractale_hls/src/convergence.h:20:18: error: duplicate member 'offset_X'
  sc_in <float > offset_X;
                 ^
fractale_hls/src/convergence.h:13:18: note: previous declaration is here
  sc_in <float > offset_X;
                 ^
fractale_hls/src/convergence.h:21:18: error: duplicate member 'offset_Y'
  sc_in <float > offset_Y;
                 ^
fractale_hls/src/convergence.h:14:18: note: previous declaration is here
  sc_in <float > offset_Y;
                 ^
fractale_hls/src/convergence.h:22:20: error: duplicate member 's_out'
  sc_fifo_out<int> s_out;
                   ^
fractale_hls/src/convergence.h:15:20: note: previous declaration is here
  sc_fifo_out<int> s_out;
                   ^
fractale_hls/src/convergence.h:23:15: error: duplicate member 'out_x'
  sc_out<int> out_x;
              ^
fractale_hls/src/convergence.h:16:15: note: previous declaration is here
  sc_out<int> out_x;
              ^
fractale_hls/src/convergence.h:24:15: error: duplicate member 'out_y'
  sc_out<int> out_y;
              ^
fractale_hls/src/convergence.h:17:15: note: previous declaration is here
  sc_out<int> out_y;
              ^
fractale_hls/src/convergence.h:25:10: error: unknown type name 'Conversion'
 typedef Conversion SC_CURRENT_USER_MODULE; Conversion( ::sc_core::sc_module_name )
         ^
fractale_hls/src/convergence.h:25:45: error: C++ requires a type specifier for all declarations
 typedef Conversion SC_CURRENT_USER_MODULE; Conversion( ::sc_core::sc_module_name )
                                            ^~~~~~~~~~
fractale_hls/src/convergence.h:27:159: error: expected a class or namespace
  { ::sc_core::sc_cthread_process* do_convergence_handle = simcontext()->register_cthread_process("do_convergence", (void (::sc_core::sc_process_host::*)())(&SC_CURRENT_USER_MODULE::do_convergence), this ); sensitive.operator() ( do_convergence_handle, clk.pos() ); };
                                                                                                                                                              ^
In file included from fractale_hls/src/main.cpp:1:
fractale_hls/src/main.cpp:18:14: error: no matching constructor for initialization of 'convergence'
 convergence convergence("calcul");
             ^           ~~~~~~~~
fractale_hls/src/convergence.h:7:8: note: candidate constructor (the implicit copy constructor) not viable: no known conversion from 'const char [7]' to 'convergence &' for 1st argument; 
struct convergence : ::sc_core::sc_module
       ^
fractale_hls/src/convergence.h:7:8: note: candidate constructor (the implicit default constructor) not viable: requires 0 arguments, but 1 was provided
In file included from fractale_hls/src/main.cpp:1:
fractale_hls/src/main.cpp:23:37: error: use of undeclared identifier 'TAILLEFIFO'
 sc_fifo<sc_uint<32> > addr("addr", TAILLEFIFO);
                                    ^
fractale_hls/src/main.cpp:26:43: error: use of undeclared identifier 'TAILLEFIFO'
  sc_fifo<sc_uint<8> > couleur("couleur", TAILLEFIFO);
                                          ^
fractale_hls/src/main.cpp:36:2: error: use of undeclared identifier 'sc_clock'
 sc_clock clk("clk",10,SC_NS, 0.5);
 ^
fractale_hls/src/main.cpp:39:13: error: use of undeclared identifier 'clk'
 entree.clk(clk);
            ^
fractale_hls/src/main.cpp:40:18: error: use of undeclared identifier 'clk'
 convergence.clk(clk);
                 ^
fractale_hls/src/main.cpp:41:12: error: use of undeclared identifier 'clk'
 image.clk(clk);
           ^
fractale_hls/src/main.cpp:45:21: error: expected ';' after expression
 entree.reset(reset)
                    ^
                    ;
fractale_hls/src/main.cpp:48:2: error: type 'sc_fifo<sc_uint<8> >' does not provide a call operator
 image.couleur(couleur);
 ^~~~~~~~~~~~~
fractale_hls/src/main.cpp:60:28: error: use of undeclared identifier 'sc_create_vcd_trace_file'
 sc_trace_file* ma_trace = sc_create_vcd_trace_file("trace.vcd");
                           ^
fatal error: too many errors emitted, stopping now [-ferror-limit=]
20 errors generated.
==============================================================
File generated by Vivado(TM) HLS - High-Level Synthesis from C, C++ and SystemC
Version: 2018.2
Copyright (C) 1986-2018 Xilinx, Inc. All Rights Reserved.

==============================================================

INFO: [SYN 201-201] Setting up clock 'default' with a period of 10ns.
INFO: [HLS 200-10] Setting target device to 'xc7a100tcsg324-1'
INFO: [HLS 200-10] Analyzing design file 'fractale_hls/src/main.cpp' ... 
WARNING: [HLS 200-40] In file included from fractale_hls/src/main.cpp:1:
In file included from fractale_hls/src/main.cpp:4:
fractale_hls/src/convergence.h:19:23: error: duplicate member 'zoom'
  sc_in <sc_uint<8> > zoom;
                      ^
fractale_hls/src/convergence.h:12:23: note: previous declaration is here
  sc_in <sc_uint<8> > zoom;
                      ^
fractale_hls/src/convergence.h:20:18: error: duplicate member 'offset_X'
  sc_in <float > offset_X;
                 ^
fractale_hls/src/convergence.h:13:18: note: previous declaration is here
  sc_in <float > offset_X;
                 ^
fractale_hls/src/convergence.h:21:18: error: duplicate member 'offset_Y'
  sc_in <float > offset_Y;
                 ^
fractale_hls/src/convergence.h:14:18: note: previous declaration is here
  sc_in <float > offset_Y;
                 ^
fractale_hls/src/convergence.h:22:20: error: duplicate member 's_out'
  sc_fifo_out<int> s_out;
                   ^
fractale_hls/src/convergence.h:15:20: note: previous declaration is here
  sc_fifo_out<int> s_out;
                   ^
fractale_hls/src/convergence.h:23:15: error: duplicate member 'out_x'
  sc_out<int> out_x;
              ^
fractale_hls/src/convergence.h:16:15: note: previous declaration is here
  sc_out<int> out_x;
              ^
fractale_hls/src/convergence.h:24:15: error: duplicate member 'out_y'
  sc_out<int> out_y;
              ^
fractale_hls/src/convergence.h:17:15: note: previous declaration is here
  sc_out<int> out_y;
              ^
fractale_hls/src/convergence.h:27:200: error: cannot initialize a parameter of type '_ap_sc_::sc_core::sc_module *' with an rvalue of type 'convergence *'
  { ::sc_core::sc_cthread_process* do_convergence_handle = simcontext()->register_cthread_process("do_convergence", (void (::sc_core::sc_process_host::*)())(&SC_CURRENT_USER_MODULE::do_convergence), this ); sensitive.operator() ( do_convergence_handle, clk.pos() ); };
                                                                                                                                                                                                       ^~~~
/opt/xilinx/vivado/2018.2/Vivado/2018.2/common/technology/autopilot/ap_sysc/ap_sc_core.h:543:64: note: passing argument to parameter here
                                                    sc_module* );
                                                               ^
In file included from fractale_hls/src/main.cpp:1:
fractale_hls/src/main.cpp:36:2: error: use of undeclared identifier 'sc_clock'
 sc_clock clk("clk",10,SC_NS, 0.5);
 ^
fractale_hls/src/main.cpp:39:13: error: use of undeclared identifier 'clk'
 entree.clk(clk);
            ^
fractale_hls/src/main.cpp:40:18: error: use of undeclared identifier 'clk'
 convergence.clk(clk);
                 ^
fractale_hls/src/main.cpp:41:12: error: use of undeclared identifier 'clk'
 image.clk(clk);
           ^
fractale_hls/src/main.cpp:48:2: error: type 'sc_fifo<sc_uint<8> >' does not provide a call operator
 image.couleur(couleur);
 ^~~~~~~~~~~~~
fractale_hls/src/main.cpp:60:28: error: use of undeclared identifier 'sc_create_vcd_trace_file'
 sc_trace_file* ma_trace = sc_create_vcd_trace_file("trace.vcd");
                           ^
fractale_hls/src/main.cpp:61:21: error: use of undeclared identifier 'clk'
 sc_trace(ma_trace, clk, "signal_clk");
                    ^
fractale_hls/src/main.cpp:62:2: error: no matching function for call to 'sc_trace'
 sc_trace(ma_trace, counter, "counter");
 ^~~~~~~~
/opt/xilinx/vivado/2018.2/Vivado/2018.2/common/technology/autopilot/ap_sysc/ap_sc_extras.h:196:13: note: candidate function not viable: no known conversion from 'sc_fifo<sc_uint<8> >' to 'const bool' for 2nd argument; 
inline void sc_trace( sc_core::sc_trace_file *tf, const bool &op, const std::string& n )
            ^
/opt/xilinx/vivado/2018.2/Vivado/2018.2/common/technology/autopilot/ap_sysc/ap_sc_extras.h:199:13: note: candidate function not viable: no known conversion from 'sc_fifo<sc_uint<8> >' to 'const char' for 2nd argument; 
inline void sc_trace( sc_core::sc_trace_file *tf, const char &op, const std::string& n )
            ^
/opt/xilinx/vivado/2018.2/Vivado/2018.2/common/technology/autopilot/ap_sysc/ap_sc_extras.h:202:13: note: candidate function not viable: no known conversion from 'sc_fifo<sc_uint<8> >' to 'const unsigned char' for 2nd argument; 
inline void sc_trace( sc_core::sc_trace_file *tf, const unsigned char &op, const std::string& n )
            ^
/opt/xilinx/vivado/2018.2/Vivado/2018.2/common/technology/autopilot/ap_sysc/ap_sc_extras.h:205:13: note: candidate function not viable: no known conversion from 'sc_fifo<sc_uint<8> >' to 'const short' for 2nd argument; 
inline void sc_trace( sc_core::sc_trace_file *tf, const short &op, const std::string& n )
            ^
/opt/xilinx/vivado/2018.2/Vivado/2018.2/common/technology/autopilot/ap_sysc/ap_sc_extras.h:208:13: note: candidate function not viable: no known conversion from 'sc_fifo<sc_uint<8> >' to 'const unsigned short' for 2nd argument; 
inline void sc_trace( sc_core::sc_trace_file *tf, const unsigned short &op, const std::string& n )
            ^
/opt/xilinx/vivado/2018.2/Vivado/2018.2/common/technology/autopilot/ap_sysc/ap_sc_extras.h:211:13: note: candidate function not viable: no known conversion from 'sc_fifo<sc_uint<8> >' to 'const int' for 2nd argument; 
inline void sc_trace( sc_core::sc_trace_file *tf, const int &op, const std::string& n )
            ^
/opt/xilinx/vivado/2018.2/Vivado/2018.2/common/technology/autopilot/ap_sysc/ap_sc_extras.h:214:13: note: candidate function not viable: no known conversion from 'sc_fifo<sc_uint<8> >' to 'const unsigned int' for 2nd argument; 
inline void sc_trace( sc_core::sc_trace_file *tf, const unsigned int &op, const std::string& n )
            ^
/opt/xilinx/vivado/2018.2/Vivado/2018.2/common/technology/autopilot/ap_sysc/ap_sc_extras.h:217:13: note: candidate function not viable: no known conversion from 'sc_fifo<sc_uint<8> >' to 'const long' for 2nd argument; 
inline void sc_trace( sc_core::sc_trace_file *tf, const long &op, const std::string& n )
            ^
/opt/xilinx/vivado/2018.2/Vivado/2018.2/common/technology/autopilot/ap_sysc/ap_sc_extras.h:220:13: note: candidate function not viable: no known conversion from 'sc_fifo<sc_uint<8> >' to 'const unsigned long' for 2nd argument; 
inline void sc_trace( sc_core::sc_trace_file *tf, const unsigned long &op, const std::string& n )
            ^
/opt/xilinx/vivado/2018.2/Vivado/2018.2/common/technology/autopilot/ap_sysc/ap_sc_extras.h:223:13: note: candidate function not viable: no known conversion from 'sc_fifo<sc_uint<8> >' to 'const long long' for 2nd argument; 
inline void sc_trace( sc_core::sc_trace_file *tf, const long long &op, const std::string& n )
            ^
/opt/xilinx/vivado/2018.2/Vivado/2018.2/common/technology/autopilot/ap_sysc/ap_sc_extras.h:226:13: note: candidate function not viable: no known conversion from 'sc_fifo<sc_uint<8> >' to 'const unsigned long long' for 2nd argument; 
inline void sc_trace( sc_core::sc_trace_file *tf, const unsigned long long &op, const std::string& n )
            ^
/opt/xilinx/vivado/2018.2/Vivado/2018.2/common/technology/autopilot/ap_sysc/ap_sc_extras.h:187:13: note: candidate template ignored: failed template argument deduction
inline void sc_trace( sc_core::sc_trace_file *tf, const ap_int_base<_AP_W,_AP_S> &op,
            ^
/opt/xilinx/vivado/2018.2/Vivado/2018.2/common/technology/autopilot/ap_sysc/ap_sc_extras.h:192:13: note: candidate template ignored: failed template argument deduction
inline void sc_trace( sc_core::sc_trace_file *tf, const ap_fixed_base<_AP_W,_AP_I,_AP_S,_AP_Q,_AP_O, _AP_N> &op,
            ^
In file included from fractale_hls/src/main.cpp:1:
fractale_hls/src/main.cpp:63:2: error: no matching function for call to 'sc_trace'
 sc_trace(ma_trace, couleur, "couleur");
 ^~~~~~~~
/opt/xilinx/vivado/2018.2/Vivado/2018.2/common/technology/autopilot/ap_sysc/ap_sc_extras.h:196:13: note: candidate function not viable: no known conversion from 'sc_fifo<sc_uint<8> >' to 'const bool' for 2nd argument; 
inline void sc_trace( sc_core::sc_trace_file *tf, const bool &op, const std::string& n )
            ^
/opt/xilinx/vivado/2018.2/Vivado/2018.2/common/technology/autopilot/ap_sysc/ap_sc_extras.h:199:13: note: candidate function not viable: no known conversion from 'sc_fifo<sc_uint<8> >' to 'const char' for 2nd argument; 
inline void sc_trace( sc_core::sc_trace_file *tf, const char &op, const std::string& n )
            ^
/opt/xilinx/vivado/2018.2/Vivado/2018.2/common/technology/autopilot/ap_sysc/ap_sc_extras.h:202:13: note: candidate function not viable: no known conversion from 'sc_fifo<sc_uint<8> >' to 'const unsigned char' for 2nd argument; 
inline void sc_trace( sc_core::sc_trace_file *tf, const unsigned char &op, const std::string& n )
            ^
/opt/xilinx/vivado/2018.2/Vivado/2018.2/common/technology/autopilot/ap_sysc/ap_sc_extras.h:205:13: note: candidate function not viable: no known conversion from 'sc_fifo<sc_uint<8> >' to 'const short' for 2nd argument; 
inline void sc_trace( sc_core::sc_trace_file *tf, const short &op, const std::string& n )
            ^
/opt/xilinx/vivado/2018.2/Vivado/2018.2/common/technology/autopilot/ap_sysc/ap_sc_extras.h:208:13: note: candidate function not viable: no known conversion from 'sc_fifo<sc_uint<8> >' to 'const unsigned short' for 2nd argument; 
inline void sc_trace( sc_core::sc_trace_file *tf, const unsigned short &op, const std::string& n )
            ^
/opt/xilinx/vivado/2018.2/Vivado/2018.2/common/technology/autopilot/ap_sysc/ap_sc_extras.h:211:13: note: candidate function not viable: no known conversion from 'sc_fifo<sc_uint<8> >' to 'const int' for 2nd argument; 
inline void sc_trace( sc_core::sc_trace_file *tf, const int &op, const std::string& n )
            ^
/opt/xilinx/vivado/2018.2/Vivado/2018.2/common/technology/autopilot/ap_sysc/ap_sc_extras.h:214:13: note: candidate function not viable: no known conversion from 'sc_fifo<sc_uint<8> >' to 'const unsigned int' for 2nd argument; 
inline void sc_trace( sc_core::sc_trace_file *tf, const unsigned int &op, const std::string& n )
            ^
/opt/xilinx/vivado/2018.2/Vivado/2018.2/common/technology/autopilot/ap_sysc/ap_sc_extras.h:217:13: note: candidate function not viable: no known conversion from 'sc_fifo<sc_uint<8> >' to 'const long' for 2nd argument; 
inline void sc_trace( sc_core::sc_trace_file *tf, const long &op, const std::string& n )
            ^
/opt/xilinx/vivado/2018.2/Vivado/2018.2/common/technology/autopilot/ap_sysc/ap_sc_extras.h:220:13: note: candidate function not viable: no known conversion from 'sc_fifo<sc_uint<8> >' to 'const unsigned long' for 2nd argument; 
inline void sc_trace( sc_core::sc_trace_file *tf, const unsigned long &op, const std::string& n )
            ^
/opt/xilinx/vivado/2018.2/Vivado/2018.2/common/technology/autopilot/ap_sysc/ap_sc_extras.h:223:13: note: candidate function not viable: no known conversion from 'sc_fifo<sc_uint<8> >' to 'const long long' for 2nd argument; 
inline void sc_trace( sc_core::sc_trace_file *tf, const long long &op, const std::string& n )
            ^
/opt/xilinx/vivado/2018.2/Vivado/2018.2/common/technology/autopilot/ap_sysc/ap_sc_extras.h:226:13: note: candidate function not viable: no known conversion from 'sc_fifo<sc_uint<8> >' to 'const unsigned long long' for 2nd argument; 
inline void sc_trace( sc_core::sc_trace_file *tf, const unsigned long long &op, const std::string& n )
            ^
/opt/xilinx/vivado/2018.2/Vivado/2018.2/common/technology/autopilot/ap_sysc/ap_sc_extras.h:187:13: note: candidate template ignored: failed template argument deduction
inline void sc_trace( sc_core::sc_trace_file *tf, const ap_int_base<_AP_W,_AP_S> &op,
            ^
/opt/xilinx/vivado/2018.2/Vivado/2018.2/common/technology/autopilot/ap_sysc/ap_sc_extras.h:192:13: note: candidate template ignored: failed template argument deduction
inline void sc_trace( sc_core::sc_trace_file *tf, const ap_fixed_base<_AP_W,_AP_I,_AP_S,_AP_Q,_AP_O, _AP_N> &op,
            ^
In file included from fractale_hls/src/main.cpp:1:
fractale_hls/src/main.cpp:65:15: error: use of undeclared identifier 'SC_MS'
 sc_start(100,SC_MS);
              ^
fractale_hls/src/main.cpp:69:2: error: use of undeclared identifier 'sc_close_vcd_trace_file'
 sc_close_vcd_trace_file(ma_trace);
 ^
18 errors generated.\n
ERROR: [HLS 200-70] Compilation errors found: Pragma processor failed: In file included from fractale_hls/src/main.cpp:1:
In file included from fractale_hls/src/main.cpp:4:
fractale_hls/src/convergence.h:19:23: error: duplicate member 'zoom'
  sc_in <sc_uint<8> > zoom;
                      ^
fractale_hls/src/convergence.h:12:23: note: previous declaration is here
  sc_in <sc_uint<8> > zoom;
                      ^
fractale_hls/src/convergence.h:20:18: error: duplicate member 'offset_X'
  sc_in <float > offset_X;
                 ^
fractale_hls/src/convergence.h:13:18: note: previous declaration is here
  sc_in <float > offset_X;
                 ^
fractale_hls/src/convergence.h:21:18: error: duplicate member 'offset_Y'
  sc_in <float > offset_Y;
                 ^
fractale_hls/src/convergence.h:14:18: note: previous declaration is here
  sc_in <float > offset_Y;
                 ^
fractale_hls/src/convergence.h:22:20: error: duplicate member 's_out'
  sc_fifo_out<int> s_out;
                   ^
fractale_hls/src/convergence.h:15:20: note: previous declaration is here
  sc_fifo_out<int> s_out;
                   ^
fractale_hls/src/convergence.h:23:15: error: duplicate member 'out_x'
  sc_out<int> out_x;
              ^
fractale_hls/src/convergence.h:16:15: note: previous declaration is here
  sc_out<int> out_x;
              ^
fractale_hls/src/convergence.h:24:15: error: duplicate member 'out_y'
  sc_out<int> out_y;
              ^
fractale_hls/src/convergence.h:17:15: note: previous declaration is here
  sc_out<int> out_y;
              ^
fractale_hls/src/convergence.h:27:200: error: cannot initialize a parameter of type '_ap_sc_::sc_core::sc_module *' with an rvalue of type 'convergence *'
  { ::sc_core::sc_cthread_process* do_convergence_handle = simcontext()->register_cthread_process("do_convergence", (void (::sc_core::sc_process_host::*)())(&SC_CURRENT_USER_MODULE::do_convergence), this ); sensitive.operator() ( do_convergence_handle, clk.pos() ); };
                                                                                                                                                                                                       ^~~~
/opt/xilinx/vivado/2018.2/Vivado/2018.2/common/technology/autopilot/ap_sysc/ap_sc_core.h:543:64: note: passing argument to parameter here
                                                    sc_module* );
                                                               ^
In file included from fractale_hls/src/main.cpp:1:
fractale_hls/src/main.cpp:36:2: error: use of undeclared identifier 'sc_clock'
 sc_clock clk("clk",10,SC_NS, 0.5);
 ^
fractale_hls/src/main.cpp:39:13: error: use of undeclared identifier 'clk'
 entree.clk(clk);
            ^
fractale_hls/src/main.cpp:40:18: error: use of undeclared identifier 'clk'
 convergence.clk(clk);
                 ^
fractale_hls/src/main.cpp:41:12: error: use of undeclared identifier 'clk'
 image.clk(clk);
           ^
fractale_hls/src/main.cpp:48:2: error: type 'sc_fifo<sc_uint<8> >' does not provide a call operator
 image.couleur(couleur);
 ^~~~~~~~~~~~~
fractale_hls/src/main.cpp:60:28: error: use of undeclared identifier 'sc_create_vcd_trace_file'
 sc_trace_file* ma_trace = sc_create_vcd_trace_file("trace.vcd");
                           ^
fractale_hls/src/main.cpp:61:21: error: use of undeclared identifier 'clk'
 sc_trace(ma_trace, clk, "signal_clk");
                    ^
fractale_hls/src/main.cpp:62:2: error: no matching function for call to 'sc_trace'
 sc_trace(ma_trace, counter, "counter");
 ^~~~~~~~
/opt/xilinx/vivado/2018.2/Vivado/2018.2/common/technology/autopilot/ap_sysc/ap_sc_extras.h:196:13: note: candidate function not viable: no known conversion from 'sc_fifo<sc_uint<8> >' to 'const bool' for 2nd argument; 
inline void sc_trace( sc_core::sc_trace_file *tf, const bool &op, const std::string& n )
            ^
/opt/xilinx/vivado/2018.2/Vivado/2018.2/common/technology/autopilot/ap_sysc/ap_sc_extras.h:199:13: note: candidate function not viable: no known conversion from 'sc_fifo<sc_uint<8> >' to 'const char' for 2nd argument; 
inline void sc_trace( sc_core::sc_trace_file *tf, const char &op, const std::string& n )
            ^
/opt/xilinx/vivado/2018.2/Vivado/2018.2/common/technology/autopilot/ap_sysc/ap_sc_extras.h:202:13: note: candidate function not viable: no known conversion from 'sc_fifo<sc_uint<8> >' to 'const unsigned char' for 2nd argument; 
inline void sc_trace( sc_core::sc_trace_file *tf, const unsigned char &op, const std::string& n )
            ^
/opt/xilinx/vivado/2018.2/Vivado/2018.2/common/technology/autopilot/ap_sysc/ap_sc_extras.h:205:13: note: candidate function not viable: no known conversion from 'sc_fifo<sc_uint<8> >' to 'const short' for 2nd argument; 
inline void sc_trace( sc_core::sc_trace_file *tf, const short &op, const std::string& n )
            ^
/opt/xilinx/vivado/2018.2/Vivado/2018.2/common/technology/autopilot/ap_sysc/ap_sc_extras.h:208:13: note: candidate function not viable: no known conversion from 'sc_fifo<sc_uint<8> >' to 'const unsigned short' for 2nd argument; 
inline void sc_trace( sc_core::sc_trace_file *tf, const unsigned short &op, const std::string& n )
            ^
/opt/xilinx/vivado/2018.2/Vivado/2018.2/common/technology/autopilot/ap_sysc/ap_sc_extras.h:211:13: note: candidate function not viable: no known conversion from 'sc_fifo<sc_uint<8> >' to 'const int' for 2nd argument; 
inline void sc_trace( sc_core::sc_trace_file *tf, const int &op, const std::string& n )
            ^
/opt/xilinx/vivado/2018.2/Vivado/2018.2/common/technology/autopilot/ap_sysc/ap_sc_extras.h:214:13: note: candidate function not viable: no known conversion from 'sc_fifo<sc_uint<8> >' to 'const unsigned int' for 2nd argument; 
inline void sc_trace( sc_core::sc_trace_file *tf, const unsigned int &op, const std::string& n )
            ^
/opt/xilinx/vivado/2018.2/Vivado/2018.2/common/technology/autopilot/ap_sysc/ap_sc_extras.h:217:13: note: candidate function not viable: no known conversion from 'sc_fifo<sc_uint<8> >' to 'const long' for 2nd argument; 
inline void sc_trace( sc_core::sc_trace_file *tf, const long &op, const std::string& n )
            ^
/opt/xilinx/vivado/2018.2/Vivado/2018.2/common/technology/autopilot/ap_sysc/ap_sc_extras.h:220:13: note: candidate function not viable: no known conversion from 'sc_fifo<sc_uint<8> >' to 'const unsigned long' for 2nd argument; 
inline void sc_trace( sc_core::sc_trace_file *tf, const unsigned long &op, const std::string& n )
            ^
/opt/xilinx/vivado/2018.2/Vivado/2018.2/common/technology/autopilot/ap_sysc/ap_sc_extras.h:223:13: note: candidate function not viable: no known conversion from 'sc_fifo<sc_uint<8> >' to 'const long long' for 2nd argument; 
inline void sc_trace( sc_core::sc_trace_file *tf, const long long &op, const std::string& n )
            ^
/opt/xilinx/vivado/2018.2/Vivado/2018.2/common/technology/autopilot/ap_sysc/ap_sc_extras.h:226:13: note: candidate function not viable: no known conversion from 'sc_fifo<sc_uint<8> >' to 'const unsigned long long' for 2nd argument; 
inline void sc_trace( sc_core::sc_trace_file *tf, const unsigned long long &op, const std::string& n )
            ^
/opt/xilinx/vivado/2018.2/Vivado/2018.2/common/technology/autopilot/ap_sysc/ap_sc_extras.h:187:13: note: candidate template ignored: failed template argument deduction
inline void sc_trace( sc_core::sc_trace_file *tf, const ap_int_base<_AP_W,_AP_S> &op,
            ^
/opt/xilinx/vivado/2018.2/Vivado/2018.2/common/technology/autopilot/ap_sysc/ap_sc_extras.h:192:13: note: candidate template ignored: failed template argument deduction
inline void sc_trace( sc_core::sc_trace_file *tf, const ap_fixed_base<_AP_W,_AP_I,_AP_S,_AP_Q,_AP_O, _AP_N> &op,
            ^
In file included from fractale_hls/src/main.cpp:1:
fractale_hls/src/main.cpp:63:2: error: no matching function for call to 'sc_trace'
 sc_trace(ma_trace, couleur, "couleur");
 ^~~~~~~~
/opt/xilinx/vivado/2018.2/Vivado/2018.2/common/technology/autopilot/ap_sysc/ap_sc_extras.h:196:13: note: candidate function not viable: no known conversion from 'sc_fifo<sc_uint<8> >' to 'const bool' for 2nd argument; 
inline void sc_trace( sc_core::sc_trace_file *tf, const bool &op, const std::string& n )
            ^
/opt/xilinx/vivado/2018.2/Vivado/2018.2/common/technology/autopilot/ap_sysc/ap_sc_extras.h:199:13: note: candidate function not viable: no known conversion from 'sc_fifo<sc_uint<8> >' to 'const char' for 2nd argument; 
inline void sc_trace( sc_core::sc_trace_file *tf, const char &op, const std::string& n )
            ^
/opt/xilinx/vivado/2018.2/Vivado/2018.2/common/technology/autopilot/ap_sysc/ap_sc_extras.h:202:13: note: candidate function not viable: no known conversion from 'sc_fifo<sc_uint<8> >' to 'const unsigned char' for 2nd argument; 
inline void sc_trace( sc_core::sc_trace_file *tf, const unsigned char &op, const std::string& n )
            ^
/opt/xilinx/vivado/2018.2/Vivado/2018.2/common/technology/autopilot/ap_sysc/ap_sc_extras.h:205:13: note: candidate function not viable: no known conversion from 'sc_fifo<sc_uint<8> >' to 'const short' for 2nd argument; 
inline void sc_trace( sc_core::sc_trace_file *tf, const short &op, const std::string& n )
            ^
/opt/xilinx/vivado/2018.2/Vivado/2018.2/common/technology/autopilot/ap_sysc/ap_sc_extras.h:208:13: note: candidate function not viable: no known conversion from 'sc_fifo<sc_uint<8> >' to 'const unsigned short' for 2nd argument; 
inline void sc_trace( sc_core::sc_trace_file *tf, const unsigned short &op, const std::string& n )
            ^
/opt/xilinx/vivado/2018.2/Vivado/2018.2/common/technology/autopilot/ap_sysc/ap_sc_extras.h:211:13: note: candidate function not viable: no known conversion from 'sc_fifo<sc_uint<8> >' to 'const int' for 2nd argument; 
inline void sc_trace( sc_core::sc_trace_file *tf, const int &op, const std::string& n )
            ^
/opt/xilinx/vivado/2018.2/Vivado/2018.2/common/technology/autopilot/ap_sysc/ap_sc_extras.h:214:13: note: candidate function not viable: no known conversion from 'sc_fifo<sc_uint<8> >' to 'const unsigned int' for 2nd argument; 
inline void sc_trace( sc_core::sc_trace_file *tf, const unsigned int &op, const std::string& n )
            ^
/opt/xilinx/vivado/2018.2/Vivado/2018.2/common/technology/autopilot/ap_sysc/ap_sc_extras.h:217:13: note: candidate function not viable: no known conversion from 'sc_fifo<sc_uint<8> >' to 'const long' for 2nd argument; 
inline void sc_trace( sc_core::sc_trace_file *tf, const long &op, const std::string& n )
            ^
/opt/xilinx/vivado/2018.2/Vivado/2018.2/common/technology/autopilot/ap_sysc/ap_sc_extras.h:220:13: note: candidate function not viable: no known conversion from 'sc_fifo<sc_uint<8> >' to 'const unsigned long' for 2nd argument; 
inline void sc_trace( sc_core::sc_trace_file *tf, const unsigned long &op, const std::string& n )
            ^
/opt/xilinx/vivado/2018.2/Vivado/2018.2/common/technology/autopilot/ap_sysc/ap_sc_extras.h:223:13: note: candidate function not viable: no known conversion from 'sc_fifo<sc_uint<8> >' to 'const long long' for 2nd argument; 
inline void sc_trace( sc_core::sc_trace_file *tf, const long long &op, const std::string& n )
            ^
/opt/xilinx/vivado/2018.2/Vivado/2018.2/common/technology/autopilot/ap_sysc/ap_sc_extras.h:226:13: note: candidate function not viable: no known conversion from 'sc_fifo<sc_uint<8> >' to 'const unsigned long long' for 2nd argument; 
inline void sc_trace( sc_core::sc_trace_file *tf, const unsigned long long &op, const std::string& n )
            ^
/opt/xilinx/vivado/2018.2/Vivado/2018.2/common/technology/autopilot/ap_sysc/ap_sc_extras.h:187:13: note: candidate template ignored: failed template argument deduction
inline void sc_trace( sc_core::sc_trace_file *tf, const ap_int_base<_AP_W,_AP_S> &op,
            ^
/opt/xilinx/vivado/2018.2/Vivado/2018.2/common/technology/autopilot/ap_sysc/ap_sc_extras.h:192:13: note: candidate template ignored: failed template argument deduction
inline void sc_trace( sc_core::sc_trace_file *tf, const ap_fixed_base<_AP_W,_AP_I,_AP_S,_AP_Q,_AP_O, _AP_N> &op,
            ^
In file included from fractale_hls/src/main.cpp:1:
fractale_hls/src/main.cpp:65:15: error: use of undeclared identifier 'SC_MS'
 sc_start(100,SC_MS);
              ^
fractale_hls/src/main.cpp:69:2: error: use of undeclared identifier 'sc_close_vcd_trace_file'
 sc_close_vcd_trace_file(ma_trace);
 ^
18 errors generated.
==============================================================
File generated by Vivado(TM) HLS - High-Level Synthesis from C, C++ and SystemC
Version: 2018.2
Copyright (C) 1986-2018 Xilinx, Inc. All Rights Reserved.

==============================================================

INFO: [SYN 201-201] Setting up clock 'default' with a period of 10ns.
INFO: [HLS 200-10] Setting target device to 'xc7a100tcsg324-1'
INFO: [HLS 200-10] Analyzing design file 'fractale_hls/src/main.cpp' ... 
WARNING: [HLS 200-40] In file included from fractale_hls/src/main.cpp:1:
fractale_hls/src/main.cpp:36:2: error: use of undeclared identifier 'sc_clock'
 sc_clock clk("clk",10,SC_NS, 0.5);
 ^
fractale_hls/src/main.cpp:39:13: error: use of undeclared identifier 'clk'
 entree.clk(clk);
            ^
fractale_hls/src/main.cpp:40:18: error: use of undeclared identifier 'clk'
 convergence.clk(clk);
                 ^
fractale_hls/src/main.cpp:41:12: error: use of undeclared identifier 'clk'
 image.clk(clk);
           ^
fractale_hls/src/main.cpp:48:2: error: type 'sc_fifo<sc_uint<8> >' does not provide a call operator
 image.couleur(couleur);
 ^~~~~~~~~~~~~
fractale_hls/src/main.cpp:60:28: error: use of undeclared identifier 'sc_create_vcd_trace_file'
 sc_trace_file* ma_trace = sc_create_vcd_trace_file("trace.vcd");
                           ^
fractale_hls/src/main.cpp:61:21: error: use of undeclared identifier 'clk'
 sc_trace(ma_trace, clk, "signal_clk");
                    ^
fractale_hls/src/main.cpp:62:2: error: no matching function for call to 'sc_trace'
 sc_trace(ma_trace, counter, "counter");
 ^~~~~~~~
/opt/xilinx/vivado/2018.2/Vivado/2018.2/common/technology/autopilot/ap_sysc/ap_sc_extras.h:196:13: note: candidate function not viable: no known conversion from 'sc_fifo<sc_uint<8> >' to 'const bool' for 2nd argument; 
inline void sc_trace( sc_core::sc_trace_file *tf, const bool &op, const std::string& n )
            ^
/opt/xilinx/vivado/2018.2/Vivado/2018.2/common/technology/autopilot/ap_sysc/ap_sc_extras.h:199:13: note: candidate function not viable: no known conversion from 'sc_fifo<sc_uint<8> >' to 'const char' for 2nd argument; 
inline void sc_trace( sc_core::sc_trace_file *tf, const char &op, const std::string& n )
            ^
/opt/xilinx/vivado/2018.2/Vivado/2018.2/common/technology/autopilot/ap_sysc/ap_sc_extras.h:202:13: note: candidate function not viable: no known conversion from 'sc_fifo<sc_uint<8> >' to 'const unsigned char' for 2nd argument; 
inline void sc_trace( sc_core::sc_trace_file *tf, const unsigned char &op, const std::string& n )
            ^
/opt/xilinx/vivado/2018.2/Vivado/2018.2/common/technology/autopilot/ap_sysc/ap_sc_extras.h:205:13: note: candidate function not viable: no known conversion from 'sc_fifo<sc_uint<8> >' to 'const short' for 2nd argument; 
inline void sc_trace( sc_core::sc_trace_file *tf, const short &op, const std::string& n )
            ^
/opt/xilinx/vivado/2018.2/Vivado/2018.2/common/technology/autopilot/ap_sysc/ap_sc_extras.h:208:13: note: candidate function not viable: no known conversion from 'sc_fifo<sc_uint<8> >' to 'const unsigned short' for 2nd argument; 
inline void sc_trace( sc_core::sc_trace_file *tf, const unsigned short &op, const std::string& n )
            ^
/opt/xilinx/vivado/2018.2/Vivado/2018.2/common/technology/autopilot/ap_sysc/ap_sc_extras.h:211:13: note: candidate function not viable: no known conversion from 'sc_fifo<sc_uint<8> >' to 'const int' for 2nd argument; 
inline void sc_trace( sc_core::sc_trace_file *tf, const int &op, const std::string& n )
            ^
/opt/xilinx/vivado/2018.2/Vivado/2018.2/common/technology/autopilot/ap_sysc/ap_sc_extras.h:214:13: note: candidate function not viable: no known conversion from 'sc_fifo<sc_uint<8> >' to 'const unsigned int' for 2nd argument; 
inline void sc_trace( sc_core::sc_trace_file *tf, const unsigned int &op, const std::string& n )
            ^
/opt/xilinx/vivado/2018.2/Vivado/2018.2/common/technology/autopilot/ap_sysc/ap_sc_extras.h:217:13: note: candidate function not viable: no known conversion from 'sc_fifo<sc_uint<8> >' to 'const long' for 2nd argument; 
inline void sc_trace( sc_core::sc_trace_file *tf, const long &op, const std::string& n )
            ^
/opt/xilinx/vivado/2018.2/Vivado/2018.2/common/technology/autopilot/ap_sysc/ap_sc_extras.h:220:13: note: candidate function not viable: no known conversion from 'sc_fifo<sc_uint<8> >' to 'const unsigned long' for 2nd argument; 
inline void sc_trace( sc_core::sc_trace_file *tf, const unsigned long &op, const std::string& n )
            ^
/opt/xilinx/vivado/2018.2/Vivado/2018.2/common/technology/autopilot/ap_sysc/ap_sc_extras.h:223:13: note: candidate function not viable: no known conversion from 'sc_fifo<sc_uint<8> >' to 'const long long' for 2nd argument; 
inline void sc_trace( sc_core::sc_trace_file *tf, const long long &op, const std::string& n )
            ^
/opt/xilinx/vivado/2018.2/Vivado/2018.2/common/technology/autopilot/ap_sysc/ap_sc_extras.h:226:13: note: candidate function not viable: no known conversion from 'sc_fifo<sc_uint<8> >' to 'const unsigned long long' for 2nd argument; 
inline void sc_trace( sc_core::sc_trace_file *tf, const unsigned long long &op, const std::string& n )
            ^
/opt/xilinx/vivado/2018.2/Vivado/2018.2/common/technology/autopilot/ap_sysc/ap_sc_extras.h:187:13: note: candidate template ignored: failed template argument deduction
inline void sc_trace( sc_core::sc_trace_file *tf, const ap_int_base<_AP_W,_AP_S> &op,
            ^
/opt/xilinx/vivado/2018.2/Vivado/2018.2/common/technology/autopilot/ap_sysc/ap_sc_extras.h:192:13: note: candidate template ignored: failed template argument deduction
inline void sc_trace( sc_core::sc_trace_file *tf, const ap_fixed_base<_AP_W,_AP_I,_AP_S,_AP_Q,_AP_O, _AP_N> &op,
            ^
In file included from fractale_hls/src/main.cpp:1:
fractale_hls/src/main.cpp:63:2: error: no matching function for call to 'sc_trace'
 sc_trace(ma_trace, couleur, "couleur");
 ^~~~~~~~
/opt/xilinx/vivado/2018.2/Vivado/2018.2/common/technology/autopilot/ap_sysc/ap_sc_extras.h:196:13: note: candidate function not viable: no known conversion from 'sc_fifo<sc_uint<8> >' to 'const bool' for 2nd argument; 
inline void sc_trace( sc_core::sc_trace_file *tf, const bool &op, const std::string& n )
            ^
/opt/xilinx/vivado/2018.2/Vivado/2018.2/common/technology/autopilot/ap_sysc/ap_sc_extras.h:199:13: note: candidate function not viable: no known conversion from 'sc_fifo<sc_uint<8> >' to 'const char' for 2nd argument; 
inline void sc_trace( sc_core::sc_trace_file *tf, const char &op, const std::string& n )
            ^
/opt/xilinx/vivado/2018.2/Vivado/2018.2/common/technology/autopilot/ap_sysc/ap_sc_extras.h:202:13: note: candidate function not viable: no known conversion from 'sc_fifo<sc_uint<8> >' to 'const unsigned char' for 2nd argument; 
inline void sc_trace( sc_core::sc_trace_file *tf, const unsigned char &op, const std::string& n )
            ^
/opt/xilinx/vivado/2018.2/Vivado/2018.2/common/technology/autopilot/ap_sysc/ap_sc_extras.h:205:13: note: candidate function not viable: no known conversion from 'sc_fifo<sc_uint<8> >' to 'const short' for 2nd argument; 
inline void sc_trace( sc_core::sc_trace_file *tf, const short &op, const std::string& n )
            ^
/opt/xilinx/vivado/2018.2/Vivado/2018.2/common/technology/autopilot/ap_sysc/ap_sc_extras.h:208:13: note: candidate function not viable: no known conversion from 'sc_fifo<sc_uint<8> >' to 'const unsigned short' for 2nd argument; 
inline void sc_trace( sc_core::sc_trace_file *tf, const unsigned short &op, const std::string& n )
            ^
/opt/xilinx/vivado/2018.2/Vivado/2018.2/common/technology/autopilot/ap_sysc/ap_sc_extras.h:211:13: note: candidate function not viable: no known conversion from 'sc_fifo<sc_uint<8> >' to 'const int' for 2nd argument; 
inline void sc_trace( sc_core::sc_trace_file *tf, const int &op, const std::string& n )
            ^
/opt/xilinx/vivado/2018.2/Vivado/2018.2/common/technology/autopilot/ap_sysc/ap_sc_extras.h:214:13: note: candidate function not viable: no known conversion from 'sc_fifo<sc_uint<8> >' to 'const unsigned int' for 2nd argument; 
inline void sc_trace( sc_core::sc_trace_file *tf, const unsigned int &op, const std::string& n )
            ^
/opt/xilinx/vivado/2018.2/Vivado/2018.2/common/technology/autopilot/ap_sysc/ap_sc_extras.h:217:13: note: candidate function not viable: no known conversion from 'sc_fifo<sc_uint<8> >' to 'const long' for 2nd argument; 
inline void sc_trace( sc_core::sc_trace_file *tf, const long &op, const std::string& n )
            ^
/opt/xilinx/vivado/2018.2/Vivado/2018.2/common/technology/autopilot/ap_sysc/ap_sc_extras.h:220:13: note: candidate function not viable: no known conversion from 'sc_fifo<sc_uint<8> >' to 'const unsigned long' for 2nd argument; 
inline void sc_trace( sc_core::sc_trace_file *tf, const unsigned long &op, const std::string& n )
            ^
/opt/xilinx/vivado/2018.2/Vivado/2018.2/common/technology/autopilot/ap_sysc/ap_sc_extras.h:223:13: note: candidate function not viable: no known conversion from 'sc_fifo<sc_uint<8> >' to 'const long long' for 2nd argument; 
inline void sc_trace( sc_core::sc_trace_file *tf, const long long &op, const std::string& n )
            ^
/opt/xilinx/vivado/2018.2/Vivado/2018.2/common/technology/autopilot/ap_sysc/ap_sc_extras.h:226:13: note: candidate function not viable: no known conversion from 'sc_fifo<sc_uint<8> >' to 'const unsigned long long' for 2nd argument; 
inline void sc_trace( sc_core::sc_trace_file *tf, const unsigned long long &op, const std::string& n )
            ^
/opt/xilinx/vivado/2018.2/Vivado/2018.2/common/technology/autopilot/ap_sysc/ap_sc_extras.h:187:13: note: candidate template ignored: failed template argument deduction
inline void sc_trace( sc_core::sc_trace_file *tf, const ap_int_base<_AP_W,_AP_S> &op,
            ^
/opt/xilinx/vivado/2018.2/Vivado/2018.2/common/technology/autopilot/ap_sysc/ap_sc_extras.h:192:13: note: candidate template ignored: failed template argument deduction
inline void sc_trace( sc_core::sc_trace_file *tf, const ap_fixed_base<_AP_W,_AP_I,_AP_S,_AP_Q,_AP_O, _AP_N> &op,
            ^
In file included from fractale_hls/src/main.cpp:1:
fractale_hls/src/main.cpp:65:15: error: use of undeclared identifier 'SC_MS'
 sc_start(100,SC_MS);
              ^
fractale_hls/src/main.cpp:69:2: error: use of undeclared identifier 'sc_close_vcd_trace_file'
 sc_close_vcd_trace_file(ma_trace);
 ^
11 errors generated.\n
ERROR: [HLS 200-70] Compilation errors found: Pragma processor failed: In file included from fractale_hls/src/main.cpp:1:
fractale_hls/src/main.cpp:36:2: error: use of undeclared identifier 'sc_clock'
 sc_clock clk("clk",10,SC_NS, 0.5);
 ^
fractale_hls/src/main.cpp:39:13: error: use of undeclared identifier 'clk'
 entree.clk(clk);
            ^
fractale_hls/src/main.cpp:40:18: error: use of undeclared identifier 'clk'
 convergence.clk(clk);
                 ^
fractale_hls/src/main.cpp:41:12: error: use of undeclared identifier 'clk'
 image.clk(clk);
           ^
fractale_hls/src/main.cpp:48:2: error: type 'sc_fifo<sc_uint<8> >' does not provide a call operator
 image.couleur(couleur);
 ^~~~~~~~~~~~~
fractale_hls/src/main.cpp:60:28: error: use of undeclared identifier 'sc_create_vcd_trace_file'
 sc_trace_file* ma_trace = sc_create_vcd_trace_file("trace.vcd");
                           ^
fractale_hls/src/main.cpp:61:21: error: use of undeclared identifier 'clk'
 sc_trace(ma_trace, clk, "signal_clk");
                    ^
fractale_hls/src/main.cpp:62:2: error: no matching function for call to 'sc_trace'
 sc_trace(ma_trace, counter, "counter");
 ^~~~~~~~
/opt/xilinx/vivado/2018.2/Vivado/2018.2/common/technology/autopilot/ap_sysc/ap_sc_extras.h:196:13: note: candidate function not viable: no known conversion from 'sc_fifo<sc_uint<8> >' to 'const bool' for 2nd argument; 
inline void sc_trace( sc_core::sc_trace_file *tf, const bool &op, const std::string& n )
            ^
/opt/xilinx/vivado/2018.2/Vivado/2018.2/common/technology/autopilot/ap_sysc/ap_sc_extras.h:199:13: note: candidate function not viable: no known conversion from 'sc_fifo<sc_uint<8> >' to 'const char' for 2nd argument; 
inline void sc_trace( sc_core::sc_trace_file *tf, const char &op, const std::string& n )
            ^
/opt/xilinx/vivado/2018.2/Vivado/2018.2/common/technology/autopilot/ap_sysc/ap_sc_extras.h:202:13: note: candidate function not viable: no known conversion from 'sc_fifo<sc_uint<8> >' to 'const unsigned char' for 2nd argument; 
inline void sc_trace( sc_core::sc_trace_file *tf, const unsigned char &op, const std::string& n )
            ^
/opt/xilinx/vivado/2018.2/Vivado/2018.2/common/technology/autopilot/ap_sysc/ap_sc_extras.h:205:13: note: candidate function not viable: no known conversion from 'sc_fifo<sc_uint<8> >' to 'const short' for 2nd argument; 
inline void sc_trace( sc_core::sc_trace_file *tf, const short &op, const std::string& n )
            ^
/opt/xilinx/vivado/2018.2/Vivado/2018.2/common/technology/autopilot/ap_sysc/ap_sc_extras.h:208:13: note: candidate function not viable: no known conversion from 'sc_fifo<sc_uint<8> >' to 'const unsigned short' for 2nd argument; 
inline void sc_trace( sc_core::sc_trace_file *tf, const unsigned short &op, const std::string& n )
            ^
/opt/xilinx/vivado/2018.2/Vivado/2018.2/common/technology/autopilot/ap_sysc/ap_sc_extras.h:211:13: note: candidate function not viable: no known conversion from 'sc_fifo<sc_uint<8> >' to 'const int' for 2nd argument; 
inline void sc_trace( sc_core::sc_trace_file *tf, const int &op, const std::string& n )
            ^
/opt/xilinx/vivado/2018.2/Vivado/2018.2/common/technology/autopilot/ap_sysc/ap_sc_extras.h:214:13: note: candidate function not viable: no known conversion from 'sc_fifo<sc_uint<8> >' to 'const unsigned int' for 2nd argument; 
inline void sc_trace( sc_core::sc_trace_file *tf, const unsigned int &op, const std::string& n )
            ^
/opt/xilinx/vivado/2018.2/Vivado/2018.2/common/technology/autopilot/ap_sysc/ap_sc_extras.h:217:13: note: candidate function not viable: no known conversion from 'sc_fifo<sc_uint<8> >' to 'const long' for 2nd argument; 
inline void sc_trace( sc_core::sc_trace_file *tf, const long &op, const std::string& n )
            ^
/opt/xilinx/vivado/2018.2/Vivado/2018.2/common/technology/autopilot/ap_sysc/ap_sc_extras.h:220:13: note: candidate function not viable: no known conversion from 'sc_fifo<sc_uint<8> >' to 'const unsigned long' for 2nd argument; 
inline void sc_trace( sc_core::sc_trace_file *tf, const unsigned long &op, const std::string& n )
            ^
/opt/xilinx/vivado/2018.2/Vivado/2018.2/common/technology/autopilot/ap_sysc/ap_sc_extras.h:223:13: note: candidate function not viable: no known conversion from 'sc_fifo<sc_uint<8> >' to 'const long long' for 2nd argument; 
inline void sc_trace( sc_core::sc_trace_file *tf, const long long &op, const std::string& n )
            ^
/opt/xilinx/vivado/2018.2/Vivado/2018.2/common/technology/autopilot/ap_sysc/ap_sc_extras.h:226:13: note: candidate function not viable: no known conversion from 'sc_fifo<sc_uint<8> >' to 'const unsigned long long' for 2nd argument; 
inline void sc_trace( sc_core::sc_trace_file *tf, const unsigned long long &op, const std::string& n )
            ^
/opt/xilinx/vivado/2018.2/Vivado/2018.2/common/technology/autopilot/ap_sysc/ap_sc_extras.h:187:13: note: candidate template ignored: failed template argument deduction
inline void sc_trace( sc_core::sc_trace_file *tf, const ap_int_base<_AP_W,_AP_S> &op,
            ^
/opt/xilinx/vivado/2018.2/Vivado/2018.2/common/technology/autopilot/ap_sysc/ap_sc_extras.h:192:13: note: candidate template ignored: failed template argument deduction
inline void sc_trace( sc_core::sc_trace_file *tf, const ap_fixed_base<_AP_W,_AP_I,_AP_S,_AP_Q,_AP_O, _AP_N> &op,
            ^
In file included from fractale_hls/src/main.cpp:1:
fractale_hls/src/main.cpp:63:2: error: no matching function for call to 'sc_trace'
 sc_trace(ma_trace, couleur, "couleur");
 ^~~~~~~~
/opt/xilinx/vivado/2018.2/Vivado/2018.2/common/technology/autopilot/ap_sysc/ap_sc_extras.h:196:13: note: candidate function not viable: no known conversion from 'sc_fifo<sc_uint<8> >' to 'const bool' for 2nd argument; 
inline void sc_trace( sc_core::sc_trace_file *tf, const bool &op, const std::string& n )
            ^
/opt/xilinx/vivado/2018.2/Vivado/2018.2/common/technology/autopilot/ap_sysc/ap_sc_extras.h:199:13: note: candidate function not viable: no known conversion from 'sc_fifo<sc_uint<8> >' to 'const char' for 2nd argument; 
inline void sc_trace( sc_core::sc_trace_file *tf, const char &op, const std::string& n )
            ^
/opt/xilinx/vivado/2018.2/Vivado/2018.2/common/technology/autopilot/ap_sysc/ap_sc_extras.h:202:13: note: candidate function not viable: no known conversion from 'sc_fifo<sc_uint<8> >' to 'const unsigned char' for 2nd argument; 
inline void sc_trace( sc_core::sc_trace_file *tf, const unsigned char &op, const std::string& n )
            ^
/opt/xilinx/vivado/2018.2/Vivado/2018.2/common/technology/autopilot/ap_sysc/ap_sc_extras.h:205:13: note: candidate function not viable: no known conversion from 'sc_fifo<sc_uint<8> >' to 'const short' for 2nd argument; 
inline void sc_trace( sc_core::sc_trace_file *tf, const short &op, const std::string& n )
            ^
/opt/xilinx/vivado/2018.2/Vivado/2018.2/common/technology/autopilot/ap_sysc/ap_sc_extras.h:208:13: note: candidate function not viable: no known conversion from 'sc_fifo<sc_uint<8> >' to 'const unsigned short' for 2nd argument; 
inline void sc_trace( sc_core::sc_trace_file *tf, const unsigned short &op, const std::string& n )
            ^
/opt/xilinx/vivado/2018.2/Vivado/2018.2/common/technology/autopilot/ap_sysc/ap_sc_extras.h:211:13: note: candidate function not viable: no known conversion from 'sc_fifo<sc_uint<8> >' to 'const int' for 2nd argument; 
inline void sc_trace( sc_core::sc_trace_file *tf, const int &op, const std::string& n )
            ^
/opt/xilinx/vivado/2018.2/Vivado/2018.2/common/technology/autopilot/ap_sysc/ap_sc_extras.h:214:13: note: candidate function not viable: no known conversion from 'sc_fifo<sc_uint<8> >' to 'const unsigned int' for 2nd argument; 
inline void sc_trace( sc_core::sc_trace_file *tf, const unsigned int &op, const std::string& n )
            ^
/opt/xilinx/vivado/2018.2/Vivado/2018.2/common/technology/autopilot/ap_sysc/ap_sc_extras.h:217:13: note: candidate function not viable: no known conversion from 'sc_fifo<sc_uint<8> >' to 'const long' for 2nd argument; 
inline void sc_trace( sc_core::sc_trace_file *tf, const long &op, const std::string& n )
            ^
/opt/xilinx/vivado/2018.2/Vivado/2018.2/common/technology/autopilot/ap_sysc/ap_sc_extras.h:220:13: note: candidate function not viable: no known conversion from 'sc_fifo<sc_uint<8> >' to 'const unsigned long' for 2nd argument; 
inline void sc_trace( sc_core::sc_trace_file *tf, const unsigned long &op, const std::string& n )
            ^
/opt/xilinx/vivado/2018.2/Vivado/2018.2/common/technology/autopilot/ap_sysc/ap_sc_extras.h:223:13: note: candidate function not viable: no known conversion from 'sc_fifo<sc_uint<8> >' to 'const long long' for 2nd argument; 
inline void sc_trace( sc_core::sc_trace_file *tf, const long long &op, const std::string& n )
            ^
/opt/xilinx/vivado/2018.2/Vivado/2018.2/common/technology/autopilot/ap_sysc/ap_sc_extras.h:226:13: note: candidate function not viable: no known conversion from 'sc_fifo<sc_uint<8> >' to 'const unsigned long long' for 2nd argument; 
inline void sc_trace( sc_core::sc_trace_file *tf, const unsigned long long &op, const std::string& n )
            ^
/opt/xilinx/vivado/2018.2/Vivado/2018.2/common/technology/autopilot/ap_sysc/ap_sc_extras.h:187:13: note: candidate template ignored: failed template argument deduction
inline void sc_trace( sc_core::sc_trace_file *tf, const ap_int_base<_AP_W,_AP_S> &op,
            ^
/opt/xilinx/vivado/2018.2/Vivado/2018.2/common/technology/autopilot/ap_sysc/ap_sc_extras.h:192:13: note: candidate template ignored: failed template argument deduction
inline void sc_trace( sc_core::sc_trace_file *tf, const ap_fixed_base<_AP_W,_AP_I,_AP_S,_AP_Q,_AP_O, _AP_N> &op,
            ^
In file included from fractale_hls/src/main.cpp:1:
fractale_hls/src/main.cpp:65:15: error: use of undeclared identifier 'SC_MS'
 sc_start(100,SC_MS);
              ^
fractale_hls/src/main.cpp:69:2: error: use of undeclared identifier 'sc_close_vcd_trace_file'
 sc_close_vcd_trace_file(ma_trace);
 ^
11 errors generated.
==============================================================
File generated by Vivado(TM) HLS - High-Level Synthesis from C, C++ and SystemC
Version: 2018.2
Copyright (C) 1986-2018 Xilinx, Inc. All Rights Reserved.

==============================================================

==============================================================
File generated by Vivado(TM) HLS - High-Level Synthesis from C, C++ and SystemC
Version: 2018.2
Copyright (C) 1986-2018 Xilinx, Inc. All Rights Reserved.

==============================================================

==============================================================
File generated by Vivado(TM) HLS - High-Level Synthesis from C, C++ and SystemC
Version: 2018.2
Copyright (C) 1986-2018 Xilinx, Inc. All Rights Reserved.

==============================================================

==============================================================
File generated by Vivado(TM) HLS - High-Level Synthesis from C, C++ and SystemC
Version: 2018.2
Copyright (C) 1986-2018 Xilinx, Inc. All Rights Reserved.

==============================================================

==============================================================
File generated by Vivado(TM) HLS - High-Level Synthesis from C, C++ and SystemC
Version: 2018.2
Copyright (C) 1986-2018 Xilinx, Inc. All Rights Reserved.

==============================================================

INFO: [SYN 201-201] Setting up clock 'default' with a period of 10ns.
INFO: [HLS 200-10] Setting target device to 'xc7a100tcsg324-1'
INFO: [HLS 200-10] Analyzing design file 'fractale_hls/src/main.cpp' ... 
ERROR: [HLS 200-70] In file included from fractale_hls/src/main.cpp:4:
fractale_hls/src/convergence.h:21:3: error: static_cast from 'void (convergence::*)(const double, const double)' to 'sc_core::SC_ENTRY_FUNC' (aka 'void (sc_core::sc_process_host::*)()') is not allowed
                SC_CTHREAD(do_convergence,clk.pos());
                ^~~~~~~~~~~~~~~~~~~~~~~~~~~~~~~~~~~~
/opt/xilinx/vivado/2018.2/Vivado/2018.2/lnx64/tools/systemc/include/sysc/kernel/sc_module.h:448:5: note: expanded from macro 'SC_CTHREAD'
    declare_cthread_process( func ## _handle,                                 \
    ^
/opt/xilinx/vivado/2018.2/Vivado/2018.2/lnx64/tools/systemc/include/sysc/kernel/sc_module.h:443:22: note: expanded from macro 'declare_cthread_process'
                     SC_MAKE_FUNC_PTR( host_tag, func ), this, 0 ); \
                     ^
/opt/xilinx/vivado/2018.2/Vivado/2018.2/lnx64/tools/systemc/include/sysc/kernel/sc_process.h:147:9: note: expanded from macro 'SC_MAKE_FUNC_PTR'
        static_cast<sc_core::SC_ENTRY_FUNC>(&callback_tag::func)
        ^~~~~~~~~~~~~~~~~~~~~~~~~~~~~~~~~~~~~~~~~~~~~~~~~~~~~~~~
In file included from fractale_hls/src/main.cpp:5:
fractale_hls/src/image.h:20:3: error: static_cast from 'void (image::*)(double, double, double)' to 'sc_core::SC_ENTRY_FUNC' (aka 'void (sc_core::sc_process_host::*)()') is not allowed
                SC_CTHREAD(do_image,clk.pos());
                ^~~~~~~~~~~~~~~~~~~~~~~~~~~~~~
/opt/xilinx/vivado/2018.2/Vivado/2018.2/lnx64/tools/systemc/include/sysc/kernel/sc_module.h:448:5: note: expanded from macro 'SC_CTHREAD'
    declare_cthread_process( func ## _handle,                                 \
    ^
/opt/xilinx/vivado/2018.2/Vivado/2018.2/lnx64/tools/systemc/include/sysc/kernel/sc_module.h:443:22: note: expanded from macro 'declare_cthread_process'
                     SC_MAKE_FUNC_PTR( host_tag, func ), this, 0 ); \
                     ^
/opt/xilinx/vivado/2018.2/Vivado/2018.2/lnx64/tools/systemc/include/sysc/kernel/sc_process.h:147:9: note: expanded from macro 'SC_MAKE_FUNC_PTR'
        static_cast<sc_core::SC_ENTRY_FUNC>(&callback_tag::func)
        ^~~~~~~~~~~~~~~~~~~~~~~~~~~~~~~~~~~~~~~~~~~~~~~~~~~~~~~~
fractale_hls/src/main.cpp:56:2: error: no matching function for call to object of type 'sc_fifo_out<int>'
        convergence.s_out(counter);
        ^~~~~~~~~~~~~~~~~
/opt/xilinx/vivado/2018.2/Vivado/2018.2/lnx64/tools/systemc/include/sysc/communication/sc_port.h:272:10: note: candidate function not viable: no known conversion from 'sc_fifo<sc_uint<8> >' to 'sc_core::sc_fifo_out_if<int> &' for 1st argument; 
    void operator () ( IF& interface_ )
         ^
/opt/xilinx/vivado/2018.2/Vivado/2018.2/lnx64/tools/systemc/include/sysc/communication/sc_port.h:281:10: note: candidate function not viable: no known conversion from 'sc_fifo<sc_uint<8> >' to 'port_type &' (aka 'sc_port_b<sc_core::sc_fifo_out_if<int> > &') for 1st argument; 
    void operator () ( port_type& parent_ )
         ^
3 errors generated.
==============================================================
File generated by Vivado(TM) HLS - High-Level Synthesis from C, C++ and SystemC
Version: 2018.2
Copyright (C) 1986-2018 Xilinx, Inc. All Rights Reserved.

==============================================================

==============================================================
File generated by Vivado(TM) HLS - High-Level Synthesis from C, C++ and SystemC
Version: 2018.2
Copyright (C) 1986-2018 Xilinx, Inc. All Rights Reserved.

==============================================================

INFO: [SYN 201-201] Setting up clock 'default' with a period of 10ns.
INFO: [HLS 200-10] Setting target device to 'xc7a100tcsg324-1'
INFO: [HLS 200-10] Analyzing design file 'fractale_hls/src/main.cpp' ... 
INFO: [HLS 200-10] Analyzing design file 'fractale_hls/src/image.cpp' ... 
ERROR: [HLS 200-70] fractale_hls/src/image.cpp:11:33: error: use of undeclared identifier 'max_iters'
      float t = (float)i/(float)max_iters;
                                ^
fractale_hls/src/image.cpp:15:7: error: use of undeclared identifier 'colors'; did you mean 'color'?
      colors[i][0] = r;
      ^~~~~~
      color
fractale_hls/src/image.cpp:8:7: note: 'color' declared here
  int color[MAX_IT][3];
      ^
fractale_hls/src/image.cpp:16:7: error: use of undeclared identifier 'colors'; did you mean 'color'?
      colors[i][1] = g;
      ^~~~~~
      color
fractale_hls/src/image.cpp:8:7: note: 'color' declared here
  int color[MAX_IT][3];
      ^
fractale_hls/src/image.cpp:17:7: error: use of undeclared identifier 'colors'; did you mean 'color'?
      colors[i][2] = b;
      ^~~~~~
      color
fractale_hls/src/image.cpp:8:7: note: 'color' declared here
  int color[MAX_IT][3];
      ^
fractale_hls/src/image.cpp:21:27: error: use of undeclared identifier 'counter'
    sc_uint<8> compteur = counter.read();
                          ^
fractale_hls/src/image.cpp:22:5: error: use of undeclared identifier 'couleur'
    couleur.write(color[compteur][0]);
    ^
fractale_hls/src/image.cpp:23:5: error: use of undeclared identifier 'couleur'
    couleur.write(color[compteur][1]);
    ^
fractale_hls/src/image.cpp:24:5: error: use of undeclared identifier 'couleur'
    couleur.write(color[compteur][2]);
    ^
fractale_hls/src/image.cpp:25:5: error: use of undeclared identifier 'addr'
    addr.write(x);
    ^
fractale_hls/src/image.cpp:25:16: error: use of undeclared identifier 'x'
    addr.write(x);
               ^
fractale_hls/src/image.cpp:26:5: error: use of undeclared identifier 'addr'
    addr.write(y);
    ^
fractale_hls/src/image.cpp:26:16: error: use of undeclared identifier 'y'
    addr.write(y);
               ^
12 errors generated.
==============================================================
File generated by Vivado(TM) HLS - High-Level Synthesis from C, C++ and SystemC
Version: 2018.2
Copyright (C) 1986-2018 Xilinx, Inc. All Rights Reserved.

==============================================================

==============================================================
File generated by Vivado(TM) HLS - High-Level Synthesis from C, C++ and SystemC
Version: 2018.2
Copyright (C) 1986-2018 Xilinx, Inc. All Rights Reserved.

==============================================================

==============================================================
File generated by Vivado(TM) HLS - High-Level Synthesis from C, C++ and SystemC
Version: 2018.2
Copyright (C) 1986-2018 Xilinx, Inc. All Rights Reserved.

==============================================================

INFO: [SYN 201-201] Setting up clock 'default' with a period of 10ns.
INFO: [HLS 200-10] Setting target device to 'xc7a100tcsg324-1'
WARNING: [HLS 200-40] Cannot find source file entree.cpp; skipping it.
WARNING: [HLS 200-40] Cannot find source file entree.h; skipping it.
INFO: [HLS 200-10] Analyzing design file 'fractale_hls/src/convergence.cpp' ... 
WARNING: [HLS 200-40] In file included from fractale_hls/src/convergence.cpp:1:
fractale_hls/src/convergence.cpp:10:26: error: use of undeclared identifier 'zoom'; did you mean 'zooom'?
      sc_uint<8> zooom = zoom.read();
                         ^~~~
                         zooom
fractale_hls/src/convergence.cpp:10:18: note: 'zooom' declared here
      sc_uint<8> zooom = zoom.read();
                 ^
fractale_hls/src/convergence.cpp:11:21: error: use of undeclared identifier 'offset_Y'
      float off_Y = offset_Y.read();
                    ^
fractale_hls/src/convergence.cpp:12:21: error: use of undeclared identifier 'offset_X'
      float off_X = offset_X.read();
                    ^
fractale_hls/src/convergence.cpp:32:9: error: use of undeclared identifier 's_out'; did you mean 'sc_out'?
        s_out.write(buff_counter);
        ^~~~~
        sc_out
/opt/xilinx/vivado/2018.2/Vivado/2018.2/common/technology/autopilot/ap_sysc/ap_sc_core.h:430:11: note: 'sc_out' declared here
    class sc_out : public sc_inout<_T> {
          ^
In file included from fractale_hls/src/convergence.cpp:1:
fractale_hls/src/convergence.cpp:32:9: error: cannot refer to class template 'sc_out' without a template argument list
        s_out.write(buff_counter);
        ^
/opt/xilinx/vivado/2018.2/Vivado/2018.2/common/technology/autopilot/ap_sysc/ap_sc_core.h:430:11: note: template is declared here
    class sc_out : public sc_inout<_T> {
          ^
In file included from fractale_hls/src/convergence.cpp:1:
fractale_hls/src/convergence.cpp:33:9: error: use of undeclared identifier 'out_x'
        out_x.write(x);
        ^
fractale_hls/src/convergence.cpp:34:9: error: use of undeclared identifier 'out_y'
        out_y.write(y);
        ^
7 errors generated.\n
ERROR: [HLS 200-70] Compilation errors found: Pragma processor failed: In file included from fractale_hls/src/convergence.cpp:1:
fractale_hls/src/convergence.cpp:10:26: error: use of undeclared identifier 'zoom'; did you mean 'zooom'?
      sc_uint<8> zooom = zoom.read();
                         ^~~~
                         zooom
fractale_hls/src/convergence.cpp:10:18: note: 'zooom' declared here
      sc_uint<8> zooom = zoom.read();
                 ^
fractale_hls/src/convergence.cpp:11:21: error: use of undeclared identifier 'offset_Y'
      float off_Y = offset_Y.read();
                    ^
fractale_hls/src/convergence.cpp:12:21: error: use of undeclared identifier 'offset_X'
      float off_X = offset_X.read();
                    ^
fractale_hls/src/convergence.cpp:32:9: error: use of undeclared identifier 's_out'; did you mean 'sc_out'?
        s_out.write(buff_counter);
        ^~~~~
        sc_out
/opt/xilinx/vivado/2018.2/Vivado/2018.2/common/technology/autopilot/ap_sysc/ap_sc_core.h:430:11: note: 'sc_out' declared here
    class sc_out : public sc_inout<_T> {
          ^
In file included from fractale_hls/src/convergence.cpp:1:
fractale_hls/src/convergence.cpp:32:9: error: cannot refer to class template 'sc_out' without a template argument list
        s_out.write(buff_counter);
        ^
/opt/xilinx/vivado/2018.2/Vivado/2018.2/common/technology/autopilot/ap_sysc/ap_sc_core.h:430:11: note: template is declared here
    class sc_out : public sc_inout<_T> {
          ^
In file included from fractale_hls/src/convergence.cpp:1:
fractale_hls/src/convergence.cpp:33:9: error: use of undeclared identifier 'out_x'
        out_x.write(x);
        ^
fractale_hls/src/convergence.cpp:34:9: error: use of undeclared identifier 'out_y'
        out_y.write(y);
        ^
7 errors generated.
==============================================================
File generated by Vivado(TM) HLS - High-Level Synthesis from C, C++ and SystemC
Version: 2018.2
Copyright (C) 1986-2018 Xilinx, Inc. All Rights Reserved.

==============================================================

INFO: [SYN 201-201] Setting up clock 'default' with a period of 10ns.
INFO: [HLS 200-10] Setting target device to 'xc7a100tcsg324-1'
WARNING: [HLS 200-40] Cannot find source file entree.cpp; skipping it.
WARNING: [HLS 200-40] Cannot find source file entree.h; skipping it.
INFO: [HLS 200-10] Analyzing design file 'fractale_hls/src/convergence.cpp' ... 
WARNING: [HLS 200-40] In file included from fractale_hls/src/convergence.cpp:1:
fractale_hls/src/convergence.cpp:10:26: error: use of undeclared identifier 'zoom'; did you mean 'zooom'?
      sc_uint<8> zooom = zoom.read();
                         ^~~~
                         zooom
fractale_hls/src/convergence.cpp:10:18: note: 'zooom' declared here
      sc_uint<8> zooom = zoom.read();
                 ^
fractale_hls/src/convergence.cpp:11:21: error: use of undeclared identifier 'offset_Y'
      float off_Y = offset_Y.read();
                    ^
fractale_hls/src/convergence.cpp:12:21: error: use of undeclared identifier 'offset_X'
      float off_X = offset_X.read();
                    ^
fractale_hls/src/convergence.cpp:32:9: error: use of undeclared identifier 's_out'; did you mean 'sc_out'?
        s_out.write(buff_counter);
        ^~~~~
        sc_out
/opt/xilinx/vivado/2018.2/Vivado/2018.2/common/technology/autopilot/ap_sysc/ap_sc_core.h:430:11: note: 'sc_out' declared here
    class sc_out : public sc_inout<_T> {
          ^
In file included from fractale_hls/src/convergence.cpp:1:
fractale_hls/src/convergence.cpp:32:9: error: cannot refer to class template 'sc_out' without a template argument list
        s_out.write(buff_counter);
        ^
/opt/xilinx/vivado/2018.2/Vivado/2018.2/common/technology/autopilot/ap_sysc/ap_sc_core.h:430:11: note: template is declared here
    class sc_out : public sc_inout<_T> {
          ^
In file included from fractale_hls/src/convergence.cpp:1:
fractale_hls/src/convergence.cpp:33:9: error: use of undeclared identifier 'out_x'
        out_x.write(x);
        ^
fractale_hls/src/convergence.cpp:34:9: error: use of undeclared identifier 'out_y'
        out_y.write(y);
        ^
7 errors generated.\n
ERROR: [HLS 200-70] Compilation errors found: Pragma processor failed: In file included from fractale_hls/src/convergence.cpp:1:
fractale_hls/src/convergence.cpp:10:26: error: use of undeclared identifier 'zoom'; did you mean 'zooom'?
      sc_uint<8> zooom = zoom.read();
                         ^~~~
                         zooom
fractale_hls/src/convergence.cpp:10:18: note: 'zooom' declared here
      sc_uint<8> zooom = zoom.read();
                 ^
fractale_hls/src/convergence.cpp:11:21: error: use of undeclared identifier 'offset_Y'
      float off_Y = offset_Y.read();
                    ^
fractale_hls/src/convergence.cpp:12:21: error: use of undeclared identifier 'offset_X'
      float off_X = offset_X.read();
                    ^
fractale_hls/src/convergence.cpp:32:9: error: use of undeclared identifier 's_out'; did you mean 'sc_out'?
        s_out.write(buff_counter);
        ^~~~~
        sc_out
/opt/xilinx/vivado/2018.2/Vivado/2018.2/common/technology/autopilot/ap_sysc/ap_sc_core.h:430:11: note: 'sc_out' declared here
    class sc_out : public sc_inout<_T> {
          ^
In file included from fractale_hls/src/convergence.cpp:1:
fractale_hls/src/convergence.cpp:32:9: error: cannot refer to class template 'sc_out' without a template argument list
        s_out.write(buff_counter);
        ^
/opt/xilinx/vivado/2018.2/Vivado/2018.2/common/technology/autopilot/ap_sysc/ap_sc_core.h:430:11: note: template is declared here
    class sc_out : public sc_inout<_T> {
          ^
In file included from fractale_hls/src/convergence.cpp:1:
fractale_hls/src/convergence.cpp:33:9: error: use of undeclared identifier 'out_x'
        out_x.write(x);
        ^
fractale_hls/src/convergence.cpp:34:9: error: use of undeclared identifier 'out_y'
        out_y.write(y);
        ^
7 errors generated.
