#-----------------------------------------------------------
# Vivado v2018.2 (64-bit)
# SW Build 2258646 on Thu Jun 14 20:03:12 MDT 2018
# IP Build 2256618 on Thu Jun 14 22:10:49 MDT 2018
# Start of session at: Tue Jan 28 15:03:18 2020
# Process ID: 7340
# Current directory: P:/mandelbrot_nouveau
# Command line: vivado.exe -gui_launcher_event rodinguilauncherevent5044 P:\mandelbrot_nouveau\mandelbrot_nouveau.xpr
# Log file: P:/mandelbrot_nouveau/vivado.log
# Journal file: P:/mandelbrot_nouveau\vivado.jou
#-----------------------------------------------------------
start_gui
open_project P:/mandelbrot_nouveau/mandelbrot_nouveau.xpr
CRITICAL WARNING: [Project 1-19] Could not find the file 'P:/FRACTALE/fractale/Fractale-It/vivado/Mandelbrot/top_Mandelbrot_tb_behav.wcfg'.
Scanning sources...
Finished scanning sources
INFO: [IP_Flow 19-234] Refreshing IP repositories
INFO: [IP_Flow 19-1700] Loaded user IP repository 'p:/net/e/floupias001/FRACTALE/fractale/Fractale-It/vivado/Mandelbrot/Mandelbrot.cache/ip'.
INFO: [IP_Flow 19-2313] Loaded Vivado IP repository 'C:/Xilinx/Vivado/2018.2/data/ip'.
open_project: Time (s): cpu = 00:00:12 ; elapsed = 00:00:05 . Memory (MB): peak = 857.805 ; gain = 133.641
update_compile_order -fileset sources_1
reset_run synth_1
launch_runs impl_2 -jobs 4
[Tue Jan 28 15:29:50 2020] Launched synth_1...
Run output will be captured here: P:/mandelbrot_nouveau/mandelbrot_nouveau.runs/synth_1/runme.log
[Tue Jan 28 15:29:50 2020] Launched impl_2...
Run output will be captured here: P:/mandelbrot_nouveau/mandelbrot_nouveau.runs/impl_2/runme.log
reset_run synth_1
launch_runs impl_2 -jobs 4
[Tue Jan 28 15:32:38 2020] Launched synth_1...
Run output will be captured here: P:/mandelbrot_nouveau/mandelbrot_nouveau.runs/synth_1/runme.log
[Tue Jan 28 15:32:38 2020] Launched impl_2...
Run output will be captured here: P:/mandelbrot_nouveau/mandelbrot_nouveau.runs/impl_2/runme.log
synth_design -rtl -name rtl_1
Command: synth_design -rtl -name rtl_1
Starting synth_design
Using part: xc7a100tcsg324-1
Top: top_Mandelbrot
---------------------------------------------------------------------------------
Starting RTL Elaboration : Time (s): cpu = 00:00:03 ; elapsed = 00:00:02 . Memory (MB): peak = 1000.570 ; gain = 102.027
---------------------------------------------------------------------------------
INFO: [Synth 8-638] synthesizing module 'top_Mandelbrot' [P:/mandelbrot_nouveau/mandelbrot_nouveau.srcs/sources_1/new/top_Mandelbrot.vhd:73]
INFO: [Synth 8-638] synthesizing module 'Gestionnaire_Horloge' [P:/mandelbrot_nouveau/mandelbrot_nouveau.srcs/sources_1/new/Gestionnaire_Horloge.vhd:31]
INFO: [Synth 8-256] done synthesizing module 'Gestionnaire_Horloge' (1#1) [P:/mandelbrot_nouveau/mandelbrot_nouveau.srcs/sources_1/new/Gestionnaire_Horloge.vhd:31]
INFO: [Synth 8-638] synthesizing module 'push_detector' [P:/mandelbrot_nouveau/mandelbrot_nouveau.srcs/sources_1/new/push_detector.vhd:69]
	Parameter STABILITY_TIME bound to: 10000 - type: integer 
	Parameter CLOCK_FREQUENCY bound to: 100 - type: integer 
	Parameter BURST_ON_HOLD bound to: 1 - type: bool 
	Parameter BURST_PERIOD bound to: 150 - type: integer 
	Parameter TIME_UNTIL_BURST bound to: 750 - type: integer 
INFO: [Synth 8-638] synthesizing module 'debounce' [P:/mandelbrot_nouveau/mandelbrot_nouveau.srcs/sources_1/new/debounce.vhd:25]
	Parameter STABILITY_TIME bound to: 10000 - type: integer 
	Parameter CLOCK_FREQUENCY bound to: 100 - type: integer 
INFO: [Synth 8-256] done synthesizing module 'debounce' (2#1) [P:/mandelbrot_nouveau/mandelbrot_nouveau.srcs/sources_1/new/debounce.vhd:25]
INFO: [Synth 8-256] done synthesizing module 'push_detector' (3#1) [P:/mandelbrot_nouveau/mandelbrot_nouveau.srcs/sources_1/new/push_detector.vhd:69]
INFO: [Synth 8-638] synthesizing module 'push_detector__parameterized0' [P:/mandelbrot_nouveau/mandelbrot_nouveau.srcs/sources_1/new/push_detector.vhd:69]
	Parameter STABILITY_TIME bound to: 10000 - type: integer 
	Parameter CLOCK_FREQUENCY bound to: 100 - type: integer 
	Parameter BURST_ON_HOLD bound to: 0 - type: bool 
	Parameter BURST_PERIOD bound to: 150 - type: integer 
	Parameter TIME_UNTIL_BURST bound to: 750 - type: integer 
INFO: [Synth 8-256] done synthesizing module 'push_detector__parameterized0' (3#1) [P:/mandelbrot_nouveau/mandelbrot_nouveau.srcs/sources_1/new/push_detector.vhd:69]
INFO: [Synth 8-638] synthesizing module 'JSTK' [P:/mandelbrot_nouveau/mandelbrot_nouveau.srcs/sources_1/imports/src/PmodJSTK_Demo.vhd:57]
INFO: [Synth 8-3491] module 'spiCtrl' declared at 'P:/mandelbrot_nouveau/mandelbrot_nouveau.srcs/sources_1/imports/src/spiCtrl.vhd:31' bound to instance 'SPI_Ctrl' of component 'spiCtrl' [P:/mandelbrot_nouveau/mandelbrot_nouveau.srcs/sources_1/imports/src/PmodJSTK_Demo.vhd:123]
INFO: [Synth 8-638] synthesizing module 'spiCtrl' [P:/mandelbrot_nouveau/mandelbrot_nouveau.srcs/sources_1/imports/src/spiCtrl.vhd:44]
INFO: [Synth 8-256] done synthesizing module 'spiCtrl' (4#1) [P:/mandelbrot_nouveau/mandelbrot_nouveau.srcs/sources_1/imports/src/spiCtrl.vhd:44]
INFO: [Synth 8-3491] module 'spiMode0' declared at 'P:/mandelbrot_nouveau/mandelbrot_nouveau.srcs/sources_1/imports/src/spiMode0.vhd:43' bound to instance 'SPI_Int' of component 'spiMode0' [P:/mandelbrot_nouveau/mandelbrot_nouveau.srcs/sources_1/imports/src/PmodJSTK_Demo.vhd:139]
INFO: [Synth 8-638] synthesizing module 'spiMode0' [P:/mandelbrot_nouveau/mandelbrot_nouveau.srcs/sources_1/imports/src/spiMode0.vhd:55]
INFO: [Synth 8-226] default block is never used [P:/mandelbrot_nouveau/mandelbrot_nouveau.srcs/sources_1/imports/src/spiMode0.vhd:215]
INFO: [Synth 8-256] done synthesizing module 'spiMode0' (5#1) [P:/mandelbrot_nouveau/mandelbrot_nouveau.srcs/sources_1/imports/src/spiMode0.vhd:55]
INFO: [Synth 8-256] done synthesizing module 'JSTK' (6#1) [P:/mandelbrot_nouveau/mandelbrot_nouveau.srcs/sources_1/imports/src/PmodJSTK_Demo.vhd:57]
INFO: [Synth 8-638] synthesizing module 'ViewController' [P:/mandelbrot_nouveau/mandelbrot_nouveau.srcs/sources_1/new/ViewController.vhd:30]
WARNING: [Synth 8-6014] Unused sequential element s_zoom_temp_reg was removed.  [P:/mandelbrot_nouveau/mandelbrot_nouveau.srcs/sources_1/new/ViewController.vhd:52]
WARNING: [Synth 8-6014] Unused sequential element offsetplusjoy_x_reg was removed.  [P:/mandelbrot_nouveau/mandelbrot_nouveau.srcs/sources_1/new/ViewController.vhd:95]
WARNING: [Synth 8-6014] Unused sequential element offsetplusjoy_y_reg was removed.  [P:/mandelbrot_nouveau/mandelbrot_nouveau.srcs/sources_1/new/ViewController.vhd:96]
INFO: [Synth 8-256] done synthesizing module 'ViewController' (7#1) [P:/mandelbrot_nouveau/mandelbrot_nouveau.srcs/sources_1/new/ViewController.vhd:30]
ERROR: [Synth 8-549] port width mismatch for port 'offset_x': port width = 24, actual width = 32 [P:/mandelbrot_nouveau/mandelbrot_nouveau.srcs/sources_1/new/top_Mandelbrot.vhd:204]
ERROR: [Synth 8-549] port width mismatch for port 'offset_y': port width = 24, actual width = 32 [P:/mandelbrot_nouveau/mandelbrot_nouveau.srcs/sources_1/new/top_Mandelbrot.vhd:205]
ERROR: [Synth 8-549] port width mismatch for port 'zoom': port width = 24, actual width = 32 [P:/mandelbrot_nouveau/mandelbrot_nouveau.srcs/sources_1/new/top_Mandelbrot.vhd:206]
ERROR: [Synth 8-285] failed synthesizing module 'top_Mandelbrot' [P:/mandelbrot_nouveau/mandelbrot_nouveau.srcs/sources_1/new/top_Mandelbrot.vhd:73]
---------------------------------------------------------------------------------
Finished RTL Elaboration : Time (s): cpu = 00:00:04 ; elapsed = 00:00:03 . Memory (MB): peak = 1044.668 ; gain = 146.125
---------------------------------------------------------------------------------
RTL Elaboration failed
20 Infos, 3 Warnings, 0 Critical Warnings and 5 Errors encountered.
synth_design failed
ERROR: [Vivado_Tcl 4-5] Elaboration failed - please see the console for details
synth_design -rtl -name rtl_1
Command: synth_design -rtl -name rtl_1
Starting synth_design
Using part: xc7a100tcsg324-1
Top: top_Mandelbrot
---------------------------------------------------------------------------------
Starting RTL Elaboration : Time (s): cpu = 00:00:02 ; elapsed = 00:00:02 . Memory (MB): peak = 1044.668 ; gain = 0.000
---------------------------------------------------------------------------------
INFO: [Synth 8-638] synthesizing module 'top_Mandelbrot' [P:/mandelbrot_nouveau/mandelbrot_nouveau.srcs/sources_1/new/top_Mandelbrot.vhd:73]
INFO: [Synth 8-638] synthesizing module 'Gestionnaire_Horloge' [P:/mandelbrot_nouveau/mandelbrot_nouveau.srcs/sources_1/new/Gestionnaire_Horloge.vhd:31]
INFO: [Synth 8-256] done synthesizing module 'Gestionnaire_Horloge' (1#1) [P:/mandelbrot_nouveau/mandelbrot_nouveau.srcs/sources_1/new/Gestionnaire_Horloge.vhd:31]
INFO: [Synth 8-638] synthesizing module 'push_detector' [P:/mandelbrot_nouveau/mandelbrot_nouveau.srcs/sources_1/new/push_detector.vhd:69]
	Parameter STABILITY_TIME bound to: 10000 - type: integer 
	Parameter CLOCK_FREQUENCY bound to: 100 - type: integer 
	Parameter BURST_ON_HOLD bound to: 1 - type: bool 
	Parameter BURST_PERIOD bound to: 150 - type: integer 
	Parameter TIME_UNTIL_BURST bound to: 750 - type: integer 
INFO: [Synth 8-638] synthesizing module 'debounce' [P:/mandelbrot_nouveau/mandelbrot_nouveau.srcs/sources_1/new/debounce.vhd:25]
	Parameter STABILITY_TIME bound to: 10000 - type: integer 
	Parameter CLOCK_FREQUENCY bound to: 100 - type: integer 
INFO: [Synth 8-256] done synthesizing module 'debounce' (2#1) [P:/mandelbrot_nouveau/mandelbrot_nouveau.srcs/sources_1/new/debounce.vhd:25]
INFO: [Synth 8-256] done synthesizing module 'push_detector' (3#1) [P:/mandelbrot_nouveau/mandelbrot_nouveau.srcs/sources_1/new/push_detector.vhd:69]
INFO: [Synth 8-638] synthesizing module 'push_detector__parameterized0' [P:/mandelbrot_nouveau/mandelbrot_nouveau.srcs/sources_1/new/push_detector.vhd:69]
	Parameter STABILITY_TIME bound to: 10000 - type: integer 
	Parameter CLOCK_FREQUENCY bound to: 100 - type: integer 
	Parameter BURST_ON_HOLD bound to: 0 - type: bool 
	Parameter BURST_PERIOD bound to: 150 - type: integer 
	Parameter TIME_UNTIL_BURST bound to: 750 - type: integer 
INFO: [Synth 8-256] done synthesizing module 'push_detector__parameterized0' (3#1) [P:/mandelbrot_nouveau/mandelbrot_nouveau.srcs/sources_1/new/push_detector.vhd:69]
INFO: [Synth 8-638] synthesizing module 'JSTK' [P:/mandelbrot_nouveau/mandelbrot_nouveau.srcs/sources_1/imports/src/PmodJSTK_Demo.vhd:57]
INFO: [Synth 8-3491] module 'spiCtrl' declared at 'P:/mandelbrot_nouveau/mandelbrot_nouveau.srcs/sources_1/imports/src/spiCtrl.vhd:31' bound to instance 'SPI_Ctrl' of component 'spiCtrl' [P:/mandelbrot_nouveau/mandelbrot_nouveau.srcs/sources_1/imports/src/PmodJSTK_Demo.vhd:123]
INFO: [Synth 8-638] synthesizing module 'spiCtrl' [P:/mandelbrot_nouveau/mandelbrot_nouveau.srcs/sources_1/imports/src/spiCtrl.vhd:44]
INFO: [Synth 8-256] done synthesizing module 'spiCtrl' (4#1) [P:/mandelbrot_nouveau/mandelbrot_nouveau.srcs/sources_1/imports/src/spiCtrl.vhd:44]
INFO: [Synth 8-3491] module 'spiMode0' declared at 'P:/mandelbrot_nouveau/mandelbrot_nouveau.srcs/sources_1/imports/src/spiMode0.vhd:43' bound to instance 'SPI_Int' of component 'spiMode0' [P:/mandelbrot_nouveau/mandelbrot_nouveau.srcs/sources_1/imports/src/PmodJSTK_Demo.vhd:139]
INFO: [Synth 8-638] synthesizing module 'spiMode0' [P:/mandelbrot_nouveau/mandelbrot_nouveau.srcs/sources_1/imports/src/spiMode0.vhd:55]
INFO: [Synth 8-226] default block is never used [P:/mandelbrot_nouveau/mandelbrot_nouveau.srcs/sources_1/imports/src/spiMode0.vhd:215]
INFO: [Synth 8-256] done synthesizing module 'spiMode0' (5#1) [P:/mandelbrot_nouveau/mandelbrot_nouveau.srcs/sources_1/imports/src/spiMode0.vhd:55]
INFO: [Synth 8-256] done synthesizing module 'JSTK' (6#1) [P:/mandelbrot_nouveau/mandelbrot_nouveau.srcs/sources_1/imports/src/PmodJSTK_Demo.vhd:57]
INFO: [Synth 8-638] synthesizing module 'ViewController' [P:/mandelbrot_nouveau/mandelbrot_nouveau.srcs/sources_1/new/ViewController.vhd:30]
WARNING: [Synth 8-6014] Unused sequential element s_zoom_temp_reg was removed.  [P:/mandelbrot_nouveau/mandelbrot_nouveau.srcs/sources_1/new/ViewController.vhd:52]
WARNING: [Synth 8-6014] Unused sequential element offsetplusjoy_x_reg was removed.  [P:/mandelbrot_nouveau/mandelbrot_nouveau.srcs/sources_1/new/ViewController.vhd:95]
WARNING: [Synth 8-6014] Unused sequential element offsetplusjoy_y_reg was removed.  [P:/mandelbrot_nouveau/mandelbrot_nouveau.srcs/sources_1/new/ViewController.vhd:96]
INFO: [Synth 8-256] done synthesizing module 'ViewController' (7#1) [P:/mandelbrot_nouveau/mandelbrot_nouveau.srcs/sources_1/new/ViewController.vhd:30]
INFO: [Synth 8-638] synthesizing module 'convergence' [P:/mandelbrot_nouveau/mandelbrot_nouveau.srcs/sources_1/new/convergence.vhd:45]
INFO: [Synth 8-638] synthesizing module 'point' [P:/mandelbrot_nouveau/mandelbrot_nouveau.srcs/sources_1/new/point.vhd:49]
ERROR: [Synth 8-690] width mismatch in assignment; target has 43 bits, source has 35 bits [P:/mandelbrot_nouveau/mandelbrot_nouveau.srcs/sources_1/new/point.vhd:79]
ERROR: [Synth 8-285] failed synthesizing module 'point' [P:/mandelbrot_nouveau/mandelbrot_nouveau.srcs/sources_1/new/point.vhd:49]
ERROR: [Synth 8-285] failed synthesizing module 'convergence' [P:/mandelbrot_nouveau/mandelbrot_nouveau.srcs/sources_1/new/convergence.vhd:45]
ERROR: [Synth 8-285] failed synthesizing module 'top_Mandelbrot' [P:/mandelbrot_nouveau/mandelbrot_nouveau.srcs/sources_1/new/top_Mandelbrot.vhd:73]
---------------------------------------------------------------------------------
Finished RTL Elaboration : Time (s): cpu = 00:00:03 ; elapsed = 00:00:03 . Memory (MB): peak = 1050.285 ; gain = 5.617
---------------------------------------------------------------------------------
RTL Elaboration failed
22 Infos, 3 Warnings, 0 Critical Warnings and 5 Errors encountered.
synth_design failed
ERROR: [Vivado_Tcl 4-5] Elaboration failed - please see the console for details
synth_design -rtl -name rtl_1
Command: synth_design -rtl -name rtl_1
Starting synth_design
Using part: xc7a100tcsg324-1
Top: top_Mandelbrot
---------------------------------------------------------------------------------
Starting RTL Elaboration : Time (s): cpu = 00:00:03 ; elapsed = 00:00:02 . Memory (MB): peak = 1050.285 ; gain = 0.000
---------------------------------------------------------------------------------
INFO: [Synth 8-638] synthesizing module 'top_Mandelbrot' [P:/mandelbrot_nouveau/mandelbrot_nouveau.srcs/sources_1/new/top_Mandelbrot.vhd:73]
INFO: [Synth 8-638] synthesizing module 'Gestionnaire_Horloge' [P:/mandelbrot_nouveau/mandelbrot_nouveau.srcs/sources_1/new/Gestionnaire_Horloge.vhd:31]
INFO: [Synth 8-256] done synthesizing module 'Gestionnaire_Horloge' (1#1) [P:/mandelbrot_nouveau/mandelbrot_nouveau.srcs/sources_1/new/Gestionnaire_Horloge.vhd:31]
INFO: [Synth 8-638] synthesizing module 'push_detector' [P:/mandelbrot_nouveau/mandelbrot_nouveau.srcs/sources_1/new/push_detector.vhd:69]
	Parameter STABILITY_TIME bound to: 10000 - type: integer 
	Parameter CLOCK_FREQUENCY bound to: 100 - type: integer 
	Parameter BURST_ON_HOLD bound to: 1 - type: bool 
	Parameter BURST_PERIOD bound to: 150 - type: integer 
	Parameter TIME_UNTIL_BURST bound to: 750 - type: integer 
INFO: [Synth 8-638] synthesizing module 'debounce' [P:/mandelbrot_nouveau/mandelbrot_nouveau.srcs/sources_1/new/debounce.vhd:25]
	Parameter STABILITY_TIME bound to: 10000 - type: integer 
	Parameter CLOCK_FREQUENCY bound to: 100 - type: integer 
INFO: [Synth 8-256] done synthesizing module 'debounce' (2#1) [P:/mandelbrot_nouveau/mandelbrot_nouveau.srcs/sources_1/new/debounce.vhd:25]
INFO: [Synth 8-256] done synthesizing module 'push_detector' (3#1) [P:/mandelbrot_nouveau/mandelbrot_nouveau.srcs/sources_1/new/push_detector.vhd:69]
INFO: [Synth 8-638] synthesizing module 'push_detector__parameterized0' [P:/mandelbrot_nouveau/mandelbrot_nouveau.srcs/sources_1/new/push_detector.vhd:69]
	Parameter STABILITY_TIME bound to: 10000 - type: integer 
	Parameter CLOCK_FREQUENCY bound to: 100 - type: integer 
	Parameter BURST_ON_HOLD bound to: 0 - type: bool 
	Parameter BURST_PERIOD bound to: 150 - type: integer 
	Parameter TIME_UNTIL_BURST bound to: 750 - type: integer 
INFO: [Synth 8-256] done synthesizing module 'push_detector__parameterized0' (3#1) [P:/mandelbrot_nouveau/mandelbrot_nouveau.srcs/sources_1/new/push_detector.vhd:69]
INFO: [Synth 8-638] synthesizing module 'JSTK' [P:/mandelbrot_nouveau/mandelbrot_nouveau.srcs/sources_1/imports/src/PmodJSTK_Demo.vhd:57]
INFO: [Synth 8-3491] module 'spiCtrl' declared at 'P:/mandelbrot_nouveau/mandelbrot_nouveau.srcs/sources_1/imports/src/spiCtrl.vhd:31' bound to instance 'SPI_Ctrl' of component 'spiCtrl' [P:/mandelbrot_nouveau/mandelbrot_nouveau.srcs/sources_1/imports/src/PmodJSTK_Demo.vhd:123]
INFO: [Synth 8-638] synthesizing module 'spiCtrl' [P:/mandelbrot_nouveau/mandelbrot_nouveau.srcs/sources_1/imports/src/spiCtrl.vhd:44]
INFO: [Synth 8-256] done synthesizing module 'spiCtrl' (4#1) [P:/mandelbrot_nouveau/mandelbrot_nouveau.srcs/sources_1/imports/src/spiCtrl.vhd:44]
INFO: [Synth 8-3491] module 'spiMode0' declared at 'P:/mandelbrot_nouveau/mandelbrot_nouveau.srcs/sources_1/imports/src/spiMode0.vhd:43' bound to instance 'SPI_Int' of component 'spiMode0' [P:/mandelbrot_nouveau/mandelbrot_nouveau.srcs/sources_1/imports/src/PmodJSTK_Demo.vhd:139]
INFO: [Synth 8-638] synthesizing module 'spiMode0' [P:/mandelbrot_nouveau/mandelbrot_nouveau.srcs/sources_1/imports/src/spiMode0.vhd:55]
INFO: [Synth 8-226] default block is never used [P:/mandelbrot_nouveau/mandelbrot_nouveau.srcs/sources_1/imports/src/spiMode0.vhd:215]
INFO: [Synth 8-256] done synthesizing module 'spiMode0' (5#1) [P:/mandelbrot_nouveau/mandelbrot_nouveau.srcs/sources_1/imports/src/spiMode0.vhd:55]
INFO: [Synth 8-256] done synthesizing module 'JSTK' (6#1) [P:/mandelbrot_nouveau/mandelbrot_nouveau.srcs/sources_1/imports/src/PmodJSTK_Demo.vhd:57]
INFO: [Synth 8-638] synthesizing module 'ViewController' [P:/mandelbrot_nouveau/mandelbrot_nouveau.srcs/sources_1/new/ViewController.vhd:30]
WARNING: [Synth 8-6014] Unused sequential element s_zoom_temp_reg was removed.  [P:/mandelbrot_nouveau/mandelbrot_nouveau.srcs/sources_1/new/ViewController.vhd:52]
WARNING: [Synth 8-6014] Unused sequential element offsetplusjoy_x_reg was removed.  [P:/mandelbrot_nouveau/mandelbrot_nouveau.srcs/sources_1/new/ViewController.vhd:95]
WARNING: [Synth 8-6014] Unused sequential element offsetplusjoy_y_reg was removed.  [P:/mandelbrot_nouveau/mandelbrot_nouveau.srcs/sources_1/new/ViewController.vhd:96]
INFO: [Synth 8-256] done synthesizing module 'ViewController' (7#1) [P:/mandelbrot_nouveau/mandelbrot_nouveau.srcs/sources_1/new/ViewController.vhd:30]
INFO: [Synth 8-638] synthesizing module 'convergence' [P:/mandelbrot_nouveau/mandelbrot_nouveau.srcs/sources_1/new/convergence.vhd:45]
INFO: [Synth 8-638] synthesizing module 'point' [P:/mandelbrot_nouveau/mandelbrot_nouveau.srcs/sources_1/new/point.vhd:49]
WARNING: [Synth 8-6014] Unused sequential element tempx_reg was removed.  [P:/mandelbrot_nouveau/mandelbrot_nouveau.srcs/sources_1/new/point.vhd:68]
WARNING: [Synth 8-6014] Unused sequential element tempy_reg was removed.  [P:/mandelbrot_nouveau/mandelbrot_nouveau.srcs/sources_1/new/point.vhd:69]
WARNING: [Synth 8-6014] Unused sequential element addr_temp_reg was removed.  [P:/mandelbrot_nouveau/mandelbrot_nouveau.srcs/sources_1/new/point.vhd:70]
INFO: [Synth 8-256] done synthesizing module 'point' (8#1) [P:/mandelbrot_nouveau/mandelbrot_nouveau.srcs/sources_1/new/point.vhd:49]
INFO: [Synth 8-3491] module 'iteration' declared at 'P:/mandelbrot_nouveau/mandelbrot_nouveau.srcs/sources_1/new/iteration.vhd:34' bound to instance 'ITX' of component 'iteration' [P:/mandelbrot_nouveau/mandelbrot_nouveau.srcs/sources_1/new/convergence.vhd:110]
INFO: [Synth 8-638] synthesizing module 'iteration' [P:/mandelbrot_nouveau/mandelbrot_nouveau.srcs/sources_1/new/iteration.vhd:59]
ERROR: [Synth 8-690] width mismatch in assignment; target has 48 bits, source has 24 bits [P:/mandelbrot_nouveau/mandelbrot_nouveau.srcs/sources_1/new/iteration.vhd:142]
ERROR: [Synth 8-285] failed synthesizing module 'iteration' [P:/mandelbrot_nouveau/mandelbrot_nouveau.srcs/sources_1/new/iteration.vhd:59]
ERROR: [Synth 8-285] failed synthesizing module 'convergence' [P:/mandelbrot_nouveau/mandelbrot_nouveau.srcs/sources_1/new/convergence.vhd:45]
ERROR: [Synth 8-285] failed synthesizing module 'top_Mandelbrot' [P:/mandelbrot_nouveau/mandelbrot_nouveau.srcs/sources_1/new/top_Mandelbrot.vhd:73]
---------------------------------------------------------------------------------
Finished RTL Elaboration : Time (s): cpu = 00:00:04 ; elapsed = 00:00:03 . Memory (MB): peak = 1055.168 ; gain = 4.883
---------------------------------------------------------------------------------
RTL Elaboration failed
25 Infos, 6 Warnings, 0 Critical Warnings and 5 Errors encountered.
synth_design failed
ERROR: [Vivado_Tcl 4-5] Elaboration failed - please see the console for details
synth_design -rtl -name rtl_1
Command: synth_design -rtl -name rtl_1
Starting synth_design
Using part: xc7a100tcsg324-1
Top: top_Mandelbrot
---------------------------------------------------------------------------------
Starting RTL Elaboration : Time (s): cpu = 00:00:02 ; elapsed = 00:00:03 . Memory (MB): peak = 1055.168 ; gain = 0.000
---------------------------------------------------------------------------------
INFO: [Synth 8-638] synthesizing module 'top_Mandelbrot' [P:/mandelbrot_nouveau/mandelbrot_nouveau.srcs/sources_1/new/top_Mandelbrot.vhd:73]
INFO: [Synth 8-638] synthesizing module 'Gestionnaire_Horloge' [P:/mandelbrot_nouveau/mandelbrot_nouveau.srcs/sources_1/new/Gestionnaire_Horloge.vhd:31]
INFO: [Synth 8-256] done synthesizing module 'Gestionnaire_Horloge' (1#1) [P:/mandelbrot_nouveau/mandelbrot_nouveau.srcs/sources_1/new/Gestionnaire_Horloge.vhd:31]
INFO: [Synth 8-638] synthesizing module 'push_detector' [P:/mandelbrot_nouveau/mandelbrot_nouveau.srcs/sources_1/new/push_detector.vhd:69]
	Parameter STABILITY_TIME bound to: 10000 - type: integer 
	Parameter CLOCK_FREQUENCY bound to: 100 - type: integer 
	Parameter BURST_ON_HOLD bound to: 1 - type: bool 
	Parameter BURST_PERIOD bound to: 150 - type: integer 
	Parameter TIME_UNTIL_BURST bound to: 750 - type: integer 
INFO: [Synth 8-638] synthesizing module 'debounce' [P:/mandelbrot_nouveau/mandelbrot_nouveau.srcs/sources_1/new/debounce.vhd:25]
	Parameter STABILITY_TIME bound to: 10000 - type: integer 
	Parameter CLOCK_FREQUENCY bound to: 100 - type: integer 
INFO: [Synth 8-256] done synthesizing module 'debounce' (2#1) [P:/mandelbrot_nouveau/mandelbrot_nouveau.srcs/sources_1/new/debounce.vhd:25]
INFO: [Synth 8-256] done synthesizing module 'push_detector' (3#1) [P:/mandelbrot_nouveau/mandelbrot_nouveau.srcs/sources_1/new/push_detector.vhd:69]
INFO: [Synth 8-638] synthesizing module 'push_detector__parameterized0' [P:/mandelbrot_nouveau/mandelbrot_nouveau.srcs/sources_1/new/push_detector.vhd:69]
	Parameter STABILITY_TIME bound to: 10000 - type: integer 
	Parameter CLOCK_FREQUENCY bound to: 100 - type: integer 
	Parameter BURST_ON_HOLD bound to: 0 - type: bool 
	Parameter BURST_PERIOD bound to: 150 - type: integer 
	Parameter TIME_UNTIL_BURST bound to: 750 - type: integer 
INFO: [Synth 8-256] done synthesizing module 'push_detector__parameterized0' (3#1) [P:/mandelbrot_nouveau/mandelbrot_nouveau.srcs/sources_1/new/push_detector.vhd:69]
INFO: [Synth 8-638] synthesizing module 'JSTK' [P:/mandelbrot_nouveau/mandelbrot_nouveau.srcs/sources_1/imports/src/PmodJSTK_Demo.vhd:57]
INFO: [Synth 8-3491] module 'spiCtrl' declared at 'P:/mandelbrot_nouveau/mandelbrot_nouveau.srcs/sources_1/imports/src/spiCtrl.vhd:31' bound to instance 'SPI_Ctrl' of component 'spiCtrl' [P:/mandelbrot_nouveau/mandelbrot_nouveau.srcs/sources_1/imports/src/PmodJSTK_Demo.vhd:123]
INFO: [Synth 8-638] synthesizing module 'spiCtrl' [P:/mandelbrot_nouveau/mandelbrot_nouveau.srcs/sources_1/imports/src/spiCtrl.vhd:44]
INFO: [Synth 8-256] done synthesizing module 'spiCtrl' (4#1) [P:/mandelbrot_nouveau/mandelbrot_nouveau.srcs/sources_1/imports/src/spiCtrl.vhd:44]
INFO: [Synth 8-3491] module 'spiMode0' declared at 'P:/mandelbrot_nouveau/mandelbrot_nouveau.srcs/sources_1/imports/src/spiMode0.vhd:43' bound to instance 'SPI_Int' of component 'spiMode0' [P:/mandelbrot_nouveau/mandelbrot_nouveau.srcs/sources_1/imports/src/PmodJSTK_Demo.vhd:139]
INFO: [Synth 8-638] synthesizing module 'spiMode0' [P:/mandelbrot_nouveau/mandelbrot_nouveau.srcs/sources_1/imports/src/spiMode0.vhd:55]
INFO: [Synth 8-226] default block is never used [P:/mandelbrot_nouveau/mandelbrot_nouveau.srcs/sources_1/imports/src/spiMode0.vhd:215]
INFO: [Synth 8-256] done synthesizing module 'spiMode0' (5#1) [P:/mandelbrot_nouveau/mandelbrot_nouveau.srcs/sources_1/imports/src/spiMode0.vhd:55]
INFO: [Synth 8-256] done synthesizing module 'JSTK' (6#1) [P:/mandelbrot_nouveau/mandelbrot_nouveau.srcs/sources_1/imports/src/PmodJSTK_Demo.vhd:57]
INFO: [Synth 8-638] synthesizing module 'ViewController' [P:/mandelbrot_nouveau/mandelbrot_nouveau.srcs/sources_1/new/ViewController.vhd:30]
WARNING: [Synth 8-6014] Unused sequential element s_zoom_temp_reg was removed.  [P:/mandelbrot_nouveau/mandelbrot_nouveau.srcs/sources_1/new/ViewController.vhd:52]
WARNING: [Synth 8-6014] Unused sequential element offsetplusjoy_x_reg was removed.  [P:/mandelbrot_nouveau/mandelbrot_nouveau.srcs/sources_1/new/ViewController.vhd:95]
WARNING: [Synth 8-6014] Unused sequential element offsetplusjoy_y_reg was removed.  [P:/mandelbrot_nouveau/mandelbrot_nouveau.srcs/sources_1/new/ViewController.vhd:96]
INFO: [Synth 8-256] done synthesizing module 'ViewController' (7#1) [P:/mandelbrot_nouveau/mandelbrot_nouveau.srcs/sources_1/new/ViewController.vhd:30]
INFO: [Synth 8-638] synthesizing module 'convergence' [P:/mandelbrot_nouveau/mandelbrot_nouveau.srcs/sources_1/new/convergence.vhd:45]
INFO: [Synth 8-638] synthesizing module 'point' [P:/mandelbrot_nouveau/mandelbrot_nouveau.srcs/sources_1/new/point.vhd:49]
WARNING: [Synth 8-6014] Unused sequential element tempx_reg was removed.  [P:/mandelbrot_nouveau/mandelbrot_nouveau.srcs/sources_1/new/point.vhd:68]
WARNING: [Synth 8-6014] Unused sequential element tempy_reg was removed.  [P:/mandelbrot_nouveau/mandelbrot_nouveau.srcs/sources_1/new/point.vhd:69]
WARNING: [Synth 8-6014] Unused sequential element addr_temp_reg was removed.  [P:/mandelbrot_nouveau/mandelbrot_nouveau.srcs/sources_1/new/point.vhd:70]
INFO: [Synth 8-256] done synthesizing module 'point' (8#1) [P:/mandelbrot_nouveau/mandelbrot_nouveau.srcs/sources_1/new/point.vhd:49]
INFO: [Synth 8-3491] module 'iteration' declared at 'P:/mandelbrot_nouveau/mandelbrot_nouveau.srcs/sources_1/new/iteration.vhd:34' bound to instance 'ITX' of component 'iteration' [P:/mandelbrot_nouveau/mandelbrot_nouveau.srcs/sources_1/new/convergence.vhd:110]
INFO: [Synth 8-638] synthesizing module 'iteration' [P:/mandelbrot_nouveau/mandelbrot_nouveau.srcs/sources_1/new/iteration.vhd:59]
WARNING: [Synth 8-6014] Unused sequential element temp_iteration_reg was removed.  [P:/mandelbrot_nouveau/mandelbrot_nouveau.srcs/sources_1/new/iteration.vhd:92]
WARNING: [Synth 8-6014] Unused sequential element r2_64_reg was removed.  [P:/mandelbrot_nouveau/mandelbrot_nouveau.srcs/sources_1/new/iteration.vhd:97]
WARNING: [Synth 8-6014] Unused sequential element r2_reg was removed.  [P:/mandelbrot_nouveau/mandelbrot_nouveau.srcs/sources_1/new/iteration.vhd:99]
WARNING: [Synth 8-6014] Unused sequential element i2_64_reg was removed.  [P:/mandelbrot_nouveau/mandelbrot_nouveau.srcs/sources_1/new/iteration.vhd:104]
WARNING: [Synth 8-6014] Unused sequential element i2_reg was removed.  [P:/mandelbrot_nouveau/mandelbrot_nouveau.srcs/sources_1/new/iteration.vhd:106]
WARNING: [Synth 8-6014] Unused sequential element zreal_zimag_64_reg was removed.  [P:/mandelbrot_nouveau/mandelbrot_nouveau.srcs/sources_1/new/iteration.vhd:111]
WARNING: [Synth 8-6014] Unused sequential element deux_zreal_zimag_reg was removed.  [P:/mandelbrot_nouveau/mandelbrot_nouveau.srcs/sources_1/new/iteration.vhd:113]
WARNING: [Synth 8-6014] Unused sequential element r2plusi2_reg was removed.  [P:/mandelbrot_nouveau/mandelbrot_nouveau.srcs/sources_1/new/iteration.vhd:120]
WARNING: [Synth 8-6014] Unused sequential element s_r2_64_reg was removed.  [P:/mandelbrot_nouveau/mandelbrot_nouveau.srcs/sources_1/new/iteration.vhd:140]
WARNING: [Synth 8-6014] Unused sequential element s_i2_64_reg was removed.  [P:/mandelbrot_nouveau/mandelbrot_nouveau.srcs/sources_1/new/iteration.vhd:141]
WARNING: [Synth 8-6014] Unused sequential element s_r2_reg was removed.  [P:/mandelbrot_nouveau/mandelbrot_nouveau.srcs/sources_1/new/iteration.vhd:142]
WARNING: [Synth 8-6014] Unused sequential element s_i2_reg was removed.  [P:/mandelbrot_nouveau/mandelbrot_nouveau.srcs/sources_1/new/iteration.vhd:143]
WARNING: [Synth 8-6014] Unused sequential element s_zreal_zimag_64_reg was removed.  [P:/mandelbrot_nouveau/mandelbrot_nouveau.srcs/sources_1/new/iteration.vhd:144]
WARNING: [Synth 8-6014] Unused sequential element s_deux_zreal_zimag_reg was removed.  [P:/mandelbrot_nouveau/mandelbrot_nouveau.srcs/sources_1/new/iteration.vhd:145]
WARNING: [Synth 8-6014] Unused sequential element s_temp_iteration_reg was removed.  [P:/mandelbrot_nouveau/mandelbrot_nouveau.srcs/sources_1/new/iteration.vhd:146]
WARNING: [Synth 8-6014] Unused sequential element s_r2plusi2_reg was removed.  [P:/mandelbrot_nouveau/mandelbrot_nouveau.srcs/sources_1/new/iteration.vhd:147]
INFO: [Synth 8-256] done synthesizing module 'iteration' (9#1) [P:/mandelbrot_nouveau/mandelbrot_nouveau.srcs/sources_1/new/iteration.vhd:59]
INFO: [Synth 8-3491] module 'iteration' declared at 'P:/mandelbrot_nouveau/mandelbrot_nouveau.srcs/sources_1/new/iteration.vhd:34' bound to instance 'ITX' of component 'iteration' [P:/mandelbrot_nouveau/mandelbrot_nouveau.srcs/sources_1/new/convergence.vhd:110]
INFO: [Synth 8-3491] module 'iteration' declared at 'P:/mandelbrot_nouveau/mandelbrot_nouveau.srcs/sources_1/new/iteration.vhd:34' bound to instance 'ITX' of component 'iteration' [P:/mandelbrot_nouveau/mandelbrot_nouveau.srcs/sources_1/new/convergence.vhd:110]
INFO: [Synth 8-3491] module 'iteration' declared at 'P:/mandelbrot_nouveau/mandelbrot_nouveau.srcs/sources_1/new/iteration.vhd:34' bound to instance 'ITX' of component 'iteration' [P:/mandelbrot_nouveau/mandelbrot_nouveau.srcs/sources_1/new/convergence.vhd:110]
INFO: [Synth 8-3491] module 'iteration' declared at 'P:/mandelbrot_nouveau/mandelbrot_nouveau.srcs/sources_1/new/iteration.vhd:34' bound to instance 'ITX' of component 'iteration' [P:/mandelbrot_nouveau/mandelbrot_nouveau.srcs/sources_1/new/convergence.vhd:110]
INFO: [Synth 8-3491] module 'iteration' declared at 'P:/mandelbrot_nouveau/mandelbrot_nouveau.srcs/sources_1/new/iteration.vhd:34' bound to instance 'ITX' of component 'iteration' [P:/mandelbrot_nouveau/mandelbrot_nouveau.srcs/sources_1/new/convergence.vhd:110]
INFO: [Synth 8-3491] module 'iteration' declared at 'P:/mandelbrot_nouveau/mandelbrot_nouveau.srcs/sources_1/new/iteration.vhd:34' bound to instance 'ITX' of component 'iteration' [P:/mandelbrot_nouveau/mandelbrot_nouveau.srcs/sources_1/new/convergence.vhd:110]
INFO: [Synth 8-3491] module 'iteration' declared at 'P:/mandelbrot_nouveau/mandelbrot_nouveau.srcs/sources_1/new/iteration.vhd:34' bound to instance 'ITX' of component 'iteration' [P:/mandelbrot_nouveau/mandelbrot_nouveau.srcs/sources_1/new/convergence.vhd:110]
INFO: [Synth 8-3491] module 'iteration' declared at 'P:/mandelbrot_nouveau/mandelbrot_nouveau.srcs/sources_1/new/iteration.vhd:34' bound to instance 'ITX' of component 'iteration' [P:/mandelbrot_nouveau/mandelbrot_nouveau.srcs/sources_1/new/convergence.vhd:110]
INFO: [Synth 8-3491] module 'iteration' declared at 'P:/mandelbrot_nouveau/mandelbrot_nouveau.srcs/sources_1/new/iteration.vhd:34' bound to instance 'ITX' of component 'iteration' [P:/mandelbrot_nouveau/mandelbrot_nouveau.srcs/sources_1/new/convergence.vhd:110]
INFO: [Synth 8-3491] module 'iteration' declared at 'P:/mandelbrot_nouveau/mandelbrot_nouveau.srcs/sources_1/new/iteration.vhd:34' bound to instance 'ITX' of component 'iteration' [P:/mandelbrot_nouveau/mandelbrot_nouveau.srcs/sources_1/new/convergence.vhd:110]
INFO: [Synth 8-3491] module 'iteration' declared at 'P:/mandelbrot_nouveau/mandelbrot_nouveau.srcs/sources_1/new/iteration.vhd:34' bound to instance 'ITX' of component 'iteration' [P:/mandelbrot_nouveau/mandelbrot_nouveau.srcs/sources_1/new/convergence.vhd:110]
INFO: [Synth 8-3491] module 'iteration' declared at 'P:/mandelbrot_nouveau/mandelbrot_nouveau.srcs/sources_1/new/iteration.vhd:34' bound to instance 'ITX' of component 'iteration' [P:/mandelbrot_nouveau/mandelbrot_nouveau.srcs/sources_1/new/convergence.vhd:110]
INFO: [Synth 8-3491] module 'iteration' declared at 'P:/mandelbrot_nouveau/mandelbrot_nouveau.srcs/sources_1/new/iteration.vhd:34' bound to instance 'ITX' of component 'iteration' [P:/mandelbrot_nouveau/mandelbrot_nouveau.srcs/sources_1/new/convergence.vhd:110]
INFO: [Synth 8-3491] module 'iteration' declared at 'P:/mandelbrot_nouveau/mandelbrot_nouveau.srcs/sources_1/new/iteration.vhd:34' bound to instance 'ITX' of component 'iteration' [P:/mandelbrot_nouveau/mandelbrot_nouveau.srcs/sources_1/new/convergence.vhd:110]
INFO: [Synth 8-3491] module 'iteration' declared at 'P:/mandelbrot_nouveau/mandelbrot_nouveau.srcs/sources_1/new/iteration.vhd:34' bound to instance 'ITX' of component 'iteration' [P:/mandelbrot_nouveau/mandelbrot_nouveau.srcs/sources_1/new/convergence.vhd:110]
INFO: [Synth 8-3491] module 'iteration' declared at 'P:/mandelbrot_nouveau/mandelbrot_nouveau.srcs/sources_1/new/iteration.vhd:34' bound to instance 'ITX' of component 'iteration' [P:/mandelbrot_nouveau/mandelbrot_nouveau.srcs/sources_1/new/convergence.vhd:110]
INFO: [Synth 8-3491] module 'iteration' declared at 'P:/mandelbrot_nouveau/mandelbrot_nouveau.srcs/sources_1/new/iteration.vhd:34' bound to instance 'ITX' of component 'iteration' [P:/mandelbrot_nouveau/mandelbrot_nouveau.srcs/sources_1/new/convergence.vhd:110]
INFO: [Synth 8-3491] module 'iteration' declared at 'P:/mandelbrot_nouveau/mandelbrot_nouveau.srcs/sources_1/new/iteration.vhd:34' bound to instance 'ITX' of component 'iteration' [P:/mandelbrot_nouveau/mandelbrot_nouveau.srcs/sources_1/new/convergence.vhd:110]
INFO: [Synth 8-256] done synthesizing module 'convergence' (10#1) [P:/mandelbrot_nouveau/mandelbrot_nouveau.srcs/sources_1/new/convergence.vhd:45]
INFO: [Synth 8-638] synthesizing module 'Affichage_7seg' [P:/mandelbrot_nouveau/mandelbrot_nouveau.srcs/sources_1/new/Affichage_7seg.vhd:35]
INFO: [Synth 8-3491] module 'decodeur_7seg' declared at 'P:/mandelbrot_nouveau/mandelbrot_nouveau.srcs/sources_1/new/decodeur_7seg.vhd:155' bound to instance 'transcodeur_7seg' of component 'decodeur_7seg' [P:/mandelbrot_nouveau/mandelbrot_nouveau.srcs/sources_1/new/Affichage_7seg.vhd:88]
INFO: [Synth 8-638] synthesizing module 'decodeur_7seg' [P:/mandelbrot_nouveau/mandelbrot_nouveau.srcs/sources_1/new/decodeur_7seg.vhd:162]
INFO: [Synth 8-256] done synthesizing module 'decodeur_7seg' (11#1) [P:/mandelbrot_nouveau/mandelbrot_nouveau.srcs/sources_1/new/decodeur_7seg.vhd:162]
INFO: [Synth 8-226] default block is never used [P:/mandelbrot_nouveau/mandelbrot_nouveau.srcs/sources_1/new/Affichage_7seg.vhd:100]
INFO: [Synth 8-256] done synthesizing module 'Affichage_7seg' (12#1) [P:/mandelbrot_nouveau/mandelbrot_nouveau.srcs/sources_1/new/Affichage_7seg.vhd:35]
INFO: [Synth 8-638] synthesizing module 'Affichage_VGA' [P:/mandelbrot_nouveau/mandelbrot_nouveau.srcs/sources_1/new/Affichage_VGA.vhd:42]
	Parameter IMAGE_WIDTH bound to: 640 - type: integer 
	Parameter IMAGE_HEIGHT bound to: 480 - type: integer 
INFO: [Synth 8-638] synthesizing module 'VGA_bitmap_640x480' [P:/mandelbrot_nouveau/mandelbrot_nouveau.srcs/sources_1/new/vga_bitmap_640x480.vhd:43]
	Parameter bit_per_pixel bound to: 8 - type: integer 
	Parameter grayscale bound to: 0 - type: bool 
INFO: [Synth 8-256] done synthesizing module 'VGA_bitmap_640x480' (13#1) [P:/mandelbrot_nouveau/mandelbrot_nouveau.srcs/sources_1/new/vga_bitmap_640x480.vhd:43]
INFO: [Synth 8-256] done synthesizing module 'Affichage_VGA' (14#1) [P:/mandelbrot_nouveau/mandelbrot_nouveau.srcs/sources_1/new/Affichage_VGA.vhd:42]
WARNING: [Synth 8-3848] Net led in module/entity top_Mandelbrot does not have driver. [P:/mandelbrot_nouveau/mandelbrot_nouveau.srcs/sources_1/new/top_Mandelbrot.vhd:61]
WARNING: [Synth 8-3848] Net rgb_17 in module/entity top_Mandelbrot does not have driver. [P:/mandelbrot_nouveau/mandelbrot_nouveau.srcs/sources_1/new/top_Mandelbrot.vhd:62]
WARNING: [Synth 8-3848] Net rgb_16 in module/entity top_Mandelbrot does not have driver. [P:/mandelbrot_nouveau/mandelbrot_nouveau.srcs/sources_1/new/top_Mandelbrot.vhd:63]
INFO: [Synth 8-256] done synthesizing module 'top_Mandelbrot' (15#1) [P:/mandelbrot_nouveau/mandelbrot_nouveau.srcs/sources_1/new/top_Mandelbrot.vhd:73]
WARNING: [Synth 8-3331] design spiMode0 has unconnected port DIN[7]
WARNING: [Synth 8-3331] design spiMode0 has unconnected port DIN[6]
WARNING: [Synth 8-3331] design spiMode0 has unconnected port DIN[5]
WARNING: [Synth 8-3331] design spiMode0 has unconnected port DIN[4]
WARNING: [Synth 8-3331] design spiMode0 has unconnected port DIN[3]
WARNING: [Synth 8-3331] design spiMode0 has unconnected port DIN[2]
WARNING: [Synth 8-3331] design spiMode0 has unconnected port DIN[1]
WARNING: [Synth 8-3331] design spiMode0 has unconnected port DIN[0]
WARNING: [Synth 8-3331] design JSTK has unconnected port clk
WARNING: [Synth 8-3331] design top_Mandelbrot has unconnected port led[15]
WARNING: [Synth 8-3331] design top_Mandelbrot has unconnected port led[14]
WARNING: [Synth 8-3331] design top_Mandelbrot has unconnected port led[13]
WARNING: [Synth 8-3331] design top_Mandelbrot has unconnected port led[12]
WARNING: [Synth 8-3331] design top_Mandelbrot has unconnected port led[11]
WARNING: [Synth 8-3331] design top_Mandelbrot has unconnected port led[10]
WARNING: [Synth 8-3331] design top_Mandelbrot has unconnected port led[9]
WARNING: [Synth 8-3331] design top_Mandelbrot has unconnected port led[8]
WARNING: [Synth 8-3331] design top_Mandelbrot has unconnected port led[7]
WARNING: [Synth 8-3331] design top_Mandelbrot has unconnected port led[6]
WARNING: [Synth 8-3331] design top_Mandelbrot has unconnected port led[5]
WARNING: [Synth 8-3331] design top_Mandelbrot has unconnected port led[4]
WARNING: [Synth 8-3331] design top_Mandelbrot has unconnected port led[3]
WARNING: [Synth 8-3331] design top_Mandelbrot has unconnected port led[2]
WARNING: [Synth 8-3331] design top_Mandelbrot has unconnected port led[1]
WARNING: [Synth 8-3331] design top_Mandelbrot has unconnected port led[0]
WARNING: [Synth 8-3331] design top_Mandelbrot has unconnected port rgb_17[2]
WARNING: [Synth 8-3331] design top_Mandelbrot has unconnected port rgb_17[1]
WARNING: [Synth 8-3331] design top_Mandelbrot has unconnected port rgb_17[0]
WARNING: [Synth 8-3331] design top_Mandelbrot has unconnected port rgb_16[2]
WARNING: [Synth 8-3331] design top_Mandelbrot has unconnected port rgb_16[1]
WARNING: [Synth 8-3331] design top_Mandelbrot has unconnected port rgb_16[0]
WARNING: [Synth 8-3331] design top_Mandelbrot has unconnected port switch[15]
WARNING: [Synth 8-3331] design top_Mandelbrot has unconnected port switch[14]
WARNING: [Synth 8-3331] design top_Mandelbrot has unconnected port switch[13]
WARNING: [Synth 8-3331] design top_Mandelbrot has unconnected port switch[12]
WARNING: [Synth 8-3331] design top_Mandelbrot has unconnected port switch[11]
WARNING: [Synth 8-3331] design top_Mandelbrot has unconnected port switch[10]
WARNING: [Synth 8-3331] design top_Mandelbrot has unconnected port switch[9]
WARNING: [Synth 8-3331] design top_Mandelbrot has unconnected port switch[8]
WARNING: [Synth 8-3331] design top_Mandelbrot has unconnected port switch[7]
WARNING: [Synth 8-3331] design top_Mandelbrot has unconnected port switch[6]
WARNING: [Synth 8-3331] design top_Mandelbrot has unconnected port switch[5]
WARNING: [Synth 8-3331] design top_Mandelbrot has unconnected port switch[4]
WARNING: [Synth 8-3331] design top_Mandelbrot has unconnected port switch[3]
WARNING: [Synth 8-3331] design top_Mandelbrot has unconnected port switch[2]
WARNING: [Synth 8-3331] design top_Mandelbrot has unconnected port switch[1]
WARNING: [Synth 8-3331] design top_Mandelbrot has unconnected port switch[0]
WARNING: [Synth 8-3331] design top_Mandelbrot has unconnected port bouton_gauche
WARNING: [Synth 8-3331] design top_Mandelbrot has unconnected port bouton_droite
---------------------------------------------------------------------------------
Finished RTL Elaboration : Time (s): cpu = 00:00:04 ; elapsed = 00:00:04 . Memory (MB): peak = 1113.520 ; gain = 58.352
---------------------------------------------------------------------------------

Report Check Netlist: 
+------+------------------+-------+---------+-------+------------------+
|      |Item              |Errors |Warnings |Status |Description       |
+------+------------------+-------+---------+-------+------------------+
|1     |multi_driven_nets |      0|        0|Passed |Multi driven nets |
+------+------------------+-------+---------+-------+------------------+
---------------------------------------------------------------------------------
Start Handling Custom Attributes
---------------------------------------------------------------------------------
---------------------------------------------------------------------------------
Finished Handling Custom Attributes : Time (s): cpu = 00:00:04 ; elapsed = 00:00:05 . Memory (MB): peak = 1113.520 ; gain = 58.352
---------------------------------------------------------------------------------
---------------------------------------------------------------------------------
Finished RTL Optimization Phase 1 : Time (s): cpu = 00:00:04 ; elapsed = 00:00:05 . Memory (MB): peak = 1113.520 ; gain = 58.352
---------------------------------------------------------------------------------
INFO: [Device 21-403] Loading part xc7a100tcsg324-1
INFO: [Project 1-570] Preparing netlist for logic optimization
INFO: [Opt 31-141] Inserted 1 OBUFs to IO ports without IO buffers.

Processing XDC Constraints
Initializing timing engine
Parsing XDC File [P:/mandelbrot_nouveau/mandelbrot_nouveau.srcs/constrs_1/new/Nexys4DDR.xdc]
Finished Parsing XDC File [P:/mandelbrot_nouveau/mandelbrot_nouveau.srcs/constrs_1/new/Nexys4DDR.xdc]
Completed Processing XDC Constraints

INFO: [Opt 31-138] Pushed 0 inverter(s) to 0 load pin(s).
INFO: [Project 1-111] Unisim Transformation Summary:
No Unisim elements were transformed.

RTL Elaboration Complete:  : Time (s): cpu = 00:00:21 ; elapsed = 00:00:17 . Memory (MB): peak = 1428.559 ; gain = 373.391
61 Infos, 74 Warnings, 0 Critical Warnings and 0 Errors encountered.
synth_design completed successfully
synth_design: Time (s): cpu = 00:00:21 ; elapsed = 00:00:17 . Memory (MB): peak = 1428.559 ; gain = 373.391
reset_run synth_1
launch_runs synth_1 -jobs 4
[Tue Jan 28 15:36:44 2020] Launched synth_1...
Run output will be captured here: P:/mandelbrot_nouveau/mandelbrot_nouveau.runs/synth_1/runme.log
launch_runs impl_2 -jobs 4
[Tue Jan 28 15:38:30 2020] Launched impl_2...
Run output will be captured here: P:/mandelbrot_nouveau/mandelbrot_nouveau.runs/impl_2/runme.log
open_run synth_1 -name synth_1
Design is defaulting to impl run constrset: constrs_1
Design is defaulting to synth run part: xc7a100tcsg324-1
INFO: [Netlist 29-17] Analyzing 946 Unisim elements for replacement
INFO: [Netlist 29-28] Unisim Transformation completed in 0 CPU seconds
INFO: [Project 1-479] Netlist was created with Vivado 2018.2
INFO: [Project 1-570] Preparing netlist for logic optimization
Parsing XDC File [P:/mandelbrot_nouveau/mandelbrot_nouveau.srcs/constrs_1/new/Nexys4DDR.xdc]
Finished Parsing XDC File [P:/mandelbrot_nouveau/mandelbrot_nouveau.srcs/constrs_1/new/Nexys4DDR.xdc]
INFO: [Opt 31-138] Pushed 0 inverter(s) to 0 load pin(s).
INFO: [Project 1-111] Unisim Transformation Summary:
No Unisim elements were transformed.

open_run: Time (s): cpu = 00:00:08 ; elapsed = 00:00:05 . Memory (MB): peak = 1597.910 ; gain = 165.496
launch_runs impl_2 -to_step write_bitstream -jobs 4
[Tue Jan 28 15:40:17 2020] Launched impl_2...
Run output will be captured here: P:/mandelbrot_nouveau/mandelbrot_nouveau.runs/impl_2/runme.log
open_hw
connect_hw_server
INFO: [Labtools 27-2285] Connecting to hw_server url TCP:localhost:3121
INFO: [Labtools 27-2222] Launching hw_server...
INFO: [Labtools 27-2221] Launch Output:

****** Xilinx hw_server v2018.2
  **** Build date : Jun 14 2018-20:42:52
    ** Copyright 1986-2018 Xilinx, Inc. All Rights Reserved.


open_hw_target
INFO: [Labtoolstcl 44-466] Opening hw_target localhost:3121/xilinx_tcf/Digilent/210292ABF785A
set_property PROGRAM.FILE {P:/mandelbrot_nouveau/mandelbrot_nouveau.runs/impl_2/top_Mandelbrot.bit} [get_hw_devices xc7a100t_0]
current_hw_device [get_hw_devices xc7a100t_0]
refresh_hw_device -update_hw_probes false [lindex [get_hw_devices xc7a100t_0] 0]
INFO: [Labtools 27-1434] Device xc7a100t (JTAG device index = 0) is programmed with a design that has no supported debug core(s) in it.
WARNING: [Labtools 27-3361] The debug hub core was not detected.
Resolution: 
1. Make sure the clock connected to the debug hub (dbg_hub) core is a free running clock and is active.
2. Make sure the BSCAN_SWITCH_USER_MASK device property in Vivado Hardware Manager reflects the user scan chain setting in the design and refresh the device.  To determine the user scan chain setting in the design, open the implemented design and use 'get_property C_USER_SCAN_CHAIN [get_debug_cores dbg_hub]'.
For more details on setting the scan chain property, consult the Vivado Debug and Programming User Guide (UG908).
create_hw_cfgmem -hw_device [lindex [get_hw_devices] 0] -mem_dev [lindex [get_cfgmem_parts {s25fl128sxxxxxx0-spi-x1_x2_x4}] 0]
set_property PROBES.FILE {} [get_hw_devices xc7a100t_0]
set_property FULL_PROBES.FILE {} [get_hw_devices xc7a100t_0]
set_property PROGRAM.FILE {P:/mandelbrot_nouveau/mandelbrot_nouveau.runs/impl_2/top_Mandelbrot.bit} [get_hw_devices xc7a100t_0]
program_hw_devices [get_hw_devices xc7a100t_0]
INFO: [Labtools 27-3164] End of startup status: HIGH
refresh_hw_device [lindex [get_hw_devices xc7a100t_0] 0]
INFO: [Labtools 27-1434] Device xc7a100t (JTAG device index = 0) is programmed with a design that has no supported debug core(s) in it.
WARNING: [Labtools 27-3361] The debug hub core was not detected.
Resolution: 
1. Make sure the clock connected to the debug hub (dbg_hub) core is a free running clock and is active.
2. Make sure the BSCAN_SWITCH_USER_MASK device property in Vivado Hardware Manager reflects the user scan chain setting in the design and refresh the device.  To determine the user scan chain setting in the design, open the implemented design and use 'get_property C_USER_SCAN_CHAIN [get_debug_cores dbg_hub]'.
For more details on setting the scan chain property, consult the Vivado Debug and Programming User Guide (UG908).
reset_run synth_1
launch_runs impl_2 -to_step write_bitstream -jobs 4
WARNING: [Project 1-478] Design 'synth_1' is stale and will not be used when launching 'impl_2'
[Tue Jan 28 15:45:21 2020] Launched synth_1...
Run output will be captured here: P:/mandelbrot_nouveau/mandelbrot_nouveau.runs/synth_1/runme.log
[Tue Jan 28 15:45:21 2020] Launched impl_2...
Run output will be captured here: P:/mandelbrot_nouveau/mandelbrot_nouveau.runs/impl_2/runme.log
WARNING: [filemgmt 56-199] Attempt to get parsing info during refresh. "On-the-fly" syntax checking information may be incorrect. [P:/mandelbrot_nouveau/mandelbrot_nouveau.srcs/sources_1/new/convergence.vhd:]
WARNING: [filemgmt 56-199] Attempt to get parsing info during refresh. "On-the-fly" syntax checking information may be incorrect. [P:/mandelbrot_nouveau/mandelbrot_nouveau.srcs/sources_1/new/iteration.vhd:]
WARNING: [filemgmt 56-199] Attempt to get parsing info during refresh. "On-the-fly" syntax checking information may be incorrect. [P:/mandelbrot_nouveau/mandelbrot_nouveau.srcs/sources_1/new/top_Mandelbrot.vhd:]
WARNING: [filemgmt 56-199] Attempt to get parsing info during refresh. "On-the-fly" syntax checking information may be incorrect. [P:/mandelbrot_nouveau/mandelbrot_nouveau.srcs/sources_1/new/vga_bitmap_640x480.vhd:]
WARNING: [filemgmt 56-199] Attempt to get parsing info during refresh. "On-the-fly" syntax checking information may be incorrect. [P:/mandelbrot_nouveau/mandelbrot_nouveau.srcs/sources_1/new/ViewController.vhd:]
WARNING: [filemgmt 56-199] Attempt to get parsing info during refresh. "On-the-fly" syntax checking information may be incorrect. [P:/mandelbrot_nouveau/mandelbrot_nouveau.srcs/sources_1/new/point.vhd:]
WARNING: [filemgmt 56-199] Attempt to get parsing info during refresh. "On-the-fly" syntax checking information may be incorrect. [P:/mandelbrot_nouveau/mandelbrot_nouveau.srcs/sources_1/new/convergence.vhd:]
WARNING: [filemgmt 56-199] Attempt to get parsing info during refresh. "On-the-fly" syntax checking information may be incorrect. [P:/mandelbrot_nouveau/mandelbrot_nouveau.srcs/sources_1/new/iteration.vhd:]
WARNING: [filemgmt 56-199] Attempt to get parsing info during refresh. "On-the-fly" syntax checking information may be incorrect. [P:/mandelbrot_nouveau/mandelbrot_nouveau.srcs/sources_1/new/top_Mandelbrot.vhd:]
WARNING: [filemgmt 56-199] Attempt to get parsing info during refresh. "On-the-fly" syntax checking information may be incorrect. [P:/mandelbrot_nouveau/mandelbrot_nouveau.srcs/sources_1/new/vga_bitmap_640x480.vhd:]
WARNING: [filemgmt 56-199] Attempt to get parsing info during refresh. "On-the-fly" syntax checking information may be incorrect. [P:/mandelbrot_nouveau/mandelbrot_nouveau.srcs/sources_1/new/ViewController.vhd:]
WARNING: [filemgmt 56-199] Attempt to get parsing info during refresh. "On-the-fly" syntax checking information may be incorrect. [P:/mandelbrot_nouveau/mandelbrot_nouveau.srcs/sources_1/new/point.vhd:]
WARNING: [filemgmt 56-199] Attempt to get parsing info during refresh. "On-the-fly" syntax checking information may be incorrect. [P:/mandelbrot_nouveau/mandelbrot_nouveau.srcs/sources_1/new/convergence.vhd:]
WARNING: [filemgmt 56-199] Attempt to get parsing info during refresh. "On-the-fly" syntax checking information may be incorrect. [P:/mandelbrot_nouveau/mandelbrot_nouveau.srcs/sources_1/new/iteration.vhd:]
WARNING: [filemgmt 56-199] Attempt to get parsing info during refresh. "On-the-fly" syntax checking information may be incorrect. [P:/mandelbrot_nouveau/mandelbrot_nouveau.srcs/sources_1/new/top_Mandelbrot.vhd:]
WARNING: [filemgmt 56-199] Attempt to get parsing info during refresh. "On-the-fly" syntax checking information may be incorrect. [P:/mandelbrot_nouveau/mandelbrot_nouveau.srcs/sources_1/new/vga_bitmap_640x480.vhd:]
WARNING: [filemgmt 56-199] Attempt to get parsing info during refresh. "On-the-fly" syntax checking information may be incorrect. [P:/mandelbrot_nouveau/mandelbrot_nouveau.srcs/sources_1/new/ViewController.vhd:]
WARNING: [filemgmt 56-199] Attempt to get parsing info during refresh. "On-the-fly" syntax checking information may be incorrect. [P:/mandelbrot_nouveau/mandelbrot_nouveau.srcs/sources_1/new/point.vhd:]
WARNING: [filemgmt 56-199] Attempt to get parsing info during refresh. "On-the-fly" syntax checking information may be incorrect. [P:/mandelbrot_nouveau/mandelbrot_nouveau.srcs/sources_1/new/convergence.vhd:]
WARNING: [filemgmt 56-199] Attempt to get parsing info during refresh. "On-the-fly" syntax checking information may be incorrect. [P:/mandelbrot_nouveau/mandelbrot_nouveau.srcs/sources_1/new/iteration.vhd:]
WARNING: [filemgmt 56-199] Attempt to get parsing info during refresh. "On-the-fly" syntax checking information may be incorrect. [P:/mandelbrot_nouveau/mandelbrot_nouveau.srcs/sources_1/new/top_Mandelbrot.vhd:]
WARNING: [filemgmt 56-199] Attempt to get parsing info during refresh. "On-the-fly" syntax checking information may be incorrect. [P:/mandelbrot_nouveau/mandelbrot_nouveau.srcs/sources_1/new/vga_bitmap_640x480.vhd:]
WARNING: [filemgmt 56-199] Attempt to get parsing info during refresh. "On-the-fly" syntax checking information may be incorrect. [P:/mandelbrot_nouveau/mandelbrot_nouveau.srcs/sources_1/new/ViewController.vhd:]
WARNING: [filemgmt 56-199] Attempt to get parsing info during refresh. "On-the-fly" syntax checking information may be incorrect. [P:/mandelbrot_nouveau/mandelbrot_nouveau.srcs/sources_1/new/point.vhd:]
ERROR: [Common 17-180] Spawn failed: No error
WARNING: [filemgmt 56-199] Attempt to get parsing info during refresh. "On-the-fly" syntax checking information may be incorrect. [P:/mandelbrot_nouveau/mandelbrot_nouveau.srcs/sources_1/new/convergence.vhd:]
WARNING: [filemgmt 56-199] Attempt to get parsing info during refresh. "On-the-fly" syntax checking information may be incorrect. [P:/mandelbrot_nouveau/mandelbrot_nouveau.srcs/sources_1/new/iteration.vhd:]
WARNING: [filemgmt 56-199] Attempt to get parsing info during refresh. "On-the-fly" syntax checking information may be incorrect. [P:/mandelbrot_nouveau/mandelbrot_nouveau.srcs/sources_1/new/top_Mandelbrot.vhd:]
WARNING: [filemgmt 56-199] Attempt to get parsing info during refresh. "On-the-fly" syntax checking information may be incorrect. [P:/mandelbrot_nouveau/mandelbrot_nouveau.srcs/sources_1/new/vga_bitmap_640x480.vhd:]
WARNING: [filemgmt 56-199] Attempt to get parsing info during refresh. "On-the-fly" syntax checking information may be incorrect. [P:/mandelbrot_nouveau/mandelbrot_nouveau.srcs/sources_1/new/ViewController.vhd:]
WARNING: [filemgmt 56-199] Attempt to get parsing info during refresh. "On-the-fly" syntax checking information may be incorrect. [P:/mandelbrot_nouveau/mandelbrot_nouveau.srcs/sources_1/new/point.vhd:]
ERROR: [Common 17-180] Spawn failed: No error
config_ip_cache -import_from_project -use_cache_location C:/net/e/floupias001/FRACTALE/fractale/Fractale-It/vivado/Mandelbrot/Mandelbrot.cache/ip
update_ip_catalog
set_property STEPS.SYNTH_DESIGN.ARGS.RETIMING true [get_runs synth_1]
config_ip_cache -import_from_project -use_cache_location C:/net/e/floupias001/FRACTALE/fractale/Fractale-It/vivado/Mandelbrot/Mandelbrot.cache/ip
update_ip_catalog
INFO: [IP_Flow 19-1839] IP Catalog is up to date.
config_ip_cache -import_from_project -use_cache_location C:/net/e/floupias001/FRACTALE/fractale/Fractale-It/vivado/Mandelbrot/Mandelbrot.cache/ip
update_ip_catalog
INFO: [IP_Flow 19-1839] IP Catalog is up to date.
reset_run synth_1
update_compile_order -fileset sources_1
update_compile_order -fileset sources_1
launch_runs impl_2 -to_step write_bitstream -jobs 4
WARNING: [Project 1-478] Design 'synth_1' is stale and will not be used when launching 'impl_2'
[Tue Jan 28 16:13:46 2020] Launched synth_1...
Run output will be captured here: P:/mandelbrot_nouveau/mandelbrot_nouveau.runs/synth_1/runme.log
[Tue Jan 28 16:13:46 2020] Launched impl_2...
Run output will be captured here: P:/mandelbrot_nouveau/mandelbrot_nouveau.runs/impl_2/runme.log
reset_run synth_1
launch_runs impl_2 -to_step write_bitstream -jobs 4
WARNING: [Project 1-478] Design 'synth_1' is stale and will not be used when launching 'impl_2'
[Tue Jan 28 16:32:36 2020] Launched synth_1...
Run output will be captured here: P:/mandelbrot_nouveau/mandelbrot_nouveau.runs/synth_1/runme.log
[Tue Jan 28 16:32:36 2020] Launched impl_2...
Run output will be captured here: P:/mandelbrot_nouveau/mandelbrot_nouveau.runs/impl_2/runme.log
reset_run synth_1
launch_runs impl_2 -to_step write_bitstream -jobs 4
WARNING: [Project 1-478] Design 'synth_1' is stale and will not be used when launching 'impl_2'
[Tue Jan 28 16:38:58 2020] Launched synth_1...
Run output will be captured here: P:/mandelbrot_nouveau/mandelbrot_nouveau.runs/synth_1/runme.log
[Tue Jan 28 16:38:58 2020] Launched impl_2...
Run output will be captured here: P:/mandelbrot_nouveau/mandelbrot_nouveau.runs/impl_2/runme.log
set_property PROBES.FILE {} [get_hw_devices xc7a100t_0]
set_property FULL_PROBES.FILE {} [get_hw_devices xc7a100t_0]
set_property PROGRAM.FILE {P:/mandelbrot_nouveau/mandelbrot_nouveau.runs/impl_2/top_Mandelbrot.bit} [get_hw_devices xc7a100t_0]
program_hw_devices [get_hw_devices xc7a100t_0]
INFO: [Labtools 27-3164] End of startup status: HIGH
refresh_hw_device [lindex [get_hw_devices xc7a100t_0] 0]
INFO: [Labtools 27-1434] Device xc7a100t (JTAG device index = 0) is programmed with a design that has no supported debug core(s) in it.
WARNING: [Labtools 27-3361] The debug hub core was not detected.
Resolution: 
1. Make sure the clock connected to the debug hub (dbg_hub) core is a free running clock and is active.
2. Make sure the BSCAN_SWITCH_USER_MASK device property in Vivado Hardware Manager reflects the user scan chain setting in the design and refresh the device.  To determine the user scan chain setting in the design, open the implemented design and use 'get_property C_USER_SCAN_CHAIN [get_debug_cores dbg_hub]'.
For more details on setting the scan chain property, consult the Vivado Debug and Programming User Guide (UG908).
set_property strategy Performance_Retiming [get_runs impl_2]
config_ip_cache -import_from_project -use_cache_location C:/net/e/floupias001/FRACTALE/fractale/Fractale-It/vivado/Mandelbrot/Mandelbrot.cache/ip
update_ip_catalog
INFO: [IP_Flow 19-1839] IP Catalog is up to date.
config_ip_cache -import_from_project -use_cache_location C:/net/e/floupias001/FRACTALE/fractale/Fractale-It/vivado/Mandelbrot/Mandelbrot.cache/ip
update_ip_catalog
INFO: [IP_Flow 19-1839] IP Catalog is up to date.
reset_run impl_2
launch_runs impl_2 -jobs 4
WARNING: [Project 1-478] Design 'synth_1' is stale and will not be used when launching 'impl_2'
[Tue Jan 28 16:46:02 2020] Launched impl_2...
Run output will be captured here: P:/mandelbrot_nouveau/mandelbrot_nouveau.runs/impl_2/runme.log
reset_run synth_1
launch_runs impl_2 -to_step write_bitstream -jobs 4
WARNING: [Project 1-478] Design 'synth_1' is stale and will not be used when launching 'impl_2'
[Tue Jan 28 16:52:37 2020] Launched synth_1...
Run output will be captured here: P:/mandelbrot_nouveau/mandelbrot_nouveau.runs/synth_1/runme.log
[Tue Jan 28 16:52:37 2020] Launched impl_2...
Run output will be captured here: P:/mandelbrot_nouveau/mandelbrot_nouveau.runs/impl_2/runme.log
reset_run synth_1
launch_runs impl_2 -to_step write_bitstream -jobs 4
WARNING: [Project 1-478] Design 'synth_1' is stale and will not be used when launching 'impl_2'
[Tue Jan 28 16:54:25 2020] Launched synth_1...
Run output will be captured here: P:/mandelbrot_nouveau/mandelbrot_nouveau.runs/synth_1/runme.log
[Tue Jan 28 16:54:25 2020] Launched impl_2...
Run output will be captured here: P:/mandelbrot_nouveau/mandelbrot_nouveau.runs/impl_2/runme.log
set_property PROBES.FILE {} [get_hw_devices xc7a100t_0]
set_property FULL_PROBES.FILE {} [get_hw_devices xc7a100t_0]
set_property PROGRAM.FILE {P:/mandelbrot_nouveau/mandelbrot_nouveau.runs/impl_2/top_Mandelbrot.bit} [get_hw_devices xc7a100t_0]
program_hw_devices [get_hw_devices xc7a100t_0]
INFO: [Labtools 27-3164] End of startup status: HIGH
refresh_hw_device [lindex [get_hw_devices xc7a100t_0] 0]
INFO: [Labtools 27-1434] Device xc7a100t (JTAG device index = 0) is programmed with a design that has no supported debug core(s) in it.
WARNING: [Labtools 27-3361] The debug hub core was not detected.
Resolution: 
1. Make sure the clock connected to the debug hub (dbg_hub) core is a free running clock and is active.
2. Make sure the BSCAN_SWITCH_USER_MASK device property in Vivado Hardware Manager reflects the user scan chain setting in the design and refresh the device.  To determine the user scan chain setting in the design, open the implemented design and use 'get_property C_USER_SCAN_CHAIN [get_debug_cores dbg_hub]'.
For more details on setting the scan chain property, consult the Vivado Debug and Programming User Guide (UG908).
open_run impl_2
INFO: [Netlist 29-17] Analyzing 946 Unisim elements for replacement
INFO: [Netlist 29-28] Unisim Transformation completed in 0 CPU seconds
INFO: [Project 1-479] Netlist was created with Vivado 2018.2
INFO: [Project 1-570] Preparing netlist for logic optimization
INFO: [Timing 38-478] Restoring timing data from binary archive.
INFO: [Timing 38-479] Binary timing data restore complete.
INFO: [Project 1-856] Restoring constraints from binary archive.
INFO: [Project 1-853] Binary constraint restore complete.
Reading XDEF placement.
Reading placer database...
Reading XDEF routing.
Read XDEF File: Time (s): cpu = 00:00:01 ; elapsed = 00:00:02 . Memory (MB): peak = 3100.789 ; gain = 2.617
Restored from archive | CPU: 1.000000 secs | Memory: 0.000000 MB |
Finished XDEF File Restore: Time (s): cpu = 00:00:01 ; elapsed = 00:00:02 . Memory (MB): peak = 3100.789 ; gain = 2.617
INFO: [Project 1-111] Unisim Transformation Summary:
No Unisim elements were transformed.

open_run: Time (s): cpu = 00:00:17 ; elapsed = 00:00:08 . Memory (MB): peak = 3178.043 ; gain = 299.434
CRITICAL WARNING: [Timing 38-282] The design failed to meet the timing requirements. Please see the timing summary report for details on the timing violations.
report_timing_summary -delay_type min_max -report_unconstrained -check_timing_verbose -max_paths 10 -input_pins -routable_nets -name timing_1
INFO: [Timing 38-91] UpdateTimingParams: Speed grade: -1, Delay Type: min_max.
INFO: [Timing 38-191] Multithreading enabled for timing update using a maximum of 2 CPUs
reset_run synth_1
launch_runs impl_2 -to_step write_bitstream -jobs 4
WARNING: [Project 1-478] Design 'synth_1' is stale and will not be used when launching 'impl_2'
[Tue Jan 28 17:12:52 2020] Launched synth_1...
Run output will be captured here: P:/mandelbrot_nouveau/mandelbrot_nouveau.runs/synth_1/runme.log
[Tue Jan 28 17:12:52 2020] Launched impl_2...
Run output will be captured here: P:/mandelbrot_nouveau/mandelbrot_nouveau.runs/impl_2/runme.log
set_property PROBES.FILE {} [get_hw_devices xc7a100t_0]
set_property FULL_PROBES.FILE {} [get_hw_devices xc7a100t_0]
set_property PROGRAM.FILE {P:/mandelbrot_nouveau/mandelbrot_nouveau.runs/impl_2/top_Mandelbrot.bit} [get_hw_devices xc7a100t_0]
program_hw_devices [get_hw_devices xc7a100t_0]
INFO: [Labtools 27-3164] End of startup status: HIGH
refresh_hw_device [lindex [get_hw_devices xc7a100t_0] 0]
INFO: [Labtools 27-1434] Device xc7a100t (JTAG device index = 0) is programmed with a design that has no supported debug core(s) in it.
WARNING: [Labtools 27-3361] The debug hub core was not detected.
Resolution: 
1. Make sure the clock connected to the debug hub (dbg_hub) core is a free running clock and is active.
2. Make sure the BSCAN_SWITCH_USER_MASK device property in Vivado Hardware Manager reflects the user scan chain setting in the design and refresh the device.  To determine the user scan chain setting in the design, open the implemented design and use 'get_property C_USER_SCAN_CHAIN [get_debug_cores dbg_hub]'.
For more details on setting the scan chain property, consult the Vivado Debug and Programming User Guide (UG908).
reset_run synth_1
launch_runs impl_2 -to_step write_bitstream -jobs 4
WARNING: [Project 1-478] Design 'synth_1' is stale and will not be used when launching 'impl_2'
[Tue Jan 28 17:26:14 2020] Launched synth_1...
Run output will be captured here: P:/mandelbrot_nouveau/mandelbrot_nouveau.runs/synth_1/runme.log
[Tue Jan 28 17:26:15 2020] Launched impl_2...
Run output will be captured here: P:/mandelbrot_nouveau/mandelbrot_nouveau.runs/impl_2/runme.log
set_property PROBES.FILE {} [get_hw_devices xc7a100t_0]
set_property FULL_PROBES.FILE {} [get_hw_devices xc7a100t_0]
set_property PROGRAM.FILE {P:/mandelbrot_nouveau/mandelbrot_nouveau.runs/impl_2/top_Mandelbrot.bit} [get_hw_devices xc7a100t_0]
program_hw_devices [get_hw_devices xc7a100t_0]
INFO: [Labtools 27-3164] End of startup status: HIGH
refresh_hw_device [lindex [get_hw_devices xc7a100t_0] 0]
INFO: [Labtools 27-1434] Device xc7a100t (JTAG device index = 0) is programmed with a design that has no supported debug core(s) in it.
WARNING: [Labtools 27-3361] The debug hub core was not detected.
Resolution: 
1. Make sure the clock connected to the debug hub (dbg_hub) core is a free running clock and is active.
2. Make sure the BSCAN_SWITCH_USER_MASK device property in Vivado Hardware Manager reflects the user scan chain setting in the design and refresh the device.  To determine the user scan chain setting in the design, open the implemented design and use 'get_property C_USER_SCAN_CHAIN [get_debug_cores dbg_hub]'.
For more details on setting the scan chain property, consult the Vivado Debug and Programming User Guide (UG908).
close_design
close_design: Time (s): cpu = 00:00:07 ; elapsed = 00:00:05 . Memory (MB): peak = 3292.707 ; gain = 0.000
open_run impl_2
INFO: [Netlist 29-17] Analyzing 1126 Unisim elements for replacement
INFO: [Netlist 29-28] Unisim Transformation completed in 0 CPU seconds
INFO: [Project 1-479] Netlist was created with Vivado 2018.2
INFO: [Project 1-570] Preparing netlist for logic optimization
INFO: [Timing 38-478] Restoring timing data from binary archive.
INFO: [Timing 38-479] Binary timing data restore complete.
INFO: [Project 1-856] Restoring constraints from binary archive.
INFO: [Project 1-853] Binary constraint restore complete.
Reading XDEF placement.
Reading placer database...
Reading XDEF routing.
Read XDEF File: Time (s): cpu = 00:00:02 ; elapsed = 00:00:02 . Memory (MB): peak = 3311.164 ; gain = 0.000
Restored from archive | CPU: 2.000000 secs | Memory: 0.000000 MB |
Finished XDEF File Restore: Time (s): cpu = 00:00:02 ; elapsed = 00:00:02 . Memory (MB): peak = 3311.164 ; gain = 0.000
INFO: [Project 1-111] Unisim Transformation Summary:
No Unisim elements were transformed.

open_run: Time (s): cpu = 00:00:13 ; elapsed = 00:00:09 . Memory (MB): peak = 3313.926 ; gain = 21.219
CRITICAL WARNING: [Timing 38-282] The design failed to meet the timing requirements. Please see the timing summary report for details on the timing violations.
report_timing_summary -delay_type min_max -report_unconstrained -check_timing_verbose -max_paths 10 -input_pins -routable_nets -name timing_1
INFO: [Timing 38-91] UpdateTimingParams: Speed grade: -1, Delay Type: min_max.
INFO: [Timing 38-191] Multithreading enabled for timing update using a maximum of 2 CPUs
report_timing_summary: Time (s): cpu = 00:00:10 ; elapsed = 00:00:05 . Memory (MB): peak = 3375.609 ; gain = 0.000
exit
