#-----------------------------------------------------------
# Vivado v2015.2 (64-bit)
# SW Build 1266856 on Fri Jun 26 16:35:25 MDT 2015
# IP Build 1264090 on Wed Jun 24 14:22:01 MDT 2015
# Start of session at: Wed Jan 15 18:02:06 2020
# Process ID: 2212
# Log file: H:/mandelbrot_nouveau/vivado.log
# Journal file: H:/mandelbrot_nouveau\vivado.jou
#-----------------------------------------------------------
start_gui
open_project H:/mandelbrot_nouveau/mandelbrot_nouveau.xpr
INFO: [Project 1-313] Project file moved from 'C:/Users/floupias001/Desktop/mandelbrot_nouveau' since last save.
Scanning sources...
Finished scanning sources
INFO: [IP_Flow 19-234] Refreshing IP repositories
INFO: [IP_Flow 19-1700] Loaded user IP repository 'h:/FRACTALE/fractale/Fractale-It/vivado/Mandelbrot/Mandelbrot.cache/ip'.
INFO: [IP_Flow 19-2313] Loaded Vivado IP repository 'C:/Xilinx/Vivado/2015.2/data/ip'.
ERROR: [Common 17-662] Can't find app 'xcelium' in either loaded or repo catalog
ERROR: [Common 17-662] Can't find app 'xcelium' in either loaded or repo catalog
update_compile_order -fileset sources_1
update_compile_order -fileset sim_1
update_compile_order -fileset sim_1
exit
INFO: [Common 17-206] Exiting Vivado at Wed Jan 15 18:04:04 2020...
