INFO: [VRFC 10-163] Analyzing VHDL file "C:/Users/floupias001/Desktop/mandelbrot_nouveau/mandelbrot_nouveau.srcs/sources_1/new/decodeur_7seg.vhd" into library xil_defaultlib
INFO: [VRFC 10-307] analyzing entity decodeur_7seg
INFO: [VRFC 10-163] Analyzing VHDL file "C:/Users/floupias001/Desktop/mandelbrot_nouveau/mandelbrot_nouveau.srcs/sources_1/new/vga_bitmap_640x480.vhd" into library xil_defaultlib
INFO: [VRFC 10-307] analyzing entity VGA_bitmap_640x480
INFO: [VRFC 10-163] Analyzing VHDL file "H:/FRACTALE/fractale/convergence/convergence/convergence.srcs/sources_1/new/couleur.vhd" into library xil_defaultlib
INFO: [VRFC 10-307] analyzing entity couleur
INFO: [VRFC 10-163] Analyzing VHDL file "C:/Users/floupias001/Desktop/mandelbrot_nouveau/mandelbrot_nouveau.srcs/sources_1/new/debounce.vhd" into library xil_defaultlib
INFO: [VRFC 10-307] analyzing entity debounce
INFO: [VRFC 10-163] Analyzing VHDL file "H:/FRACTALE/fractale/convergence/convergence/convergence.srcs/sources_1/new/iteration.vhd" into library xil_defaultlib
INFO: [VRFC 10-307] analyzing entity iteration
INFO: [VRFC 10-163] Analyzing VHDL file "H:/FRACTALE/fractale/convergence/convergence/convergence.srcs/sources_1/new/point.vhd" into library xil_defaultlib
INFO: [VRFC 10-307] analyzing entity point
INFO: [VRFC 10-163] Analyzing VHDL file "C:/Users/floupias001/Desktop/mandelbrot_nouveau/mandelbrot_nouveau.srcs/sources_1/imports/src/spiCtrl.vhd" into library xil_defaultlib
INFO: [VRFC 10-307] analyzing entity spiCtrl
INFO: [VRFC 10-163] Analyzing VHDL file "C:/Users/floupias001/Desktop/mandelbrot_nouveau/mandelbrot_nouveau.srcs/sources_1/imports/src/spiMode0.vhd" into library xil_defaultlib
INFO: [VRFC 10-307] analyzing entity spiMode0
INFO: [VRFC 10-163] Analyzing VHDL file "C:/Users/floupias001/Desktop/mandelbrot_nouveau/mandelbrot_nouveau.srcs/sources_1/new/Affichage_7seg.vhd" into library xil_defaultlib
INFO: [VRFC 10-307] analyzing entity Affichage_7seg
INFO: [VRFC 10-163] Analyzing VHDL file "C:/Users/floupias001/Desktop/mandelbrot_nouveau/mandelbrot_nouveau.srcs/sources_1/new/Affichage_VGA.vhd" into library xil_defaultlib
INFO: [VRFC 10-307] analyzing entity Affichage_VGA
INFO: [VRFC 10-163] Analyzing VHDL file "C:/Users/floupias001/Desktop/mandelbrot_nouveau/mandelbrot_nouveau.srcs/sources_1/new/Gestionnaire_Horloge.vhd" into library xil_defaultlib
INFO: [VRFC 10-307] analyzing entity Gestionnaire_Horloge
INFO: [VRFC 10-163] Analyzing VHDL file "C:/Users/floupias001/Desktop/mandelbrot_nouveau/mandelbrot_nouveau.srcs/sources_1/imports/src/PmodJSTK_Demo.vhd" into library xil_defaultlib
INFO: [VRFC 10-307] analyzing entity JSTK
INFO: [VRFC 10-163] Analyzing VHDL file "C:/Users/floupias001/Desktop/mandelbrot_nouveau/mandelbrot_nouveau.srcs/sources_1/new/ViewController.vhd" into library xil_defaultlib
INFO: [VRFC 10-307] analyzing entity ViewController
INFO: [VRFC 10-163] Analyzing VHDL file "H:/FRACTALE/fractale/convergence/convergence/convergence.srcs/sources_1/new/convergence.vhd" into library xil_defaultlib
INFO: [VRFC 10-307] analyzing entity convergence
INFO: [VRFC 10-163] Analyzing VHDL file "C:/Users/floupias001/Desktop/mandelbrot_nouveau/mandelbrot_nouveau.srcs/sources_1/new/push_detector.vhd" into library xil_defaultlib
INFO: [VRFC 10-307] analyzing entity push_detector
INFO: [VRFC 10-163] Analyzing VHDL file "C:/Users/floupias001/Desktop/mandelbrot_nouveau/mandelbrot_nouveau.srcs/sources_1/new/top_Mandelbrot.vhd" into library xil_defaultlib
INFO: [VRFC 10-307] analyzing entity top_Mandelbrot
INFO: [VRFC 10-163] Analyzing VHDL file "C:/Users/floupias001/Desktop/mandelbrot_nouveau/mandelbrot_nouveau.srcs/sim_1/new/fullTest.vhd" into library xil_defaultlib
INFO: [VRFC 10-307] analyzing entity top_Mandelbrot_tb
