Vivado Simulator 2015.2
Copyright 1986-1999, 2001-2015 Xilinx, Inc. All Rights Reserved.
Running: C:/Xilinx/Vivado/2015.2/bin/unwrapped/win64.o/xelab.exe -wto dd7aa73214ae4eda9ffc513e7a1aaaa3 --debug typical --relax --mt 2 -L xil_defaultlib -L secureip --snapshot top_Mandelbrot_tb_behav xil_defaultlib.top_Mandelbrot_tb -log elaborate.log 
Using 2 slave threads.
Starting static elaboration
Completed static elaboration
Starting simulation data flow analysis
Completed simulation data flow analysis
Time Resolution for simulation is 1ps
Compiling package std.standard
Compiling package ieee.std_logic_1164
Compiling package ieee.numeric_std
Compiling package ieee.std_logic_arith
Compiling package ieee.std_logic_unsigned
Compiling package unisim.vcomponents
Compiling package xil_defaultlib.char7seg
Compiling architecture behavioral of entity xil_defaultlib.Gestionnaire_Horloge [gestionnaire_horloge_default]
Compiling architecture logic of entity xil_defaultlib.debounce [\debounce(10000,100)\]
Compiling architecture behavioral of entity xil_defaultlib.push_detector [\push_detector(10000,100,true,15...]
Compiling architecture behavioral of entity xil_defaultlib.push_detector [\push_detector(10000,100,false,1...]
Compiling architecture behavioral of entity xil_defaultlib.spiCtrl [spictrl_default]
Compiling architecture behavioral of entity xil_defaultlib.spiMode0 [spimode0_default]
Compiling architecture behavioral of entity xil_defaultlib.JSTK [jstk_default]
Compiling architecture behavioral of entity xil_defaultlib.ViewController [viewcontroller_default]
Compiling architecture behavioral of entity xil_defaultlib.point [point_default]
Compiling architecture behavioral of entity xil_defaultlib.couleur [couleur_default]
Compiling architecture behavioral of entity xil_defaultlib.iteration [iteration_default]
Compiling architecture behavioral of entity xil_defaultlib.convergence [convergence_default]
Compiling architecture behavioral of entity xil_defaultlib.decodeur_7seg [decodeur_7seg_default]
Compiling architecture behavioral of entity xil_defaultlib.Affichage_7seg [affichage_7seg_default]
Compiling architecture behavioral of entity xil_defaultlib.VGA_bitmap_640x480 [\VGA_bitmap_640x480(8,false)\]
Compiling architecture behavioral of entity xil_defaultlib.Affichage_VGA [affichage_vga_default]
Compiling architecture top_level of entity xil_defaultlib.top_Mandelbrot [top_mandelbrot_default]
Compiling architecture bench of entity xil_defaultlib.top_mandelbrot_tb
Waiting for 1 sub-compilation(s) to finish...
Built simulation snapshot top_Mandelbrot_tb_behav
