Vivado Simulator 2018.2
Copyright 1986-1999, 2001-2018 Xilinx, Inc. All Rights Reserved.
Running: /opt/xilinx/vivado/2018.2/Vivado/2018.2/bin/unwrapped/lnx64.o/xelab -wto e9dd3fc5a9764d6791bc41a453485ec8 --incr --debug typical --relax --mt 8 -L xil_defaultlib -L secureip --snapshot top_Mandelbrot_tb_behav xil_defaultlib.top_Mandelbrot_tb -log elaborate.log 
Using 8 slave threads.
WARNING: [XSIM 43-3431] One or more environment variables have been detected which affect the operation of the C compiler. These are typically not set in standard installations and are not tested by Xilinx, however they may be appropriate for your system, so the flow will attempt to continue.  If errors occur, try running xelab with the "-mt off -v 1" switches to see more information from the C compiler. The following environment variables have been detected:
Starting static elaboration
Completed static elaboration
Starting simulation data flow analysis
Completed simulation data flow analysis
Time Resolution for simulation is 1ps
Compiling package std.standard
Compiling package std.textio
Compiling package ieee.std_logic_1164
Compiling package ieee.numeric_std
Compiling package ieee.std_logic_arith
Compiling package ieee.std_logic_unsigned
Compiling package unisim.vcomponents
Compiling package xil_defaultlib.char7seg
Compiling architecture behavioral of entity xil_defaultlib.Gestionnaire_Horloge [gestionnaire_horloge_default]
Compiling architecture logic of entity xil_defaultlib.debounce [debounce_default]
Compiling architecture behavioral of entity xil_defaultlib.push_detector [\push_detector(burst_on_hold=tru...]
Compiling architecture behavioral of entity xil_defaultlib.push_detector [push_detector_default]
Compiling architecture behavioral of entity xil_defaultlib.spiCtrl [spictrl_default]
Compiling architecture behavioral of entity xil_defaultlib.spiMode0 [spimode0_default]
Compiling architecture behavioral of entity xil_defaultlib.JSTK [jstk_default]
Compiling architecture behavioral of entity xil_defaultlib.ViewController [viewcontroller_default]
Compiling architecture behavioral of entity xil_defaultlib.point [point_default]
Compiling architecture behavioral of entity xil_defaultlib.couleur [couleur_default]
Compiling architecture behavioral of entity xil_defaultlib.iteration [iteration_default]
Compiling architecture behavioral of entity xil_defaultlib.convergence [convergence_default]
Compiling architecture behavioral of entity xil_defaultlib.decodeur_7seg [decodeur_7seg_default]
Compiling architecture behavioral of entity xil_defaultlib.Affichage_7seg [affichage_7seg_default]
Compiling architecture behavioral of entity xil_defaultlib.VGA_bitmap_640x480 [\VGA_bitmap_640x480(bit_per_pixe...]
Compiling architecture behavioral of entity xil_defaultlib.Affichage_VGA [affichage_vga_default]
Compiling architecture top_level of entity xil_defaultlib.top_Mandelbrot [top_mandelbrot_default]
Compiling architecture bench of entity xil_defaultlib.top_mandelbrot_tb
Built simulation snapshot top_Mandelbrot_tb_behav
