#-----------------------------------------------------------
# Vivado v2018.2 (64-bit)
# SW Build 2258646 on Thu Jun 14 20:03:12 MDT 2018
# IP Build 2256618 on Thu Jun 14 22:10:49 MDT 2018
# Start of session at: Fri Jan 10 11:33:14 2020
# Process ID: 13152
# Current directory: P:/Fractal-It-master/Fractal-It-master/VHDL/Mandelbrot
# Command line: vivado.exe -gui_launcher_event rodinguilauncherevent3068 P:\Fractal-It-master\Fractal-It-master\VHDL\Mandelbrot\Mandelbrot.xpr
# Log file: P:/Fractal-It-master/Fractal-It-master/VHDL/Mandelbrot/vivado.log
# Journal file: P:/Fractal-It-master/Fractal-It-master/VHDL/Mandelbrot\vivado.jou
#-----------------------------------------------------------
start_gui
open_project P:/Fractal-It-master/Fractal-It-master/VHDL/Mandelbrot/Mandelbrot.xpr
Scanning sources...
Finished scanning sources
INFO: [IP_Flow 19-234] Refreshing IP repositories
INFO: [IP_Flow 19-1704] No user IP repositories specified
INFO: [IP_Flow 19-2313] Loaded Vivado IP repository 'C:/Xilinx/Vivado/2018.2/data/ip'.
open_project: Time (s): cpu = 00:00:14 ; elapsed = 00:00:06 . Memory (MB): peak = 865.129 ; gain = 143.102
update_compile_order -fileset sources_1
